This file contains any messages produced by compilers while
running configure, to aid debugging if configure makes a mistake.

It was created by gsiot configure 0.1, which was
generated by GNU Autoconf 2.69.  Invocation command line was

  $ /home/chen/projects/gsiot/configure --enable-maintainer-mode CFLAGS=-g -O0 CXXFLAGS=-g -O0 JFLAGS=-g -O0 FFLAGS=-g -O0 --no-create --no-recursion

## --------- ##
## Platform. ##
## --------- ##

hostname = chen-X450CC
uname -m = i686
uname -r = 3.16.0-30-generic
uname -s = Linux
uname -v = #40~14.04.1-Ubuntu SMP Thu Jan 15 17:45:15 UTC 2015

/usr/bin/uname -p = unknown
/bin/uname -X     = unknown

/bin/arch              = unknown
/usr/bin/arch -k       = unknown
/usr/convex/getsysinfo = unknown
/usr/bin/hostinfo      = unknown
/bin/machine           = unknown
/usr/bin/oslevel       = unknown
/bin/universe          = unknown

PATH: /usr/local/sbin
PATH: /usr/local/bin
PATH: /usr/sbin
PATH: /usr/bin
PATH: /sbin
PATH: /bin
PATH: /usr/games
PATH: /usr/local/games
PATH: /home/chen/jdk/bin
PATH: /home/chen/jdk/jre/bin
PATH: /home/chen/tomcat/bin
PATH: /opt/mysql/bin
PATH: /opt/mysql/lib


## ----------- ##
## Core tests. ##
## ----------- ##

configure:2457: checking for a BSD-compatible install
configure:2525: result: /usr/bin/install -c
configure:2536: checking whether build environment is sane
configure:2591: result: yes
configure:2742: checking for a thread-safe mkdir -p
configure:2781: result: /bin/mkdir -p
configure:2788: checking for gawk
configure:2804: found /usr/bin/gawk
configure:2815: result: gawk
configure:2826: checking whether make sets $(MAKE)
configure:2848: result: yes
configure:2877: checking whether make supports nested variables
configure:2894: result: yes
configure:3031: checking whether make supports nested variables
configure:3048: result: yes
configure:3118: checking for g++
configure:3134: found /usr/bin/g++
configure:3145: result: g++
configure:3172: checking for C++ compiler version
configure:3181: g++ --version >&5
g++ (Ubuntu 4.8.4-2ubuntu1~14.04) 4.8.4
Copyright (C) 2013 Free Software Foundation, Inc.
This is free software; see the source for copying conditions.  There is NO
warranty; not even for MERCHANTABILITY or FITNESS FOR A PARTICULAR PURPOSE.

configure:3192: $? = 0
configure:3181: g++ -v >&5
Using built-in specs.
COLLECT_GCC=g++
COLLECT_LTO_WRAPPER=/usr/lib/gcc/i686-linux-gnu/4.8/lto-wrapper
Target: i686-linux-gnu
Configured with: ../src/configure -v --with-pkgversion='Ubuntu 4.8.4-2ubuntu1~14.04' --with-bugurl=file:///usr/share/doc/gcc-4.8/README.Bugs --enable-languages=c,c++,java,go,d,fortran,objc,obj-c++ --prefix=/usr --program-suffix=-4.8 --enable-shared --enable-linker-build-id --libexecdir=/usr/lib --without-included-gettext --enable-threads=posix --with-gxx-include-dir=/usr/include/c++/4.8 --libdir=/usr/lib --enable-nls --with-sysroot=/ --enable-clocale=gnu --enable-libstdcxx-debug --enable-libstdcxx-time=yes --enable-gnu-unique-object --disable-libmudflap --enable-plugin --with-system-zlib --disable-browser-plugin --enable-java-awt=gtk --enable-gtk-cairo --with-java-home=/usr/lib/jvm/java-1.5.0-gcj-4.8-i386/jre --enable-java-home --with-jvm-root-dir=/usr/lib/jvm/java-1.5.0-gcj-4.8-i386 --with-jvm-jar-dir=/usr/lib/jvm-exports/java-1.5.0-gcj-4.8-i386 --with-arch-directory=i386 --with-ecj-jar=/usr/share/java/eclipse-ecj.jar --enable-objc-gc --enable-targets=all --enable-multiarch --disable-werror --with-arch-32=i686 --with-multilib-list=m32,m64,mx32 --with-tune=generic --enable-checking=release --build=i686-linux-gnu --host=i686-linux-gnu --target=i686-linux-gnu
Thread model: posix
gcc version 4.8.4 (Ubuntu 4.8.4-2ubuntu1~14.04) 
configure:3192: $? = 0
configure:3181: g++ -V >&5
g++: error: unrecognized command line option '-V'
g++: fatal error: no input files
compilation terminated.
configure:3192: $? = 4
configure:3181: g++ -qversion >&5
g++: error: unrecognized command line option '-qversion'
g++: fatal error: no input files
compilation terminated.
configure:3192: $? = 4
configure:3212: checking whether the C++ compiler works
configure:3234: g++ -g -O0   conftest.cpp  >&5
configure:3238: $? = 0
configure:3286: result: yes
configure:3289: checking for C++ compiler default output file name
configure:3291: result: a.out
configure:3297: checking for suffix of executables
configure:3304: g++ -o conftest -g -O0   conftest.cpp  >&5
configure:3308: $? = 0
configure:3330: result: 
configure:3352: checking whether we are cross compiling
configure:3360: g++ -o conftest -g -O0   conftest.cpp  >&5
configure:3364: $? = 0
configure:3371: ./conftest
configure:3375: $? = 0
configure:3390: result: no
configure:3395: checking for suffix of object files
configure:3417: g++ -c -g -O0  conftest.cpp >&5
configure:3421: $? = 0
configure:3442: result: o
configure:3446: checking whether we are using the GNU C++ compiler
configure:3465: g++ -c -g -O0  conftest.cpp >&5
configure:3465: $? = 0
configure:3474: result: yes
configure:3483: checking whether g++ accepts -g
configure:3503: g++ -c -g  conftest.cpp >&5
configure:3503: $? = 0
configure:3544: result: yes
configure:3578: checking for style of include used by make
configure:3606: result: GNU
configure:3632: checking dependency style of g++
configure:3743: result: gcc3
configure:3763: checking whether NLS is requested
configure:3772: result: yes
configure:3824: checking for gcc
configure:3840: found /usr/bin/gcc
configure:3851: result: gcc
configure:4080: checking for C compiler version
configure:4089: gcc --version >&5
gcc (Ubuntu 4.8.4-2ubuntu1~14.04) 4.8.4
Copyright (C) 2013 Free Software Foundation, Inc.
This is free software; see the source for copying conditions.  There is NO
warranty; not even for MERCHANTABILITY or FITNESS FOR A PARTICULAR PURPOSE.

configure:4100: $? = 0
configure:4089: gcc -v >&5
Using built-in specs.
COLLECT_GCC=gcc
COLLECT_LTO_WRAPPER=/usr/lib/gcc/i686-linux-gnu/4.8/lto-wrapper
Target: i686-linux-gnu
Configured with: ../src/configure -v --with-pkgversion='Ubuntu 4.8.4-2ubuntu1~14.04' --with-bugurl=file:///usr/share/doc/gcc-4.8/README.Bugs --enable-languages=c,c++,java,go,d,fortran,objc,obj-c++ --prefix=/usr --program-suffix=-4.8 --enable-shared --enable-linker-build-id --libexecdir=/usr/lib --without-included-gettext --enable-threads=posix --with-gxx-include-dir=/usr/include/c++/4.8 --libdir=/usr/lib --enable-nls --with-sysroot=/ --enable-clocale=gnu --enable-libstdcxx-debug --enable-libstdcxx-time=yes --enable-gnu-unique-object --disable-libmudflap --enable-plugin --with-system-zlib --disable-browser-plugin --enable-java-awt=gtk --enable-gtk-cairo --with-java-home=/usr/lib/jvm/java-1.5.0-gcj-4.8-i386/jre --enable-java-home --with-jvm-root-dir=/usr/lib/jvm/java-1.5.0-gcj-4.8-i386 --with-jvm-jar-dir=/usr/lib/jvm-exports/java-1.5.0-gcj-4.8-i386 --with-arch-directory=i386 --with-ecj-jar=/usr/share/java/eclipse-ecj.jar --enable-objc-gc --enable-targets=all --enable-multiarch --disable-werror --with-arch-32=i686 --with-multilib-list=m32,m64,mx32 --with-tune=generic --enable-checking=release --build=i686-linux-gnu --host=i686-linux-gnu --target=i686-linux-gnu
Thread model: posix
gcc version 4.8.4 (Ubuntu 4.8.4-2ubuntu1~14.04) 
configure:4100: $? = 0
configure:4089: gcc -V >&5
gcc: error: unrecognized command line option '-V'
gcc: fatal error: no input files
compilation terminated.
configure:4100: $? = 4
configure:4089: gcc -qversion >&5
gcc: error: unrecognized command line option '-qversion'
gcc: fatal error: no input files
compilation terminated.
configure:4100: $? = 4
configure:4104: checking whether we are using the GNU C compiler
configure:4123: gcc -c -g -O0  conftest.c >&5
configure:4123: $? = 0
configure:4132: result: yes
configure:4141: checking whether gcc accepts -g
configure:4161: gcc -c -g  conftest.c >&5
configure:4161: $? = 0
configure:4202: result: yes
configure:4219: checking for gcc option to accept ISO C89
configure:4282: gcc  -c -g -O0  conftest.c >&5
configure:4282: $? = 0
configure:4295: result: none needed
configure:4320: checking whether gcc understands -c and -o together
configure:4342: gcc -c conftest.c -o conftest2.o
configure:4345: $? = 0
configure:4342: gcc -c conftest.c -o conftest2.o
configure:4345: $? = 0
configure:4357: result: yes
configure:4376: checking dependency style of gcc
configure:4487: result: gcc3
configure:4517: checking for intltool >= 0.35.0
configure:4519: result: 0.50.2 found
configure:4527: checking for intltool-update
configure:4545: found /usr/bin/intltool-update
configure:4557: result: /usr/bin/intltool-update
configure:4567: checking for intltool-merge
configure:4585: found /usr/bin/intltool-merge
configure:4597: result: /usr/bin/intltool-merge
configure:4607: checking for intltool-extract
configure:4625: found /usr/bin/intltool-extract
configure:4637: result: /usr/bin/intltool-extract
configure:4791: checking for xgettext
configure:4809: found /usr/bin/xgettext
configure:4821: result: /usr/bin/xgettext
configure:4831: checking for msgmerge
configure:4849: found /usr/bin/msgmerge
configure:4861: result: /usr/bin/msgmerge
configure:4871: checking for msgfmt
configure:4889: found /usr/bin/msgfmt
configure:4901: result: /usr/bin/msgfmt
configure:4911: checking for gmsgfmt
configure:4942: result: /usr/bin/msgfmt
configure:4962: checking for perl
configure:4980: found /usr/bin/perl
configure:4992: result: /usr/bin/perl
configure:5003: checking for perl >= 5.8.1
configure:5010: result: 5.18.2
configure:5014: checking for XML::Parser
configure:5017: result: ok
configure:5042: gcc -o conftest -g -O0   conftest.c  >&5
configure:5042: $? = 0
configure:5081: checking how to run the C preprocessor
configure:5112: gcc -E  conftest.c
configure:5112: $? = 0
configure:5126: gcc -E  conftest.c
conftest.c:12:28: fatal error: ac_nonexistent.h: No such file or directory
 #include <ac_nonexistent.h>
                            ^
compilation terminated.
configure:5126: $? = 1
configure: failed program was:
| /* confdefs.h */
| #define PACKAGE_NAME "gsiot"
| #define PACKAGE_TARNAME "gsiot"
| #define PACKAGE_VERSION "0.1"
| #define PACKAGE_STRING "gsiot 0.1"
| #define PACKAGE_BUGREPORT ""
| #define PACKAGE_URL ""
| #define PACKAGE "gsiot"
| #define VERSION "0.1"
| #define GETTEXT_PACKAGE "gsiot"
| /* end confdefs.h.  */
| #include <ac_nonexistent.h>
configure:5151: result: gcc -E
configure:5171: gcc -E  conftest.c
configure:5171: $? = 0
configure:5185: gcc -E  conftest.c
conftest.c:12:28: fatal error: ac_nonexistent.h: No such file or directory
 #include <ac_nonexistent.h>
                            ^
compilation terminated.
configure:5185: $? = 1
configure: failed program was:
| /* confdefs.h */
| #define PACKAGE_NAME "gsiot"
| #define PACKAGE_TARNAME "gsiot"
| #define PACKAGE_VERSION "0.1"
| #define PACKAGE_STRING "gsiot 0.1"
| #define PACKAGE_BUGREPORT ""
| #define PACKAGE_URL ""
| #define PACKAGE "gsiot"
| #define VERSION "0.1"
| #define GETTEXT_PACKAGE "gsiot"
| /* end confdefs.h.  */
| #include <ac_nonexistent.h>
configure:5214: checking for grep that handles long lines and -e
configure:5272: result: /bin/grep
configure:5277: checking for egrep
configure:5339: result: /bin/grep -E
configure:5344: checking for ANSI C header files
configure:5364: gcc -c -g -O0  conftest.c >&5
configure:5364: $? = 0
configure:5437: gcc -o conftest -g -O0   conftest.c  >&5
configure:5437: $? = 0
configure:5437: ./conftest
configure:5437: $? = 0
configure:5448: result: yes
configure:5461: checking for sys/types.h
configure:5461: gcc -c -g -O0  conftest.c >&5
configure:5461: $? = 0
configure:5461: result: yes
configure:5461: checking for sys/stat.h
configure:5461: gcc -c -g -O0  conftest.c >&5
configure:5461: $? = 0
configure:5461: result: yes
configure:5461: checking for stdlib.h
configure:5461: gcc -c -g -O0  conftest.c >&5
configure:5461: $? = 0
configure:5461: result: yes
configure:5461: checking for string.h
configure:5461: gcc -c -g -O0  conftest.c >&5
configure:5461: $? = 0
configure:5461: result: yes
configure:5461: checking for memory.h
configure:5461: gcc -c -g -O0  conftest.c >&5
configure:5461: $? = 0
configure:5461: result: yes
configure:5461: checking for strings.h
configure:5461: gcc -c -g -O0  conftest.c >&5
configure:5461: $? = 0
configure:5461: result: yes
configure:5461: checking for inttypes.h
configure:5461: gcc -c -g -O0  conftest.c >&5
configure:5461: $? = 0
configure:5461: result: yes
configure:5461: checking for stdint.h
configure:5461: gcc -c -g -O0  conftest.c >&5
configure:5461: $? = 0
configure:5461: result: yes
configure:5461: checking for unistd.h
configure:5461: gcc -c -g -O0  conftest.c >&5
configure:5461: $? = 0
configure:5461: result: yes
configure:5476: checking locale.h usability
configure:5476: gcc -c -g -O0  conftest.c >&5
configure:5476: $? = 0
configure:5476: result: yes
configure:5476: checking locale.h presence
configure:5476: gcc -E  conftest.c
configure:5476: $? = 0
configure:5476: result: yes
configure:5476: checking for locale.h
configure:5476: result: yes
configure:5487: checking for LC_MESSAGES
configure:5503: gcc -o conftest -g -O0   conftest.c  >&5
configure:5503: $? = 0
configure:5511: result: yes
configure:5528: checking libintl.h usability
configure:5528: gcc -c -g -O0  conftest.c >&5
configure:5528: $? = 0
configure:5528: result: yes
configure:5528: checking libintl.h presence
configure:5528: gcc -E  conftest.c
configure:5528: $? = 0
configure:5528: result: yes
configure:5528: checking for libintl.h
configure:5528: result: yes
configure:5536: checking for ngettext in libc
configure:5554: gcc -o conftest -g -O0   conftest.c  >&5
configure:5554: $? = 0
configure:5563: result: yes
configure:5567: checking for dgettext in libc
configure:5585: gcc -o conftest -g -O0   conftest.c  >&5
configure:5585: $? = 0
configure:5594: result: yes
configure:5601: checking for bind_textdomain_codeset
configure:5601: gcc -o conftest -g -O0   conftest.c  >&5
configure:5601: $? = 0
configure:5601: result: yes
configure:5877: checking for msgfmt
configure:5904: result: /usr/bin/msgfmt
configure:5915: checking for dcgettext
configure:5915: gcc -o conftest -g -O0   conftest.c   >&5
conftest.c:49:6: warning: conflicting types for built-in function 'dcgettext' [enabled by default]
 char dcgettext ();
      ^
configure:5915: $? = 0
configure:5915: result: yes
configure:5925: checking if msgfmt accepts -c
configure:5940: $MSGFMT -c -o /dev/null conftest.foo
conftest.foo:3: warning: header field 'Language' missing in header
configure:5943: $? = 0
configure:5945: result: yes
configure:5955: checking for gmsgfmt
configure:5986: result: /usr/bin/msgfmt
configure:5996: checking for xgettext
configure:6023: result: /usr/bin/xgettext
configure:6042: gcc -o conftest -g -O0   conftest.c   >&5
configure:6042: $? = 0
configure:6215: checking build system type
configure:6229: result: i686-pc-linux-gnu
configure:6249: checking host system type
configure:6262: result: i686-pc-linux-gnu
configure:6303: checking how to print strings
configure:6330: result: printf
configure:6351: checking for a sed that does not truncate output
configure:6415: result: /bin/sed
configure:6433: checking for fgrep
configure:6495: result: /bin/grep -F
configure:6530: checking for ld used by gcc
configure:6597: result: /usr/bin/ld
configure:6604: checking if the linker (/usr/bin/ld) is GNU ld
configure:6619: result: yes
configure:6631: checking for BSD- or MS-compatible name lister (nm)
configure:6680: result: /usr/bin/nm -B
configure:6810: checking the name lister (/usr/bin/nm -B) interface
configure:6817: gcc -c -g -O0  conftest.c >&5
configure:6820: /usr/bin/nm -B "conftest.o"
configure:6823: output
00000000 B some_variable
configure:6830: result: BSD nm
configure:6833: checking whether ln -s works
configure:6837: result: yes
configure:6845: checking the maximum length of command line arguments
configure:6976: result: 805306365
configure:6993: checking whether the shell understands some XSI constructs
configure:7003: result: yes
configure:7007: checking whether the shell understands "+="
configure:7013: result: yes
configure:7048: checking how to convert i686-pc-linux-gnu file names to i686-pc-linux-gnu format
configure:7088: result: func_convert_file_noop
configure:7095: checking how to convert i686-pc-linux-gnu file names to toolchain format
configure:7115: result: func_convert_file_noop
configure:7122: checking for /usr/bin/ld option to reload object files
configure:7129: result: -r
configure:7203: checking for objdump
configure:7219: found /usr/bin/objdump
configure:7230: result: objdump
configure:7262: checking how to recognize dependent libraries
configure:7460: result: pass_all
configure:7545: checking for dlltool
configure:7575: result: no
configure:7605: checking how to associate runtime and link libraries
configure:7632: result: printf %s\n
configure:7692: checking for ar
configure:7708: found /usr/bin/ar
configure:7719: result: ar
configure:7756: checking for archiver @FILE support
configure:7773: gcc -c -g -O0  conftest.c >&5
configure:7773: $? = 0
configure:7776: ar cru libconftest.a @conftest.lst >&5
configure:7779: $? = 0
configure:7784: ar cru libconftest.a @conftest.lst >&5
ar: conftest.o: No such file or directory
configure:7787: $? = 1
configure:7799: result: @
configure:7857: checking for strip
configure:7873: found /usr/bin/strip
configure:7884: result: strip
configure:7956: checking for ranlib
configure:7972: found /usr/bin/ranlib
configure:7983: result: ranlib
configure:8085: checking command to parse /usr/bin/nm -B output from gcc object
configure:8205: gcc -c -g -O0  conftest.c >&5
configure:8208: $? = 0
configure:8212: /usr/bin/nm -B conftest.o \| sed -n -e 's/^.*[ ]\([ABCDGIRSTW][ABCDGIRSTW]*\)[ ][ ]*\([_A-Za-z][_A-Za-z0-9]*\)$/\1 \2 \2/p' | sed '/ __gnu_lto/d' \> conftest.nm
configure:8215: $? = 0
configure:8281: gcc -o conftest -g -O0   conftest.c conftstm.o >&5
configure:8284: $? = 0
configure:8322: result: ok
configure:8359: checking for sysroot
configure:8389: result: no
configure:8658: checking for mt
configure:8674: found /bin/mt
configure:8685: result: mt
configure:8708: checking if mt is a manifest tool
configure:8714: mt '-?'
configure:8722: result: no
configure:9361: checking for dlfcn.h
configure:9361: gcc -c -g -O0  conftest.c >&5
configure:9361: $? = 0
configure:9361: result: yes
configure:9578: checking for objdir
configure:9593: result: .libs
configure:9860: checking if gcc supports -fno-rtti -fno-exceptions
configure:9878: gcc -c -g -O0  -fno-rtti -fno-exceptions conftest.c >&5
cc1: warning: command line option '-fno-rtti' is valid for C++/ObjC++ but not for C [enabled by default]
configure:9882: $? = 0
configure:9895: result: no
configure:10222: checking for gcc option to produce PIC
configure:10229: result: -fPIC -DPIC
configure:10237: checking if gcc PIC flag -fPIC -DPIC works
configure:10255: gcc -c -g -O0  -fPIC -DPIC -DPIC conftest.c >&5
configure:10259: $? = 0
configure:10272: result: yes
configure:10301: checking if gcc static flag -static works
configure:10329: result: yes
configure:10344: checking if gcc supports -c -o file.o
configure:10365: gcc -c -g -O0  -o out/conftest2.o conftest.c >&5
configure:10369: $? = 0
configure:10391: result: yes
configure:10399: checking if gcc supports -c -o file.o
configure:10446: result: yes
configure:10479: checking whether the gcc linker (/usr/bin/ld) supports shared libraries
configure:11636: result: yes
configure:11673: checking whether -lc should be explicitly linked in
configure:11681: gcc -c -g -O0  conftest.c >&5
configure:11684: $? = 0
configure:11699: gcc -shared  -fPIC -DPIC conftest.o  -v -Wl,-soname -Wl,conftest -o conftest 2\>\&1 \| /bin/grep  -lc  \>/dev/null 2\>\&1
configure:11702: $? = 0
configure:11716: result: no
configure:11876: checking dynamic linker characteristics
configure:12376: gcc -o conftest -g -O0   -Wl,-rpath -Wl,/foo conftest.c  >&5
configure:12376: $? = 0
configure:12610: result: GNU/Linux ld.so
configure:12717: checking how to hardcode library paths into programs
configure:12742: result: immediate
configure:13282: checking whether stripping libraries is possible
configure:13287: result: yes
configure:13322: checking if libtool supports shared libraries
configure:13324: result: yes
configure:13327: checking whether to build shared libraries
configure:13348: result: yes
configure:13351: checking whether to build static libraries
configure:13355: result: yes
configure:13378: checking how to run the C++ preprocessor
configure:13405: g++ -E  conftest.cpp
configure:13405: $? = 0
configure:13419: g++ -E  conftest.cpp
conftest.cpp:30:28: fatal error: ac_nonexistent.h: No such file or directory
 #include <ac_nonexistent.h>
                            ^
compilation terminated.
configure:13419: $? = 1
configure: failed program was:
| /* confdefs.h */
| #define PACKAGE_NAME "gsiot"
| #define PACKAGE_TARNAME "gsiot"
| #define PACKAGE_VERSION "0.1"
| #define PACKAGE_STRING "gsiot 0.1"
| #define PACKAGE_BUGREPORT ""
| #define PACKAGE_URL ""
| #define PACKAGE "gsiot"
| #define VERSION "0.1"
| #define GETTEXT_PACKAGE "gsiot"
| #define STDC_HEADERS 1
| #define HAVE_SYS_TYPES_H 1
| #define HAVE_SYS_STAT_H 1
| #define HAVE_STDLIB_H 1
| #define HAVE_STRING_H 1
| #define HAVE_MEMORY_H 1
| #define HAVE_STRINGS_H 1
| #define HAVE_INTTYPES_H 1
| #define HAVE_STDINT_H 1
| #define HAVE_UNISTD_H 1
| #define HAVE_LOCALE_H 1
| #define HAVE_LC_MESSAGES 1
| #define HAVE_BIND_TEXTDOMAIN_CODESET 1
| #define HAVE_GETTEXT 1
| #define HAVE_DCGETTEXT 1
| #define ENABLE_NLS 1
| #define HAVE_DLFCN_H 1
| #define LT_OBJDIR ".libs/"
| /* end confdefs.h.  */
| #include <ac_nonexistent.h>
configure:13444: result: g++ -E
configure:13464: g++ -E  conftest.cpp
configure:13464: $? = 0
configure:13478: g++ -E  conftest.cpp
conftest.cpp:30:28: fatal error: ac_nonexistent.h: No such file or directory
 #include <ac_nonexistent.h>
                            ^
compilation terminated.
configure:13478: $? = 1
configure: failed program was:
| /* confdefs.h */
| #define PACKAGE_NAME "gsiot"
| #define PACKAGE_TARNAME "gsiot"
| #define PACKAGE_VERSION "0.1"
| #define PACKAGE_STRING "gsiot 0.1"
| #define PACKAGE_BUGREPORT ""
| #define PACKAGE_URL ""
| #define PACKAGE "gsiot"
| #define VERSION "0.1"
| #define GETTEXT_PACKAGE "gsiot"
| #define STDC_HEADERS 1
| #define HAVE_SYS_TYPES_H 1
| #define HAVE_SYS_STAT_H 1
| #define HAVE_STDLIB_H 1
| #define HAVE_STRING_H 1
| #define HAVE_MEMORY_H 1
| #define HAVE_STRINGS_H 1
| #define HAVE_INTTYPES_H 1
| #define HAVE_STDINT_H 1
| #define HAVE_UNISTD_H 1
| #define HAVE_LOCALE_H 1
| #define HAVE_LC_MESSAGES 1
| #define HAVE_BIND_TEXTDOMAIN_CODESET 1
| #define HAVE_GETTEXT 1
| #define HAVE_DCGETTEXT 1
| #define ENABLE_NLS 1
| #define HAVE_DLFCN_H 1
| #define LT_OBJDIR ".libs/"
| /* end confdefs.h.  */
| #include <ac_nonexistent.h>
configure:13647: checking for ld used by g++
configure:13714: result: /usr/bin/ld
configure:13721: checking if the linker (/usr/bin/ld) is GNU ld
configure:13736: result: yes
configure:13791: checking whether the g++ linker (/usr/bin/ld) supports shared libraries
configure:14793: result: yes
configure:14829: g++ -c -g -O0  conftest.cpp >&5
configure:14832: $? = 0
configure:15352: checking for g++ option to produce PIC
configure:15359: result: -fPIC -DPIC
configure:15367: checking if g++ PIC flag -fPIC -DPIC works
configure:15385: g++ -c -g -O0  -fPIC -DPIC -DPIC conftest.cpp >&5
configure:15389: $? = 0
configure:15402: result: yes
configure:15425: checking if g++ static flag -static works
configure:15453: result: yes
configure:15465: checking if g++ supports -c -o file.o
configure:15486: g++ -c -g -O0  -o out/conftest2.o conftest.cpp >&5
configure:15490: $? = 0
configure:15512: result: yes
configure:15517: checking if g++ supports -c -o file.o
configure:15564: result: yes
configure:15594: checking whether the g++ linker (/usr/bin/ld) supports shared libraries
configure:15633: result: yes
configure:15774: checking dynamic linker characteristics
configure:16442: result: GNU/Linux ld.so
configure:16495: checking how to hardcode library paths into programs
configure:16520: result: immediate
configure:16640: checking for pkg-config
configure:16658: found /usr/bin/pkg-config
configure:16670: result: /usr/bin/pkg-config
configure:16695: checking pkg-config is at least version 0.9.0
configure:16698: result: yes
configure:16708: checking for SQLITE3
configure:16715: $PKG_CONFIG --exists --print-errors "sqlite3"
configure:16718: $? = 0
configure:16732: $PKG_CONFIG --exists --print-errors "sqlite3"
configure:16735: $? = 0
configure:16793: result: yes
configure:16800: checking for GLOOX
configure:16807: $PKG_CONFIG --exists --print-errors "gloox"
configure:16810: $? = 0
configure:16824: $PKG_CONFIG --exists --print-errors "gloox"
configure:16827: $? = 0
configure:16885: result: yes
configure:17001: checking that generated files are newer than configure
configure:17007: result: done
configure:17038: creating ./config.status
configure:19551: WARNING: unrecognized options: --enable-maintainer-mode

## ---------------- ##
## Cache variables. ##
## ---------------- ##

ac_cv_build=i686-pc-linux-gnu
ac_cv_c_compiler_gnu=yes
ac_cv_cxx_compiler_gnu=yes
ac_cv_env_CCC_set=
ac_cv_env_CCC_value=
ac_cv_env_CC_set=
ac_cv_env_CC_value=
ac_cv_env_CFLAGS_set=set
ac_cv_env_CFLAGS_value='-g -O0'
ac_cv_env_CPPFLAGS_set=
ac_cv_env_CPPFLAGS_value=
ac_cv_env_CPP_set=
ac_cv_env_CPP_value=
ac_cv_env_CXXCPP_set=
ac_cv_env_CXXCPP_value=
ac_cv_env_CXXFLAGS_set=set
ac_cv_env_CXXFLAGS_value='-g -O0'
ac_cv_env_CXX_set=
ac_cv_env_CXX_value=
ac_cv_env_GLOOX_CFLAGS_set=
ac_cv_env_GLOOX_CFLAGS_value=
ac_cv_env_GLOOX_LIBS_set=
ac_cv_env_GLOOX_LIBS_value=
ac_cv_env_LDFLAGS_set=
ac_cv_env_LDFLAGS_value=
ac_cv_env_LIBS_set=
ac_cv_env_LIBS_value=
ac_cv_env_PKG_CONFIG_LIBDIR_set=
ac_cv_env_PKG_CONFIG_LIBDIR_value=
ac_cv_env_PKG_CONFIG_PATH_set=
ac_cv_env_PKG_CONFIG_PATH_value=
ac_cv_env_PKG_CONFIG_set=
ac_cv_env_PKG_CONFIG_value=
ac_cv_env_SQLITE3_CFLAGS_set=
ac_cv_env_SQLITE3_CFLAGS_value=
ac_cv_env_SQLITE3_LIBS_set=
ac_cv_env_SQLITE3_LIBS_value=
ac_cv_env_build_alias_set=
ac_cv_env_build_alias_value=
ac_cv_env_host_alias_set=
ac_cv_env_host_alias_value=
ac_cv_env_target_alias_set=
ac_cv_env_target_alias_value=
ac_cv_func_bind_textdomain_codeset=yes
ac_cv_func_dcgettext=yes
ac_cv_header_dlfcn_h=yes
ac_cv_header_inttypes_h=yes
ac_cv_header_libintl_h=yes
ac_cv_header_locale_h=yes
ac_cv_header_memory_h=yes
ac_cv_header_stdc=yes
ac_cv_header_stdint_h=yes
ac_cv_header_stdlib_h=yes
ac_cv_header_string_h=yes
ac_cv_header_strings_h=yes
ac_cv_header_sys_stat_h=yes
ac_cv_header_sys_types_h=yes
ac_cv_header_unistd_h=yes
ac_cv_host=i686-pc-linux-gnu
ac_cv_objext=o
ac_cv_path_EGREP='/bin/grep -E'
ac_cv_path_FGREP='/bin/grep -F'
ac_cv_path_GMSGFMT=/usr/bin/msgfmt
ac_cv_path_GREP=/bin/grep
ac_cv_path_INTLTOOL_EXTRACT=/usr/bin/intltool-extract
ac_cv_path_INTLTOOL_MERGE=/usr/bin/intltool-merge
ac_cv_path_INTLTOOL_PERL=/usr/bin/perl
ac_cv_path_INTLTOOL_UPDATE=/usr/bin/intltool-update
ac_cv_path_MSGFMT=/usr/bin/msgfmt
ac_cv_path_MSGMERGE=/usr/bin/msgmerge
ac_cv_path_SED=/bin/sed
ac_cv_path_XGETTEXT=/usr/bin/xgettext
ac_cv_path_ac_pt_PKG_CONFIG=/usr/bin/pkg-config
ac_cv_path_install='/usr/bin/install -c'
ac_cv_path_mkdir=/bin/mkdir
ac_cv_prog_AWK=gawk
ac_cv_prog_CPP='gcc -E'
ac_cv_prog_CXXCPP='g++ -E'
ac_cv_prog_ac_ct_AR=ar
ac_cv_prog_ac_ct_CC=gcc
ac_cv_prog_ac_ct_CXX=g++
ac_cv_prog_ac_ct_MANIFEST_TOOL=mt
ac_cv_prog_ac_ct_OBJDUMP=objdump
ac_cv_prog_ac_ct_RANLIB=ranlib
ac_cv_prog_ac_ct_STRIP=strip
ac_cv_prog_cc_c89=
ac_cv_prog_cc_g=yes
ac_cv_prog_cxx_g=yes
ac_cv_prog_make_make_set=yes
am_cv_CC_dependencies_compiler_type=gcc3
am_cv_CXX_dependencies_compiler_type=gcc3
am_cv_make_support_nested_variables=yes
am_cv_prog_cc_c_o=yes
am_cv_val_LC_MESSAGES=yes
gt_cv_func_dgettext_libc=yes
gt_cv_func_dgettext_libintl=no
gt_cv_func_ngettext_libc=yes
gt_cv_have_gettext=yes
lt_cv_ar_at_file=@
lt_cv_archive_cmds_need_lc=no
lt_cv_deplibs_check_method=pass_all
lt_cv_file_magic_cmd='$MAGIC_CMD'
lt_cv_file_magic_test_file=
lt_cv_ld_reload_flag=-r
lt_cv_nm_interface='BSD nm'
lt_cv_objdir=.libs
lt_cv_path_LD=/usr/bin/ld
lt_cv_path_LDCXX=/usr/bin/ld
lt_cv_path_NM='/usr/bin/nm -B'
lt_cv_path_mainfest_tool=no
lt_cv_prog_compiler_c_o=yes
lt_cv_prog_compiler_c_o_CXX=yes
lt_cv_prog_compiler_pic='-fPIC -DPIC'
lt_cv_prog_compiler_pic_CXX='-fPIC -DPIC'
lt_cv_prog_compiler_pic_works=yes
lt_cv_prog_compiler_pic_works_CXX=yes
lt_cv_prog_compiler_rtti_exceptions=no
lt_cv_prog_compiler_static_works=yes
lt_cv_prog_compiler_static_works_CXX=yes
lt_cv_prog_gnu_ld=yes
lt_cv_prog_gnu_ldcxx=yes
lt_cv_sharedlib_from_linklib_cmd='printf %s\n'
lt_cv_shlibpath_overrides_runpath=no
lt_cv_sys_global_symbol_pipe='sed -n -e '\''s/^.*[	 ]\([ABCDGIRSTW][ABCDGIRSTW]*\)[	 ][	 ]*\([_A-Za-z][_A-Za-z0-9]*\)$/\1 \2 \2/p'\'' | sed '\''/ __gnu_lto/d'\'''
lt_cv_sys_global_symbol_to_c_name_address='sed -n -e '\''s/^: \([^ ]*\)[ ]*$/  {\"\1\", (void *) 0},/p'\'' -e '\''s/^[ABCDGIRSTW]* \([^ ]*\) \([^ ]*\)$/  {"\2", (void *) \&\2},/p'\'''
lt_cv_sys_global_symbol_to_c_name_address_lib_prefix='sed -n -e '\''s/^: \([^ ]*\)[ ]*$/  {\"\1\", (void *) 0},/p'\'' -e '\''s/^[ABCDGIRSTW]* \([^ ]*\) \(lib[^ ]*\)$/  {"\2", (void *) \&\2},/p'\'' -e '\''s/^[ABCDGIRSTW]* \([^ ]*\) \([^ ]*\)$/  {"lib\2", (void *) \&\2},/p'\'''
lt_cv_sys_global_symbol_to_cdecl='sed -n -e '\''s/^T .* \(.*\)$/extern int \1();/p'\'' -e '\''s/^[ABCDGIRSTW]* .* \(.*\)$/extern char \1;/p'\'''
lt_cv_sys_max_cmd_len=805306365
lt_cv_to_host_file_cmd=func_convert_file_noop
lt_cv_to_tool_file_cmd=func_convert_file_noop
pkg_cv_GLOOX_CFLAGS='-pthread -I/usr/local/include  '
pkg_cv_GLOOX_LIBS='-L/usr/local/lib -lgloox -lresolv -lssl -lcrypto -lz  '
pkg_cv_SQLITE3_CFLAGS='-I/usr/local/include  '
pkg_cv_SQLITE3_LIBS='-L/usr/local/lib -lsqlite3  '

## ----------------- ##
## Output variables. ##
## ----------------- ##

ACLOCAL='${SHELL} /home/chen/projects/gsiot/missing aclocal-1.14'
ALL_LINGUAS=''
AMDEPBACKSLASH='\'
AMDEP_FALSE='#'
AMDEP_TRUE=''
AMTAR='$${TAR-tar}'
AM_BACKSLASH='\'
AM_DEFAULT_V='$(AM_DEFAULT_VERBOSITY)'
AM_DEFAULT_VERBOSITY='0'
AM_V='$(V)'
AR='ar'
AUTOCONF='${SHELL} /home/chen/projects/gsiot/missing autoconf'
AUTOHEADER='${SHELL} /home/chen/projects/gsiot/missing autoheader'
AUTOMAKE='${SHELL} /home/chen/projects/gsiot/missing automake-1.14'
AWK='gawk'
CATALOGS=''
CATOBJEXT='.gmo'
CC='gcc'
CCDEPMODE='depmode=gcc3'
CFLAGS='-g -O0'
CPP='gcc -E'
CPPFLAGS=''
CXX='g++'
CXXCPP='g++ -E'
CXXDEPMODE='depmode=gcc3'
CXXFLAGS='-g -O0'
CYGPATH_W='echo'
DATADIRNAME='share'
DEFS='-DHAVE_CONFIG_H'
DEPDIR='.deps'
DLLTOOL='false'
DSYMUTIL=''
DUMPBIN=''
ECHO_C=''
ECHO_N='-n'
ECHO_T=''
EGREP='/bin/grep -E'
EXEEXT=''
FGREP='/bin/grep -F'
GETTEXT_PACKAGE='gsiot'
GLOOX_CFLAGS='-pthread -I/usr/local/include  '
GLOOX_LIBS='-L/usr/local/lib -lgloox -lresolv -lssl -lcrypto -lz  '
GMOFILES=''
GMSGFMT='/usr/bin/msgfmt'
GREP='/bin/grep'
INSTALL_DATA='${INSTALL} -m 644'
INSTALL_PROGRAM='${INSTALL}'
INSTALL_SCRIPT='${INSTALL}'
INSTALL_STRIP_PROGRAM='$(install_sh) -c -s'
INSTOBJEXT='.mo'
INTLLIBS=''
INTLTOOL_CAVES_RULE='%.caves:     %.caves.in     $(INTLTOOL_MERGE) $(wildcard $(top_srcdir)/po/*.po) ; $(INTLTOOL_V_MERGE)LC_ALL=C $(INTLTOOL_MERGE) $(INTLTOOL_V_MERGE_OPTIONS) -d -u -c $(top_builddir)/po/.intltool-merge-cache $(top_srcdir)/po $< $@'
INTLTOOL_DESKTOP_RULE='%.desktop:   %.desktop.in   $(INTLTOOL_MERGE) $(wildcard $(top_srcdir)/po/*.po) ; $(INTLTOOL_V_MERGE)LC_ALL=C $(INTLTOOL_MERGE) $(INTLTOOL_V_MERGE_OPTIONS) -d -u -c $(top_builddir)/po/.intltool-merge-cache $(top_srcdir)/po $< $@'
INTLTOOL_DIRECTORY_RULE='%.directory: %.directory.in $(INTLTOOL_MERGE) $(wildcard $(top_srcdir)/po/*.po) ; $(INTLTOOL_V_MERGE)LC_ALL=C $(INTLTOOL_MERGE) $(INTLTOOL_V_MERGE_OPTIONS) -d -u -c $(top_builddir)/po/.intltool-merge-cache $(top_srcdir)/po $< $@'
INTLTOOL_EXTRACT='/usr/bin/intltool-extract'
INTLTOOL_KBD_RULE='%.kbd:       %.kbd.in       $(INTLTOOL_MERGE) $(wildcard $(top_srcdir)/po/*.po) ; $(INTLTOOL_V_MERGE)LC_ALL=C $(INTLTOOL_MERGE) $(INTLTOOL_V_MERGE_OPTIONS) -x -u -m -c $(top_builddir)/po/.intltool-merge-cache $(top_srcdir)/po $< $@'
INTLTOOL_KEYS_RULE='%.keys:      %.keys.in      $(INTLTOOL_MERGE) $(wildcard $(top_srcdir)/po/*.po) ; $(INTLTOOL_V_MERGE)LC_ALL=C $(INTLTOOL_MERGE) $(INTLTOOL_V_MERGE_OPTIONS) -k -u -c $(top_builddir)/po/.intltool-merge-cache $(top_srcdir)/po $< $@'
INTLTOOL_MERGE='/usr/bin/intltool-merge'
INTLTOOL_OAF_RULE='%.oaf:       %.oaf.in       $(INTLTOOL_MERGE) $(wildcard $(top_srcdir)/po/*.po) ; $(INTLTOOL_V_MERGE)LC_ALL=C $(INTLTOOL_MERGE) $(INTLTOOL_V_MERGE_OPTIONS) -o -p $(top_srcdir)/po $< $@'
INTLTOOL_PERL='/usr/bin/perl'
INTLTOOL_POLICY_RULE='%.policy:    %.policy.in    $(INTLTOOL_MERGE) $(wildcard $(top_srcdir)/po/*.po) ; $(INTLTOOL_V_MERGE)LC_ALL=C $(INTLTOOL_MERGE) $(INTLTOOL_V_MERGE_OPTIONS) -x -u -c $(top_builddir)/po/.intltool-merge-cache $(top_srcdir)/po $< $@'
INTLTOOL_PONG_RULE='%.pong:      %.pong.in      $(INTLTOOL_MERGE) $(wildcard $(top_srcdir)/po/*.po) ; $(INTLTOOL_V_MERGE)LC_ALL=C $(INTLTOOL_MERGE) $(INTLTOOL_V_MERGE_OPTIONS) -x -u -c $(top_builddir)/po/.intltool-merge-cache $(top_srcdir)/po $< $@'
INTLTOOL_PROP_RULE='%.prop:      %.prop.in      $(INTLTOOL_MERGE) $(wildcard $(top_srcdir)/po/*.po) ; $(INTLTOOL_V_MERGE)LC_ALL=C $(INTLTOOL_MERGE) $(INTLTOOL_V_MERGE_OPTIONS) -d -u -c $(top_builddir)/po/.intltool-merge-cache $(top_srcdir)/po $< $@'
INTLTOOL_SCHEMAS_RULE='%.schemas:   %.schemas.in   $(INTLTOOL_MERGE) $(wildcard $(top_srcdir)/po/*.po) ; $(INTLTOOL_V_MERGE)LC_ALL=C $(INTLTOOL_MERGE) $(INTLTOOL_V_MERGE_OPTIONS) -s -u -c $(top_builddir)/po/.intltool-merge-cache $(top_srcdir)/po $< $@'
INTLTOOL_SERVER_RULE='%.server:    %.server.in    $(INTLTOOL_MERGE) $(wildcard $(top_srcdir)/po/*.po) ; $(INTLTOOL_V_MERGE)LC_ALL=C $(INTLTOOL_MERGE) $(INTLTOOL_V_MERGE_OPTIONS) -o -u -c $(top_builddir)/po/.intltool-merge-cache $(top_srcdir)/po $< $@'
INTLTOOL_SERVICE_RULE='%.service: %.service.in   $(INTLTOOL_MERGE) $(wildcard $(top_srcdir)/po/*.po) ; $(INTLTOOL_V_MERGE)LC_ALL=C $(INTLTOOL_MERGE) $(INTLTOOL_V_MERGE_OPTIONS) -d -u -c $(top_builddir)/po/.intltool-merge-cache $(top_srcdir)/po $< $@'
INTLTOOL_SHEET_RULE='%.sheet:     %.sheet.in     $(INTLTOOL_MERGE) $(wildcard $(top_srcdir)/po/*.po) ; $(INTLTOOL_V_MERGE)LC_ALL=C $(INTLTOOL_MERGE) $(INTLTOOL_V_MERGE_OPTIONS) -x -u -c $(top_builddir)/po/.intltool-merge-cache $(top_srcdir)/po $< $@'
INTLTOOL_SOUNDLIST_RULE='%.soundlist: %.soundlist.in $(INTLTOOL_MERGE) $(wildcard $(top_srcdir)/po/*.po) ; $(INTLTOOL_V_MERGE)LC_ALL=C $(INTLTOOL_MERGE) $(INTLTOOL_V_MERGE_OPTIONS) -d -u -c $(top_builddir)/po/.intltool-merge-cache $(top_srcdir)/po $< $@'
INTLTOOL_THEME_RULE='%.theme:     %.theme.in     $(INTLTOOL_MERGE) $(wildcard $(top_srcdir)/po/*.po) ; $(INTLTOOL_V_MERGE)LC_ALL=C $(INTLTOOL_MERGE) $(INTLTOOL_V_MERGE_OPTIONS) -d -u -c $(top_builddir)/po/.intltool-merge-cache $(top_srcdir)/po $< $@'
INTLTOOL_UI_RULE='%.ui:        %.ui.in        $(INTLTOOL_MERGE) $(wildcard $(top_srcdir)/po/*.po) ; $(INTLTOOL_V_MERGE)LC_ALL=C $(INTLTOOL_MERGE) $(INTLTOOL_V_MERGE_OPTIONS) -x -u -c $(top_builddir)/po/.intltool-merge-cache $(top_srcdir)/po $< $@'
INTLTOOL_UPDATE='/usr/bin/intltool-update'
INTLTOOL_V_MERGE='$(INTLTOOL__v_MERGE_$(V))'
INTLTOOL_V_MERGE_OPTIONS='$(intltool__v_merge_options_$(V))'
INTLTOOL_XAM_RULE='%.xam:       %.xml.in       $(INTLTOOL_MERGE) $(wildcard $(top_srcdir)/po/*.po) ; $(INTLTOOL_V_MERGE)LC_ALL=C $(INTLTOOL_MERGE) $(INTLTOOL_V_MERGE_OPTIONS) -x -u -c $(top_builddir)/po/.intltool-merge-cache $(top_srcdir)/po $< $@'
INTLTOOL_XML_NOMERGE_RULE='%.xml:       %.xml.in       $(INTLTOOL_MERGE) ; $(INTLTOOL_V_MERGE)LC_ALL=C $(INTLTOOL_MERGE) $(INTLTOOL_V_MERGE_OPTIONS) -x -u --no-translations $< $@'
INTLTOOL_XML_RULE='%.xml:       %.xml.in       $(INTLTOOL_MERGE) $(wildcard $(top_srcdir)/po/*.po) ; $(INTLTOOL_V_MERGE)LC_ALL=C $(INTLTOOL_MERGE) $(INTLTOOL_V_MERGE_OPTIONS) -x -u -c $(top_builddir)/po/.intltool-merge-cache $(top_srcdir)/po $< $@'
INTLTOOL__v_MERGE_0='@echo "  ITMRG " $@;'
INTLTOOL__v_MERGE_='$(INTLTOOL__v_MERGE_$(AM_DEFAULT_VERBOSITY))'
LD='/usr/bin/ld'
LDFLAGS=''
LIBOBJS=''
LIBS=''
LIBTOOL='$(SHELL) $(top_builddir)/libtool'
LIPO=''
LN_S='ln -s'
LTLIBOBJS=''
MAKEINFO='${SHELL} /home/chen/projects/gsiot/missing makeinfo'
MANIFEST_TOOL=':'
MKDIR_P='/bin/mkdir -p'
MKINSTALLDIRS='/home/chen/projects/gsiot/mkinstalldirs'
MSGFMT='/usr/bin/msgfmt'
MSGFMT_OPTS='-c'
MSGMERGE='/usr/bin/msgmerge'
NM='/usr/bin/nm -B'
NMEDIT=''
OBJDUMP='objdump'
OBJEXT='o'
OTOOL64=''
OTOOL=''
PACKAGE='gsiot'
PACKAGE_BUGREPORT=''
PACKAGE_NAME='gsiot'
PACKAGE_STRING='gsiot 0.1'
PACKAGE_TARNAME='gsiot'
PACKAGE_URL=''
PACKAGE_VERSION='0.1'
PATH_SEPARATOR=':'
PKG_CONFIG='/usr/bin/pkg-config'
PKG_CONFIG_LIBDIR=''
PKG_CONFIG_PATH=''
POFILES=''
POSUB='po'
PO_IN_DATADIR_FALSE=''
PO_IN_DATADIR_TRUE=''
RANLIB='ranlib'
SED='/bin/sed'
SET_MAKE=''
SHELL='/bin/bash'
SQLITE3_CFLAGS='-I/usr/local/include  '
SQLITE3_LIBS='-L/usr/local/lib -lsqlite3  '
STRIP='strip'
USE_NLS='yes'
VERSION='0.1'
XGETTEXT='/usr/bin/xgettext'
ac_ct_AR='ar'
ac_ct_CC='gcc'
ac_ct_CXX='g++'
ac_ct_DUMPBIN=''
am__EXEEXT_FALSE=''
am__EXEEXT_TRUE='#'
am__fastdepCC_FALSE='#'
am__fastdepCC_TRUE=''
am__fastdepCXX_FALSE='#'
am__fastdepCXX_TRUE=''
am__include='include'
am__isrc=' -I$(srcdir)'
am__leading_dot='.'
am__nodep='_no'
am__quote=''
am__tar='$${TAR-tar} chof - "$$tardir"'
am__untar='$${TAR-tar} xf -'
bindir='${exec_prefix}/bin'
build='i686-pc-linux-gnu'
build_alias=''
build_cpu='i686'
build_os='linux-gnu'
build_vendor='pc'
datadir='${datarootdir}'
datarootdir='${prefix}/share'
docdir='${datarootdir}/doc/${PACKAGE_TARNAME}'
dvidir='${docdir}'
exec_prefix='${prefix}'
host='i686-pc-linux-gnu'
host_alias=''
host_cpu='i686'
host_os='linux-gnu'
host_vendor='pc'
htmldir='${docdir}'
includedir='${prefix}/include'
infodir='${datarootdir}/info'
install_sh='${SHELL} /home/chen/projects/gsiot/install-sh'
intltool__v_merge_options_0='-q'
intltool__v_merge_options_='$(intltool__v_merge_options_$(AM_DEFAULT_VERBOSITY))'
libdir='${exec_prefix}/lib'
libexecdir='${exec_prefix}/libexec'
localedir='${datarootdir}/locale'
localstatedir='${prefix}/var'
mandir='${datarootdir}/man'
mkdir_p='$(MKDIR_P)'
oldincludedir='/usr/include'
pdfdir='${docdir}'
prefix='/usr/local'
program_transform_name='s,x,x,'
psdir='${docdir}'
sbindir='${exec_prefix}/sbin'
sharedstatedir='${prefix}/com'
sysconfdir='${prefix}/etc'
target_alias=''

## ----------- ##
## confdefs.h. ##
## ----------- ##

/* confdefs.h */
#define PACKAGE_NAME "gsiot"
#define PACKAGE_TARNAME "gsiot"
#define PACKAGE_VERSION "0.1"
#define PACKAGE_STRING "gsiot 0.1"
#define PACKAGE_BUGREPORT ""
#define PACKAGE_URL ""
#define PACKAGE "gsiot"
#define VERSION "0.1"
#define GETTEXT_PACKAGE "gsiot"
#define STDC_HEADERS 1
#define HAVE_SYS_TYPES_H 1
#define HAVE_SYS_STAT_H 1
#define HAVE_STDLIB_H 1
#define HAVE_STRING_H 1
#define HAVE_MEMORY_H 1
#define HAVE_STRINGS_H 1
#define HAVE_INTTYPES_H 1
#define HAVE_STDINT_H 1
#define HAVE_UNISTD_H 1
#define HAVE_LOCALE_H 1
#define HAVE_LC_MESSAGES 1
#define HAVE_BIND_TEXTDOMAIN_CODESET 1
#define HAVE_GETTEXT 1
#define HAVE_DCGETTEXT 1
#define ENABLE_NLS 1
#define HAVE_DLFCN_H 1
#define LT_OBJDIR ".libs/"

configure: exit 0

## ---------------------- ##
## Running config.status. ##
## ---------------------- ##

This file was extended by gsiot config.status 0.1, which was
generated by GNU Autoconf 2.69.  Invocation command line was

  CONFIG_FILES    = 
  CONFIG_HEADERS  = 
  CONFIG_LINKS    = 
  CONFIG_COMMANDS = 
  $ ./config.status 

on chen-X450CC

config.status:1229: creating Makefile
config.status:1229: creating src/Makefile
config.status:1229: creating po/Makefile.in
config.status:1229: creating config.h
config.status:1395: config.h is unchanged
config.status:1443: executing depfiles commands
config.status:1443: executing default-1 commands
config.status:1443: executing libtool commands
config.status:1443: executing po/stamp-it commands

## ---------------------- ##
## Running config.status. ##
## ---------------------- ##

This file was extended by gsiot config.status 0.1, which was
generated by GNU Autoconf 2.69.  Invocation command line was

  CONFIG_FILES    = 
  CONFIG_HEADERS  = 
  CONFIG_LINKS    = 
  CONFIG_COMMANDS = 
  $ ./config.status src/Makefile depfiles

on chen-X450CC

config.status:1229: creating src/Makefile
config.status:1443: executing depfiles commands

## ---------------------- ##
## Running config.status. ##
## ---------------------- ##

This file was extended by gsiot config.status 0.1, which was
generated by GNU Autoconf 2.69.  Invocation command line was

  CONFIG_FILES    = 
  CONFIG_HEADERS  = 
  CONFIG_LINKS    = 
  CONFIG_COMMANDS = 
  $ ./config.status src/Makefile depfiles

on chen-X450CC

config.status:1229: creating src/Makefile
config.status:1443: executing depfiles commands

## ---------------------- ##
## Running config.status. ##
## ---------------------- ##

This file was extended by gsiot config.status 0.1, which was
generated by GNU Autoconf 2.69.  Invocation command line was

  CONFIG_FILES    = 
  CONFIG_HEADERS  = 
  CONFIG_LINKS    = 
  CONFIG_COMMANDS = 
  $ ./config.status src/Makefile depfiles

on chen-X450CC

config.status:1229: creating src/Makefile
config.status:1443: executing depfiles commands

## ---------------------- ##
## Running config.status. ##
## ---------------------- ##

This file was extended by gsiot config.status 0.1, which was
generated by GNU Autoconf 2.69.  Invocation command line was

  CONFIG_FILES    = 
  CONFIG_HEADERS  = 
  CONFIG_LINKS    = 
  CONFIG_COMMANDS = 
  $ ./config.status src/Makefile depfiles

on chen-X450CC

config.status:1229: creating src/Makefile
config.status:1443: executing depfiles commands

## ---------------------- ##
## Running config.status. ##
## ---------------------- ##

This file was extended by gsiot config.status 0.1, which was
generated by GNU Autoconf 2.69.  Invocation command line was

  CONFIG_FILES    = 
  CONFIG_HEADERS  = 
  CONFIG_LINKS    = 
  CONFIG_COMMANDS = 
  $ ./config.status src/Makefile depfiles

on chen-X450CC

config.status:1229: creating src/Makefile
config.status:1443: executing depfiles commands

## ---------------------- ##
## Running config.status. ##
## ---------------------- ##

This file was extended by gsiot config.status 0.1, which was
generated by GNU Autoconf 2.69.  Invocation command line was

  CONFIG_FILES    = 
  CONFIG_HEADERS  = 
  CONFIG_LINKS    = 
  CONFIG_COMMANDS = 
  $ ./config.status src/Makefile depfiles

on chen-X450CC

config.status:1229: creating src/Makefile
config.status:1443: executing depfiles commands

## ---------------------- ##
## Running config.status. ##
## ---------------------- ##

This file was extended by gsiot config.status 0.1, which was
generated by GNU Autoconf 2.69.  Invocation command line was

  CONFIG_FILES    = 
  CONFIG_HEADERS  = 
  CONFIG_LINKS    = 
  CONFIG_COMMANDS = 
  $ ./config.status src/Makefile depfiles

on chen-X450CC

config.status:1229: creating src/Makefile
config.status:1443: executing depfiles commands

## ---------------------- ##
## Running config.status. ##
## ---------------------- ##

This file was extended by gsiot config.status 0.1, which was
generated by GNU Autoconf 2.69.  Invocation command line was

  CONFIG_FILES    = 
  CONFIG_HEADERS  = 
  CONFIG_LINKS    = 
  CONFIG_COMMANDS = 
  $ ./config.status config.h

on chen-X450CC

config.status:1229: creating config.h
config.status:1395: config.h is unchanged

## ---------------------- ##
## Running config.status. ##
## ---------------------- ##

This file was extended by gsiot config.status 0.1, which was
generated by GNU Autoconf 2.69.  Invocation command line was

  CONFIG_FILES    = 
  CONFIG_HEADERS  = 
  CONFIG_LINKS    = 
  CONFIG_COMMANDS = 
  $ ./config.status src/Makefile depfiles

on chen-X450CC

config.status:1229: creating src/Makefile
config.status:1443: executing depfiles commands

## ---------------------- ##
## Running config.status. ##
## ---------------------- ##

This file was extended by gsiot config.status 0.1, which was
generated by GNU Autoconf 2.69.  Invocation command line was

  CONFIG_FILES    = 
  CONFIG_HEADERS  = 
  CONFIG_LINKS    = 
  CONFIG_COMMANDS = 
  $ ./config.status src/Makefile depfiles

on chen-X450CC

config.status:1229: creating src/Makefile
config.status:1443: executing depfiles commands

## ---------------------- ##
## Running config.status. ##
## ---------------------- ##

This file was extended by gsiot config.status 0.1, which was
generated by GNU Autoconf 2.69.  Invocation command line was

  CONFIG_FILES    = 
  CONFIG_HEADERS  = 
  CONFIG_LINKS    = 
  CONFIG_COMMANDS = 
  $ ./config.status src/Makefile depfiles

on chen-X450CC

config.status:1229: creating src/Makefile
config.status:1443: executing depfiles commands

## ---------------------- ##
## Running config.status. ##
## ---------------------- ##

This file was extended by gsiot config.status 0.1, which was
generated by GNU Autoconf 2.69.  Invocation command line was

  CONFIG_FILES    = 
  CONFIG_HEADERS  = 
  CONFIG_LINKS    = 
  CONFIG_COMMANDS = 
  $ ./config.status src/Makefile depfiles

on chen-X450CC

config.status:1229: creating src/Makefile
config.status:1443: executing depfiles commands

## ---------------------- ##
## Running config.status. ##
## ---------------------- ##

This file was extended by gsiot config.status 0.1, which was
generated by GNU Autoconf 2.69.  Invocation command line was

  CONFIG_FILES    = 
  CONFIG_HEADERS  = 
  CONFIG_LINKS    = 
  CONFIG_COMMANDS = 
  $ ./config.status src/Makefile depfiles

on chen-X450CC

config.status:1229: creating src/Makefile
config.status:1443: executing depfiles commands

## ---------------------- ##
## Running config.status. ##
## ---------------------- ##

This file was extended by gsiot config.status 0.1, which was
generated by GNU Autoconf 2.69.  Invocation command line was

  CONFIG_FILES    = 
  CONFIG_HEADERS  = 
  CONFIG_LINKS    = 
  CONFIG_COMMANDS = 
  $ ./config.status src/Makefile depfiles

on chen-X450CC

config.status:1229: creating src/Makefile
config.status:1443: executing depfiles commands

## ---------------------- ##
## Running config.status. ##
## ---------------------- ##

This file was extended by gsiot config.status 0.1, which was
generated by GNU Autoconf 2.69.  Invocation command line was

  CONFIG_FILES    = 
  CONFIG_HEADERS  = 
  CONFIG_LINKS    = 
  CONFIG_COMMANDS = 
  $ ./config.status src/Makefile depfiles

on chen-X450CC

config.status:1229: creating src/Makefile
config.status:1443: executing depfiles commands

## ---------------------- ##
## Running config.status. ##
## ---------------------- ##

This file was extended by gsiot config.status 0.1, which was
generated by GNU Autoconf 2.69.  Invocation command line was

  CONFIG_FILES    = 
  CONFIG_HEADERS  = 
  CONFIG_LINKS    = 
  CONFIG_COMMANDS = 
  $ ./config.status src/Makefile depfiles

on chen-X450CC

config.status:1229: creating src/Makefile
config.status:1443: executing depfiles commands

## ---------------------- ##
## Running config.status. ##
## ---------------------- ##

This file was extended by gsiot config.status 0.1, which was
generated by GNU Autoconf 2.69.  Invocation command line was

  CONFIG_FILES    = 
  CONFIG_HEADERS  = 
  CONFIG_LINKS    = 
  CONFIG_COMMANDS = 
  $ ./config.status src/Makefile depfiles

on chen-X450CC

config.status:1229: creating src/Makefile
config.status:1443: executing depfiles commands

## ---------------------- ##
## Running config.status. ##
## ---------------------- ##

This file was extended by gsiot config.status 0.1, which was
generated by GNU Autoconf 2.69.  Invocation command line was

  CONFIG_FILES    = 
  CONFIG_HEADERS  = 
  CONFIG_LINKS    = 
  CONFIG_COMMANDS = 
  $ ./config.status src/Makefile depfiles

on chen-X450CC

config.status:1229: creating src/Makefile
config.status:1443: executing depfiles commands

## ---------------------- ##
## Running config.status. ##
## ---------------------- ##

This file was extended by gsiot config.status 0.1, which was
generated by GNU Autoconf 2.69.  Invocation command line was

  CONFIG_FILES    = 
  CONFIG_HEADERS  = 
  CONFIG_LINKS    = 
  CONFIG_COMMANDS = 
  $ ./config.status src/Makefile depfiles

on chen-X450CC

config.status:1229: creating src/Makefile
config.status:1443: executing depfiles commands

## ---------------------- ##
## Running config.status. ##
## ---------------------- ##

This file was extended by gsiot config.status 0.1, which was
generated by GNU Autoconf 2.69.  Invocation command line was

  CONFIG_FILES    = 
  CONFIG_HEADERS  = 
  CONFIG_LINKS    = 
  CONFIG_COMMANDS = 
  $ ./config.status src/Makefile depfiles

on chen-X450CC

config.status:1229: creating src/Makefile
config.status:1443: executing depfiles commands

## ---------------------- ##
## Running config.status. ##
## ---------------------- ##

This file was extended by gsiot config.status 0.1, which was
generated by GNU Autoconf 2.69.  Invocation command line was

  CONFIG_FILES    = 
  CONFIG_HEADERS  = 
  CONFIG_LINKS    = 
  CONFIG_COMMANDS = 
  $ ./config.status src/Makefile depfiles

on chen-X450CC

config.status:1229: creating src/Makefile
config.status:1443: executing depfiles commands

## ---------------------- ##
## Running config.status. ##
## ---------------------- ##

This file was extended by gsiot config.status 0.1, which was
generated by GNU Autoconf 2.69.  Invocation command line was

  CONFIG_FILES    = 
  CONFIG_HEADERS  = 
  CONFIG_LINKS    = 
  CONFIG_COMMANDS = 
  $ ./config.status src/Makefile depfiles

on chen-X450CC

config.status:1229: creating src/Makefile
config.status:1443: executing depfiles commands

## ---------------------- ##
## Running config.status. ##
## ---------------------- ##

This file was extended by gsiot config.status 0.1, which was
generated by GNU Autoconf 2.69.  Invocation command line was

  CONFIG_FILES    = 
  CONFIG_HEADERS  = 
  CONFIG_LINKS    = 
  CONFIG_COMMANDS = 
  $ ./config.status src/Makefile depfiles

on chen-X450CC

config.status:1229: creating src/Makefile
config.status:1443: executing depfiles commands

## ---------------------- ##
## Running config.status. ##
## ---------------------- ##

This file was extended by gsiot config.status 0.1, which was
generated by GNU Autoconf 2.69.  Invocation command line was

  CONFIG_FILES    = 
  CONFIG_HEADERS  = 
  CONFIG_LINKS    = 
  CONFIG_COMMANDS = 
  $ ./config.status src/Makefile depfiles

on chen-X450CC

config.status:1229: creating src/Makefile
config.status:1443: executing depfiles commands

## ---------------------- ##
## Running config.status. ##
## ---------------------- ##

This file was extended by gsiot config.status 0.1, which was
generated by GNU Autoconf 2.69.  Invocation command line was

  CONFIG_FILES    = 
  CONFIG_HEADERS  = 
  CONFIG_LINKS    = 
  CONFIG_COMMANDS = 
  $ ./config.status src/Makefile depfiles

on chen-X450CC

config.status:1229: creating src/Makefile
config.status:1443: executing depfiles commands
