This file contains any messages produced by compilers while
running configure, to aid debugging if configure makes a mistake.

It was created by foobar_sample configure 0.1, which was
generated by GNU Autoconf 2.69.  Invocation command line was

  $ /home/chen/projects/foobar-sample/configure --enable-maintainer-mode CFLAGS=-g -O0 CXXFLAGS=-g -O0 JFLAGS=-g -O0 FFLAGS=-g -O0

## --------- ##
## Platform. ##
## --------- ##

hostname = chen-X450CC
uname -m = i686
uname -r = 3.16.0-30-generic
uname -s = Linux
uname -v = #40~14.04.1-Ubuntu SMP Thu Jan 15 17:45:15 UTC 2015

/usr/bin/uname -p = unknown
/bin/uname -X     = unknown

/bin/arch              = unknown
/usr/bin/arch -k       = unknown
/usr/convex/getsysinfo = unknown
/usr/bin/hostinfo      = unknown
/bin/machine           = unknown
/usr/bin/oslevel       = unknown
/bin/universe          = unknown

PATH: /usr/local/sbin
PATH: /usr/local/bin
PATH: /usr/sbin
PATH: /usr/bin
PATH: /sbin
PATH: /bin
PATH: /usr/games
PATH: /usr/local/games
PATH: /home/chen/jdk/bin
PATH: /home/chen/jdk/jre/bin
PATH: /home/chen/tomcat/bin
PATH: /opt/mysql/bin
PATH: /opt/mysql/lib


## ----------- ##
## Core tests. ##
## ----------- ##

configure:2296: checking for a BSD-compatible install
configure:2364: result: /usr/bin/install -c
configure:2375: checking whether build environment is sane
configure:2430: result: yes
configure:2581: checking for a thread-safe mkdir -p
configure:2620: result: /bin/mkdir -p
configure:2627: checking for gawk
configure:2643: found /usr/bin/gawk
configure:2654: result: gawk
configure:2665: checking whether make sets $(MAKE)
configure:2687: result: yes
configure:2716: checking whether make supports nested variables
configure:2733: result: yes
configure:2870: checking whether make supports nested variables
configure:2887: result: yes
configure:2947: checking for gcc
configure:2963: found /usr/bin/gcc
configure:2974: result: gcc
configure:3203: checking for C compiler version
configure:3212: gcc --version >&5
gcc (Ubuntu 4.8.4-2ubuntu1~14.04) 4.8.4
Copyright (C) 2013 Free Software Foundation, Inc.
This is free software; see the source for copying conditions.  There is NO
warranty; not even for MERCHANTABILITY or FITNESS FOR A PARTICULAR PURPOSE.

configure:3223: $? = 0
configure:3212: gcc -v >&5
Using built-in specs.
COLLECT_GCC=gcc
COLLECT_LTO_WRAPPER=/usr/lib/gcc/i686-linux-gnu/4.8/lto-wrapper
Target: i686-linux-gnu
Configured with: ../src/configure -v --with-pkgversion='Ubuntu 4.8.4-2ubuntu1~14.04' --with-bugurl=file:///usr/share/doc/gcc-4.8/README.Bugs --enable-languages=c,c++,java,go,d,fortran,objc,obj-c++ --prefix=/usr --program-suffix=-4.8 --enable-shared --enable-linker-build-id --libexecdir=/usr/lib --without-included-gettext --enable-threads=posix --with-gxx-include-dir=/usr/include/c++/4.8 --libdir=/usr/lib --enable-nls --with-sysroot=/ --enable-clocale=gnu --enable-libstdcxx-debug --enable-libstdcxx-time=yes --enable-gnu-unique-object --disable-libmudflap --enable-plugin --with-system-zlib --disable-browser-plugin --enable-java-awt=gtk --enable-gtk-cairo --with-java-home=/usr/lib/jvm/java-1.5.0-gcj-4.8-i386/jre --enable-java-home --with-jvm-root-dir=/usr/lib/jvm/java-1.5.0-gcj-4.8-i386 --with-jvm-jar-dir=/usr/lib/jvm-exports/java-1.5.0-gcj-4.8-i386 --with-arch-directory=i386 --with-ecj-jar=/usr/share/java/eclipse-ecj.jar --enable-objc-gc --enable-targets=all --enable-multiarch --disable-werror --with-arch-32=i686 --with-multilib-list=m32,m64,mx32 --with-tune=generic --enable-checking=release --build=i686-linux-gnu --host=i686-linux-gnu --target=i686-linux-gnu
Thread model: posix
gcc version 4.8.4 (Ubuntu 4.8.4-2ubuntu1~14.04) 
configure:3223: $? = 0
configure:3212: gcc -V >&5
gcc: error: unrecognized command line option '-V'
gcc: fatal error: no input files
compilation terminated.
configure:3223: $? = 4
configure:3212: gcc -qversion >&5
gcc: error: unrecognized command line option '-qversion'
gcc: fatal error: no input files
compilation terminated.
configure:3223: $? = 4
configure:3243: checking whether the C compiler works
configure:3265: gcc -g -O0   conftest.c  >&5
configure:3269: $? = 0
configure:3317: result: yes
configure:3320: checking for C compiler default output file name
configure:3322: result: a.out
configure:3328: checking for suffix of executables
configure:3335: gcc -o conftest -g -O0   conftest.c  >&5
configure:3339: $? = 0
configure:3361: result: 
configure:3383: checking whether we are cross compiling
configure:3391: gcc -o conftest -g -O0   conftest.c  >&5
configure:3395: $? = 0
configure:3402: ./conftest
configure:3406: $? = 0
configure:3421: result: no
configure:3426: checking for suffix of object files
configure:3448: gcc -c -g -O0  conftest.c >&5
configure:3452: $? = 0
configure:3473: result: o
configure:3477: checking whether we are using the GNU C compiler
configure:3496: gcc -c -g -O0  conftest.c >&5
configure:3496: $? = 0
configure:3505: result: yes
configure:3514: checking whether gcc accepts -g
configure:3534: gcc -c -g  conftest.c >&5
configure:3534: $? = 0
configure:3575: result: yes
configure:3592: checking for gcc option to accept ISO C89
configure:3655: gcc  -c -g -O0  conftest.c >&5
configure:3655: $? = 0
configure:3668: result: none needed
configure:3693: checking whether gcc understands -c and -o together
configure:3715: gcc -c conftest.c -o conftest2.o
configure:3718: $? = 0
configure:3715: gcc -c conftest.c -o conftest2.o
configure:3718: $? = 0
configure:3730: result: yes
configure:3758: checking for style of include used by make
configure:3786: result: GNU
configure:3812: checking dependency style of gcc
configure:3923: result: gcc3
configure:3943: checking whether NLS is requested
configure:3952: result: yes
configure:3971: checking for intltool >= 0.35.0
configure:3973: result: 0.50.2 found
configure:3981: checking for intltool-update
configure:3999: found /usr/bin/intltool-update
configure:4011: result: /usr/bin/intltool-update
configure:4021: checking for intltool-merge
configure:4039: found /usr/bin/intltool-merge
configure:4051: result: /usr/bin/intltool-merge
configure:4061: checking for intltool-extract
configure:4079: found /usr/bin/intltool-extract
configure:4091: result: /usr/bin/intltool-extract
configure:4245: checking for xgettext
configure:4263: found /usr/bin/xgettext
configure:4275: result: /usr/bin/xgettext
configure:4285: checking for msgmerge
configure:4303: found /usr/bin/msgmerge
configure:4315: result: /usr/bin/msgmerge
configure:4325: checking for msgfmt
configure:4343: found /usr/bin/msgfmt
configure:4355: result: /usr/bin/msgfmt
configure:4365: checking for gmsgfmt
configure:4396: result: /usr/bin/msgfmt
configure:4416: checking for perl
configure:4434: found /usr/bin/perl
configure:4446: result: /usr/bin/perl
configure:4457: checking for perl >= 5.8.1
configure:4464: result: 5.18.2
configure:4468: checking for XML::Parser
configure:4471: result: ok
configure:4496: gcc -o conftest -g -O0   conftest.c  >&5
configure:4496: $? = 0
configure:4536: checking how to run the C preprocessor
configure:4567: gcc -E  conftest.c
configure:4567: $? = 0
configure:4581: gcc -E  conftest.c
conftest.c:12:28: fatal error: ac_nonexistent.h: No such file or directory
 #include <ac_nonexistent.h>
                            ^
compilation terminated.
configure:4581: $? = 1
configure: failed program was:
| /* confdefs.h */
| #define PACKAGE_NAME "foobar_sample"
| #define PACKAGE_TARNAME "foobar_sample"
| #define PACKAGE_VERSION "0.1"
| #define PACKAGE_STRING "foobar_sample 0.1"
| #define PACKAGE_BUGREPORT ""
| #define PACKAGE_URL ""
| #define PACKAGE "foobar_sample"
| #define VERSION "0.1"
| #define GETTEXT_PACKAGE "foobar_sample"
| /* end confdefs.h.  */
| #include <ac_nonexistent.h>
configure:4606: result: gcc -E
configure:4626: gcc -E  conftest.c
configure:4626: $? = 0
configure:4640: gcc -E  conftest.c
conftest.c:12:28: fatal error: ac_nonexistent.h: No such file or directory
 #include <ac_nonexistent.h>
                            ^
compilation terminated.
configure:4640: $? = 1
configure: failed program was:
| /* confdefs.h */
| #define PACKAGE_NAME "foobar_sample"
| #define PACKAGE_TARNAME "foobar_sample"
| #define PACKAGE_VERSION "0.1"
| #define PACKAGE_STRING "foobar_sample 0.1"
| #define PACKAGE_BUGREPORT ""
| #define PACKAGE_URL ""
| #define PACKAGE "foobar_sample"
| #define VERSION "0.1"
| #define GETTEXT_PACKAGE "foobar_sample"
| /* end confdefs.h.  */
| #include <ac_nonexistent.h>
configure:4669: checking for grep that handles long lines and -e
configure:4727: result: /bin/grep
configure:4732: checking for egrep
configure:4794: result: /bin/grep -E
configure:4799: checking for ANSI C header files
configure:4819: gcc -c -g -O0  conftest.c >&5
configure:4819: $? = 0
configure:4892: gcc -o conftest -g -O0   conftest.c  >&5
configure:4892: $? = 0
configure:4892: ./conftest
configure:4892: $? = 0
configure:4903: result: yes
configure:4916: checking for sys/types.h
configure:4916: gcc -c -g -O0  conftest.c >&5
configure:4916: $? = 0
configure:4916: result: yes
configure:4916: checking for sys/stat.h
configure:4916: gcc -c -g -O0  conftest.c >&5
configure:4916: $? = 0
configure:4916: result: yes
configure:4916: checking for stdlib.h
configure:4916: gcc -c -g -O0  conftest.c >&5
configure:4916: $? = 0
configure:4916: result: yes
configure:4916: checking for string.h
configure:4916: gcc -c -g -O0  conftest.c >&5
configure:4916: $? = 0
configure:4916: result: yes
configure:4916: checking for memory.h
configure:4916: gcc -c -g -O0  conftest.c >&5
configure:4916: $? = 0
configure:4916: result: yes
configure:4916: checking for strings.h
configure:4916: gcc -c -g -O0  conftest.c >&5
configure:4916: $? = 0
configure:4916: result: yes
configure:4916: checking for inttypes.h
configure:4916: gcc -c -g -O0  conftest.c >&5
configure:4916: $? = 0
configure:4916: result: yes
configure:4916: checking for stdint.h
configure:4916: gcc -c -g -O0  conftest.c >&5
configure:4916: $? = 0
configure:4916: result: yes
configure:4916: checking for unistd.h
configure:4916: gcc -c -g -O0  conftest.c >&5
configure:4916: $? = 0
configure:4916: result: yes
configure:4931: checking locale.h usability
configure:4931: gcc -c -g -O0  conftest.c >&5
configure:4931: $? = 0
configure:4931: result: yes
configure:4931: checking locale.h presence
configure:4931: gcc -E  conftest.c
configure:4931: $? = 0
configure:4931: result: yes
configure:4931: checking for locale.h
configure:4931: result: yes
configure:4942: checking for LC_MESSAGES
configure:4958: gcc -o conftest -g -O0   conftest.c  >&5
configure:4958: $? = 0
configure:4966: result: yes
configure:4983: checking libintl.h usability
configure:4983: gcc -c -g -O0  conftest.c >&5
configure:4983: $? = 0
configure:4983: result: yes
configure:4983: checking libintl.h presence
configure:4983: gcc -E  conftest.c
configure:4983: $? = 0
configure:4983: result: yes
configure:4983: checking for libintl.h
configure:4983: result: yes
configure:4991: checking for ngettext in libc
configure:5009: gcc -o conftest -g -O0   conftest.c  >&5
configure:5009: $? = 0
configure:5018: result: yes
configure:5022: checking for dgettext in libc
configure:5040: gcc -o conftest -g -O0   conftest.c  >&5
configure:5040: $? = 0
configure:5049: result: yes
configure:5056: checking for bind_textdomain_codeset
configure:5056: gcc -o conftest -g -O0   conftest.c  >&5
configure:5056: $? = 0
configure:5056: result: yes
configure:5332: checking for msgfmt
configure:5359: result: /usr/bin/msgfmt
configure:5370: checking for dcgettext
configure:5370: gcc -o conftest -g -O0   conftest.c   >&5
conftest.c:49:6: warning: conflicting types for built-in function 'dcgettext' [enabled by default]
 char dcgettext ();
      ^
configure:5370: $? = 0
configure:5370: result: yes
configure:5380: checking if msgfmt accepts -c
configure:5395: $MSGFMT -c -o /dev/null conftest.foo
conftest.foo:3: warning: header field 'Language' missing in header
configure:5398: $? = 0
configure:5400: result: yes
configure:5410: checking for gmsgfmt
configure:5441: result: /usr/bin/msgfmt
configure:5451: checking for xgettext
configure:5478: result: /usr/bin/xgettext
configure:5497: gcc -o conftest -g -O0   conftest.c   >&5
configure:5497: $? = 0
configure:5670: checking build system type
configure:5684: result: i686-pc-linux-gnu
configure:5704: checking host system type
configure:5717: result: i686-pc-linux-gnu
configure:5758: checking how to print strings
configure:5785: result: printf
configure:5806: checking for a sed that does not truncate output
configure:5870: result: /bin/sed
configure:5888: checking for fgrep
configure:5950: result: /bin/grep -F
configure:5985: checking for ld used by gcc
configure:6052: result: /usr/bin/ld
configure:6059: checking if the linker (/usr/bin/ld) is GNU ld
configure:6074: result: yes
configure:6086: checking for BSD- or MS-compatible name lister (nm)
configure:6135: result: /usr/bin/nm -B
configure:6265: checking the name lister (/usr/bin/nm -B) interface
configure:6272: gcc -c -g -O0  conftest.c >&5
configure:6275: /usr/bin/nm -B "conftest.o"
configure:6278: output
00000000 B some_variable
configure:6285: result: BSD nm
configure:6288: checking whether ln -s works
configure:6292: result: yes
configure:6300: checking the maximum length of command line arguments
configure:6431: result: 1572864
configure:6448: checking whether the shell understands some XSI constructs
configure:6458: result: yes
configure:6462: checking whether the shell understands "+="
configure:6468: result: yes
configure:6503: checking how to convert i686-pc-linux-gnu file names to i686-pc-linux-gnu format
configure:6543: result: func_convert_file_noop
configure:6550: checking how to convert i686-pc-linux-gnu file names to toolchain format
configure:6570: result: func_convert_file_noop
configure:6577: checking for /usr/bin/ld option to reload object files
configure:6584: result: -r
configure:6658: checking for objdump
configure:6674: found /usr/bin/objdump
configure:6685: result: objdump
configure:6717: checking how to recognize dependent libraries
configure:6915: result: pass_all
configure:7000: checking for dlltool
configure:7030: result: no
configure:7060: checking how to associate runtime and link libraries
configure:7087: result: printf %s\n
configure:7147: checking for ar
configure:7163: found /usr/bin/ar
configure:7174: result: ar
configure:7211: checking for archiver @FILE support
configure:7228: gcc -c -g -O0  conftest.c >&5
configure:7228: $? = 0
configure:7231: ar cru libconftest.a @conftest.lst >&5
configure:7234: $? = 0
configure:7239: ar cru libconftest.a @conftest.lst >&5
ar: conftest.o: No such file or directory
configure:7242: $? = 1
configure:7254: result: @
configure:7312: checking for strip
configure:7328: found /usr/bin/strip
configure:7339: result: strip
configure:7411: checking for ranlib
configure:7427: found /usr/bin/ranlib
configure:7438: result: ranlib
configure:7540: checking command to parse /usr/bin/nm -B output from gcc object
configure:7660: gcc -c -g -O0  conftest.c >&5
configure:7663: $? = 0
configure:7667: /usr/bin/nm -B conftest.o \| sed -n -e 's/^.*[ ]\([ABCDGIRSTW][ABCDGIRSTW]*\)[ ][ ]*\([_A-Za-z][_A-Za-z0-9]*\)$/\1 \2 \2/p' | sed '/ __gnu_lto/d' \> conftest.nm
configure:7670: $? = 0
configure:7736: gcc -o conftest -g -O0   conftest.c conftstm.o >&5
configure:7739: $? = 0
configure:7777: result: ok
configure:7814: checking for sysroot
configure:7844: result: no
configure:8113: checking for mt
configure:8129: found /bin/mt
configure:8140: result: mt
configure:8163: checking if mt is a manifest tool
configure:8169: mt '-?'
configure:8177: result: no
configure:8816: checking for dlfcn.h
configure:8816: gcc -c -g -O0  conftest.c >&5
configure:8816: $? = 0
configure:8816: result: yes
configure:9022: checking for objdir
configure:9037: result: .libs
configure:9304: checking if gcc supports -fno-rtti -fno-exceptions
configure:9322: gcc -c -g -O0  -fno-rtti -fno-exceptions conftest.c >&5
cc1: warning: command line option '-fno-rtti' is valid for C++/ObjC++ but not for C [enabled by default]
configure:9326: $? = 0
configure:9339: result: no
configure:9666: checking for gcc option to produce PIC
configure:9673: result: -fPIC -DPIC
configure:9681: checking if gcc PIC flag -fPIC -DPIC works
configure:9699: gcc -c -g -O0  -fPIC -DPIC -DPIC conftest.c >&5
configure:9703: $? = 0
configure:9716: result: yes
configure:9745: checking if gcc static flag -static works
configure:9773: result: yes
configure:9788: checking if gcc supports -c -o file.o
configure:9809: gcc -c -g -O0  -o out/conftest2.o conftest.c >&5
configure:9813: $? = 0
configure:9835: result: yes
configure:9843: checking if gcc supports -c -o file.o
configure:9890: result: yes
configure:9923: checking whether the gcc linker (/usr/bin/ld) supports shared libraries
configure:11080: result: yes
configure:11117: checking whether -lc should be explicitly linked in
configure:11125: gcc -c -g -O0  conftest.c >&5
configure:11128: $? = 0
configure:11143: gcc -shared  -fPIC -DPIC conftest.o  -v -Wl,-soname -Wl,conftest -o conftest 2\>\&1 \| /bin/grep  -lc  \>/dev/null 2\>\&1
configure:11146: $? = 0
configure:11160: result: no
configure:11320: checking dynamic linker characteristics
configure:11820: gcc -o conftest -g -O0   -Wl,-rpath -Wl,/foo conftest.c  >&5
configure:11820: $? = 0
configure:12054: result: GNU/Linux ld.so
configure:12161: checking how to hardcode library paths into programs
configure:12186: result: immediate
configure:12726: checking whether stripping libraries is possible
configure:12731: result: yes
configure:12766: checking if libtool supports shared libraries
configure:12768: result: yes
configure:12771: checking whether to build shared libraries
configure:12792: result: yes
configure:12795: checking whether to build static libraries
configure:12799: result: yes
configure:12952: checking that generated files are newer than configure
configure:12958: result: done
configure:12985: creating ./config.status

## ---------------------- ##
## Running config.status. ##
## ---------------------- ##

This file was extended by foobar_sample config.status 0.1, which was
generated by GNU Autoconf 2.69.  Invocation command line was

  CONFIG_FILES    = 
  CONFIG_HEADERS  = 
  CONFIG_LINKS    = 
  CONFIG_COMMANDS = 
  $ ./config.status 

on chen-X450CC

config.status:1159: creating Makefile
config.status:1159: creating src/Makefile
config.status:1159: creating po/Makefile.in
config.status:1159: creating config.h
config.status:1373: executing depfiles commands
config.status:1373: executing default-1 commands
config.status:1373: executing libtool commands
config.status:1373: executing po/stamp-it commands
configure:15233: WARNING: unrecognized options: --enable-maintainer-mode

## ---------------- ##
## Cache variables. ##
## ---------------- ##

ac_cv_build=i686-pc-linux-gnu
ac_cv_c_compiler_gnu=yes
ac_cv_env_CC_set=
ac_cv_env_CC_value=
ac_cv_env_CFLAGS_set=set
ac_cv_env_CFLAGS_value='-g -O0'
ac_cv_env_CPPFLAGS_set=
ac_cv_env_CPPFLAGS_value=
ac_cv_env_CPP_set=
ac_cv_env_CPP_value=
ac_cv_env_LDFLAGS_set=
ac_cv_env_LDFLAGS_value=
ac_cv_env_LIBS_set=
ac_cv_env_LIBS_value=
ac_cv_env_build_alias_set=
ac_cv_env_build_alias_value=
ac_cv_env_host_alias_set=
ac_cv_env_host_alias_value=
ac_cv_env_target_alias_set=
ac_cv_env_target_alias_value=
ac_cv_func_bind_textdomain_codeset=yes
ac_cv_func_dcgettext=yes
ac_cv_header_dlfcn_h=yes
ac_cv_header_inttypes_h=yes
ac_cv_header_libintl_h=yes
ac_cv_header_locale_h=yes
ac_cv_header_memory_h=yes
ac_cv_header_stdc=yes
ac_cv_header_stdint_h=yes
ac_cv_header_stdlib_h=yes
ac_cv_header_string_h=yes
ac_cv_header_strings_h=yes
ac_cv_header_sys_stat_h=yes
ac_cv_header_sys_types_h=yes
ac_cv_header_unistd_h=yes
ac_cv_host=i686-pc-linux-gnu
ac_cv_objext=o
ac_cv_path_EGREP='/bin/grep -E'
ac_cv_path_FGREP='/bin/grep -F'
ac_cv_path_GMSGFMT=/usr/bin/msgfmt
ac_cv_path_GREP=/bin/grep
ac_cv_path_INTLTOOL_EXTRACT=/usr/bin/intltool-extract
ac_cv_path_INTLTOOL_MERGE=/usr/bin/intltool-merge
ac_cv_path_INTLTOOL_PERL=/usr/bin/perl
ac_cv_path_INTLTOOL_UPDATE=/usr/bin/intltool-update
ac_cv_path_MSGFMT=/usr/bin/msgfmt
ac_cv_path_MSGMERGE=/usr/bin/msgmerge
ac_cv_path_SED=/bin/sed
ac_cv_path_XGETTEXT=/usr/bin/xgettext
ac_cv_path_install='/usr/bin/install -c'
ac_cv_path_mkdir=/bin/mkdir
ac_cv_prog_AWK=gawk
ac_cv_prog_CPP='gcc -E'
ac_cv_prog_ac_ct_AR=ar
ac_cv_prog_ac_ct_CC=gcc
ac_cv_prog_ac_ct_MANIFEST_TOOL=mt
ac_cv_prog_ac_ct_OBJDUMP=objdump
ac_cv_prog_ac_ct_RANLIB=ranlib
ac_cv_prog_ac_ct_STRIP=strip
ac_cv_prog_cc_c89=
ac_cv_prog_cc_g=yes
ac_cv_prog_make_make_set=yes
am_cv_CC_dependencies_compiler_type=gcc3
am_cv_make_support_nested_variables=yes
am_cv_prog_cc_c_o=yes
am_cv_val_LC_MESSAGES=yes
gt_cv_func_dgettext_libc=yes
gt_cv_func_dgettext_libintl=no
gt_cv_func_ngettext_libc=yes
gt_cv_have_gettext=yes
lt_cv_ar_at_file=@
lt_cv_archive_cmds_need_lc=no
lt_cv_deplibs_check_method=pass_all
lt_cv_file_magic_cmd='$MAGIC_CMD'
lt_cv_file_magic_test_file=
lt_cv_ld_reload_flag=-r
lt_cv_nm_interface='BSD nm'
lt_cv_objdir=.libs
lt_cv_path_LD=/usr/bin/ld
lt_cv_path_NM='/usr/bin/nm -B'
lt_cv_path_mainfest_tool=no
lt_cv_prog_compiler_c_o=yes
lt_cv_prog_compiler_pic='-fPIC -DPIC'
lt_cv_prog_compiler_pic_works=yes
lt_cv_prog_compiler_rtti_exceptions=no
lt_cv_prog_compiler_static_works=yes
lt_cv_prog_gnu_ld=yes
lt_cv_sharedlib_from_linklib_cmd='printf %s\n'
lt_cv_shlibpath_overrides_runpath=no
lt_cv_sys_global_symbol_pipe='sed -n -e '\''s/^.*[	 ]\([ABCDGIRSTW][ABCDGIRSTW]*\)[	 ][	 ]*\([_A-Za-z][_A-Za-z0-9]*\)$/\1 \2 \2/p'\'' | sed '\''/ __gnu_lto/d'\'''
lt_cv_sys_global_symbol_to_c_name_address='sed -n -e '\''s/^: \([^ ]*\)[ ]*$/  {\"\1\", (void *) 0},/p'\'' -e '\''s/^[ABCDGIRSTW]* \([^ ]*\) \([^ ]*\)$/  {"\2", (void *) \&\2},/p'\'''
lt_cv_sys_global_symbol_to_c_name_address_lib_prefix='sed -n -e '\''s/^: \([^ ]*\)[ ]*$/  {\"\1\", (void *) 0},/p'\'' -e '\''s/^[ABCDGIRSTW]* \([^ ]*\) \(lib[^ ]*\)$/  {"\2", (void *) \&\2},/p'\'' -e '\''s/^[ABCDGIRSTW]* \([^ ]*\) \([^ ]*\)$/  {"lib\2", (void *) \&\2},/p'\'''
lt_cv_sys_global_symbol_to_cdecl='sed -n -e '\''s/^T .* \(.*\)$/extern int \1();/p'\'' -e '\''s/^[ABCDGIRSTW]* .* \(.*\)$/extern char \1;/p'\'''
lt_cv_sys_max_cmd_len=1572864
lt_cv_to_host_file_cmd=func_convert_file_noop
lt_cv_to_tool_file_cmd=func_convert_file_noop

## ----------------- ##
## Output variables. ##
## ----------------- ##

ACLOCAL='${SHELL} /home/chen/projects/foobar-sample/missing aclocal-1.14'
ALL_LINGUAS=''
AMDEPBACKSLASH='\'
AMDEP_FALSE='#'
AMDEP_TRUE=''
AMTAR='$${TAR-tar}'
AM_BACKSLASH='\'
AM_DEFAULT_V='$(AM_DEFAULT_VERBOSITY)'
AM_DEFAULT_VERBOSITY='0'
AM_V='$(V)'
AR='ar'
AUTOCONF='${SHELL} /home/chen/projects/foobar-sample/missing autoconf'
AUTOHEADER='${SHELL} /home/chen/projects/foobar-sample/missing autoheader'
AUTOMAKE='${SHELL} /home/chen/projects/foobar-sample/missing automake-1.14'
AWK='gawk'
CATALOGS=''
CATOBJEXT='.gmo'
CC='gcc'
CCDEPMODE='depmode=gcc3'
CFLAGS='-g -O0'
CPP='gcc -E'
CPPFLAGS=''
CYGPATH_W='echo'
DATADIRNAME='share'
DEFS='-DHAVE_CONFIG_H'
DEPDIR='.deps'
DLLTOOL='false'
DSYMUTIL=''
DUMPBIN=''
ECHO_C=''
ECHO_N='-n'
ECHO_T=''
EGREP='/bin/grep -E'
EXEEXT=''
FGREP='/bin/grep -F'
GETTEXT_PACKAGE='foobar_sample'
GMOFILES=''
GMSGFMT='/usr/bin/msgfmt'
GREP='/bin/grep'
INSTALL_DATA='${INSTALL} -m 644'
INSTALL_PROGRAM='${INSTALL}'
INSTALL_SCRIPT='${INSTALL}'
INSTALL_STRIP_PROGRAM='$(install_sh) -c -s'
INSTOBJEXT='.mo'
INTLLIBS=''
INTLTOOL_CAVES_RULE='%.caves:     %.caves.in     $(INTLTOOL_MERGE) $(wildcard $(top_srcdir)/po/*.po) ; $(INTLTOOL_V_MERGE)LC_ALL=C $(INTLTOOL_MERGE) $(INTLTOOL_V_MERGE_OPTIONS) -d -u -c $(top_builddir)/po/.intltool-merge-cache $(top_srcdir)/po $< $@'
INTLTOOL_DESKTOP_RULE='%.desktop:   %.desktop.in   $(INTLTOOL_MERGE) $(wildcard $(top_srcdir)/po/*.po) ; $(INTLTOOL_V_MERGE)LC_ALL=C $(INTLTOOL_MERGE) $(INTLTOOL_V_MERGE_OPTIONS) -d -u -c $(top_builddir)/po/.intltool-merge-cache $(top_srcdir)/po $< $@'
INTLTOOL_DIRECTORY_RULE='%.directory: %.directory.in $(INTLTOOL_MERGE) $(wildcard $(top_srcdir)/po/*.po) ; $(INTLTOOL_V_MERGE)LC_ALL=C $(INTLTOOL_MERGE) $(INTLTOOL_V_MERGE_OPTIONS) -d -u -c $(top_builddir)/po/.intltool-merge-cache $(top_srcdir)/po $< $@'
INTLTOOL_EXTRACT='/usr/bin/intltool-extract'
INTLTOOL_KBD_RULE='%.kbd:       %.kbd.in       $(INTLTOOL_MERGE) $(wildcard $(top_srcdir)/po/*.po) ; $(INTLTOOL_V_MERGE)LC_ALL=C $(INTLTOOL_MERGE) $(INTLTOOL_V_MERGE_OPTIONS) -x -u -m -c $(top_builddir)/po/.intltool-merge-cache $(top_srcdir)/po $< $@'
INTLTOOL_KEYS_RULE='%.keys:      %.keys.in      $(INTLTOOL_MERGE) $(wildcard $(top_srcdir)/po/*.po) ; $(INTLTOOL_V_MERGE)LC_ALL=C $(INTLTOOL_MERGE) $(INTLTOOL_V_MERGE_OPTIONS) -k -u -c $(top_builddir)/po/.intltool-merge-cache $(top_srcdir)/po $< $@'
INTLTOOL_MERGE='/usr/bin/intltool-merge'
INTLTOOL_OAF_RULE='%.oaf:       %.oaf.in       $(INTLTOOL_MERGE) $(wildcard $(top_srcdir)/po/*.po) ; $(INTLTOOL_V_MERGE)LC_ALL=C $(INTLTOOL_MERGE) $(INTLTOOL_V_MERGE_OPTIONS) -o -p $(top_srcdir)/po $< $@'
INTLTOOL_PERL='/usr/bin/perl'
INTLTOOL_POLICY_RULE='%.policy:    %.policy.in    $(INTLTOOL_MERGE) $(wildcard $(top_srcdir)/po/*.po) ; $(INTLTOOL_V_MERGE)LC_ALL=C $(INTLTOOL_MERGE) $(INTLTOOL_V_MERGE_OPTIONS) -x -u -c $(top_builddir)/po/.intltool-merge-cache $(top_srcdir)/po $< $@'
INTLTOOL_PONG_RULE='%.pong:      %.pong.in      $(INTLTOOL_MERGE) $(wildcard $(top_srcdir)/po/*.po) ; $(INTLTOOL_V_MERGE)LC_ALL=C $(INTLTOOL_MERGE) $(INTLTOOL_V_MERGE_OPTIONS) -x -u -c $(top_builddir)/po/.intltool-merge-cache $(top_srcdir)/po $< $@'
INTLTOOL_PROP_RULE='%.prop:      %.prop.in      $(INTLTOOL_MERGE) $(wildcard $(top_srcdir)/po/*.po) ; $(INTLTOOL_V_MERGE)LC_ALL=C $(INTLTOOL_MERGE) $(INTLTOOL_V_MERGE_OPTIONS) -d -u -c $(top_builddir)/po/.intltool-merge-cache $(top_srcdir)/po $< $@'
INTLTOOL_SCHEMAS_RULE='%.schemas:   %.schemas.in   $(INTLTOOL_MERGE) $(wildcard $(top_srcdir)/po/*.po) ; $(INTLTOOL_V_MERGE)LC_ALL=C $(INTLTOOL_MERGE) $(INTLTOOL_V_MERGE_OPTIONS) -s -u -c $(top_builddir)/po/.intltool-merge-cache $(top_srcdir)/po $< $@'
INTLTOOL_SERVER_RULE='%.server:    %.server.in    $(INTLTOOL_MERGE) $(wildcard $(top_srcdir)/po/*.po) ; $(INTLTOOL_V_MERGE)LC_ALL=C $(INTLTOOL_MERGE) $(INTLTOOL_V_MERGE_OPTIONS) -o -u -c $(top_builddir)/po/.intltool-merge-cache $(top_srcdir)/po $< $@'
INTLTOOL_SERVICE_RULE='%.service: %.service.in   $(INTLTOOL_MERGE) $(wildcard $(top_srcdir)/po/*.po) ; $(INTLTOOL_V_MERGE)LC_ALL=C $(INTLTOOL_MERGE) $(INTLTOOL_V_MERGE_OPTIONS) -d -u -c $(top_builddir)/po/.intltool-merge-cache $(top_srcdir)/po $< $@'
INTLTOOL_SHEET_RULE='%.sheet:     %.sheet.in     $(INTLTOOL_MERGE) $(wildcard $(top_srcdir)/po/*.po) ; $(INTLTOOL_V_MERGE)LC_ALL=C $(INTLTOOL_MERGE) $(INTLTOOL_V_MERGE_OPTIONS) -x -u -c $(top_builddir)/po/.intltool-merge-cache $(top_srcdir)/po $< $@'
INTLTOOL_SOUNDLIST_RULE='%.soundlist: %.soundlist.in $(INTLTOOL_MERGE) $(wildcard $(top_srcdir)/po/*.po) ; $(INTLTOOL_V_MERGE)LC_ALL=C $(INTLTOOL_MERGE) $(INTLTOOL_V_MERGE_OPTIONS) -d -u -c $(top_builddir)/po/.intltool-merge-cache $(top_srcdir)/po $< $@'
INTLTOOL_THEME_RULE='%.theme:     %.theme.in     $(INTLTOOL_MERGE) $(wildcard $(top_srcdir)/po/*.po) ; $(INTLTOOL_V_MERGE)LC_ALL=C $(INTLTOOL_MERGE) $(INTLTOOL_V_MERGE_OPTIONS) -d -u -c $(top_builddir)/po/.intltool-merge-cache $(top_srcdir)/po $< $@'
INTLTOOL_UI_RULE='%.ui:        %.ui.in        $(INTLTOOL_MERGE) $(wildcard $(top_srcdir)/po/*.po) ; $(INTLTOOL_V_MERGE)LC_ALL=C $(INTLTOOL_MERGE) $(INTLTOOL_V_MERGE_OPTIONS) -x -u -c $(top_builddir)/po/.intltool-merge-cache $(top_srcdir)/po $< $@'
INTLTOOL_UPDATE='/usr/bin/intltool-update'
INTLTOOL_V_MERGE='$(INTLTOOL__v_MERGE_$(V))'
INTLTOOL_V_MERGE_OPTIONS='$(intltool__v_merge_options_$(V))'
INTLTOOL_XAM_RULE='%.xam:       %.xml.in       $(INTLTOOL_MERGE) $(wildcard $(top_srcdir)/po/*.po) ; $(INTLTOOL_V_MERGE)LC_ALL=C $(INTLTOOL_MERGE) $(INTLTOOL_V_MERGE_OPTIONS) -x -u -c $(top_builddir)/po/.intltool-merge-cache $(top_srcdir)/po $< $@'
INTLTOOL_XML_NOMERGE_RULE='%.xml:       %.xml.in       $(INTLTOOL_MERGE) ; $(INTLTOOL_V_MERGE)LC_ALL=C $(INTLTOOL_MERGE) $(INTLTOOL_V_MERGE_OPTIONS) -x -u --no-translations $< $@'
INTLTOOL_XML_RULE='%.xml:       %.xml.in       $(INTLTOOL_MERGE) $(wildcard $(top_srcdir)/po/*.po) ; $(INTLTOOL_V_MERGE)LC_ALL=C $(INTLTOOL_MERGE) $(INTLTOOL_V_MERGE_OPTIONS) -x -u -c $(top_builddir)/po/.intltool-merge-cache $(top_srcdir)/po $< $@'
INTLTOOL__v_MERGE_0='@echo "  ITMRG " $@;'
INTLTOOL__v_MERGE_='$(INTLTOOL__v_MERGE_$(AM_DEFAULT_VERBOSITY))'
LD='/usr/bin/ld'
LDFLAGS=''
LIBOBJS=''
LIBS=''
LIBTOOL='$(SHELL) $(top_builddir)/libtool'
LIPO=''
LN_S='ln -s'
LTLIBOBJS=''
MAKEINFO='${SHELL} /home/chen/projects/foobar-sample/missing makeinfo'
MANIFEST_TOOL=':'
MKDIR_P='/bin/mkdir -p'
MKINSTALLDIRS='/home/chen/projects/foobar-sample/mkinstalldirs'
MSGFMT='/usr/bin/msgfmt'
MSGFMT_OPTS='-c'
MSGMERGE='/usr/bin/msgmerge'
NM='/usr/bin/nm -B'
NMEDIT=''
OBJDUMP='objdump'
OBJEXT='o'
OTOOL64=''
OTOOL=''
PACKAGE='foobar_sample'
PACKAGE_BUGREPORT=''
PACKAGE_NAME='foobar_sample'
PACKAGE_STRING='foobar_sample 0.1'
PACKAGE_TARNAME='foobar_sample'
PACKAGE_URL=''
PACKAGE_VERSION='0.1'
PATH_SEPARATOR=':'
POFILES=''
POSUB='po'
PO_IN_DATADIR_FALSE=''
PO_IN_DATADIR_TRUE=''
RANLIB='ranlib'
SED='/bin/sed'
SET_MAKE=''
SHELL='/bin/bash'
STRIP='strip'
USE_NLS='yes'
VERSION='0.1'
XGETTEXT='/usr/bin/xgettext'
ac_ct_AR='ar'
ac_ct_CC='gcc'
ac_ct_DUMPBIN=''
am__EXEEXT_FALSE=''
am__EXEEXT_TRUE='#'
am__fastdepCC_FALSE='#'
am__fastdepCC_TRUE=''
am__include='include'
am__isrc=' -I$(srcdir)'
am__leading_dot='.'
am__nodep='_no'
am__quote=''
am__tar='$${TAR-tar} chof - "$$tardir"'
am__untar='$${TAR-tar} xf -'
bindir='${exec_prefix}/bin'
build='i686-pc-linux-gnu'
build_alias=''
build_cpu='i686'
build_os='linux-gnu'
build_vendor='pc'
datadir='${datarootdir}'
datarootdir='${prefix}/share'
docdir='${datarootdir}/doc/${PACKAGE_TARNAME}'
dvidir='${docdir}'
exec_prefix='${prefix}'
host='i686-pc-linux-gnu'
host_alias=''
host_cpu='i686'
host_os='linux-gnu'
host_vendor='pc'
htmldir='${docdir}'
includedir='${prefix}/include'
infodir='${datarootdir}/info'
install_sh='${SHELL} /home/chen/projects/foobar-sample/install-sh'
intltool__v_merge_options_0='-q'
intltool__v_merge_options_='$(intltool__v_merge_options_$(AM_DEFAULT_VERBOSITY))'
libdir='${exec_prefix}/lib'
libexecdir='${exec_prefix}/libexec'
localedir='${datarootdir}/locale'
localstatedir='${prefix}/var'
mandir='${datarootdir}/man'
mkdir_p='$(MKDIR_P)'
oldincludedir='/usr/include'
pdfdir='${docdir}'
prefix='/usr/local'
program_transform_name='s,x,x,'
psdir='${docdir}'
sbindir='${exec_prefix}/sbin'
sharedstatedir='${prefix}/com'
sysconfdir='${prefix}/etc'
target_alias=''

## ----------- ##
## confdefs.h. ##
## ----------- ##

/* confdefs.h */
#define PACKAGE_NAME "foobar_sample"
#define PACKAGE_TARNAME "foobar_sample"
#define PACKAGE_VERSION "0.1"
#define PACKAGE_STRING "foobar_sample 0.1"
#define PACKAGE_BUGREPORT ""
#define PACKAGE_URL ""
#define PACKAGE "foobar_sample"
#define VERSION "0.1"
#define GETTEXT_PACKAGE "foobar_sample"
#define STDC_HEADERS 1
#define HAVE_SYS_TYPES_H 1
#define HAVE_SYS_STAT_H 1
#define HAVE_STDLIB_H 1
#define HAVE_STRING_H 1
#define HAVE_MEMORY_H 1
#define HAVE_STRINGS_H 1
#define HAVE_INTTYPES_H 1
#define HAVE_STDINT_H 1
#define HAVE_UNISTD_H 1
#define HAVE_LOCALE_H 1
#define HAVE_LC_MESSAGES 1
#define HAVE_BIND_TEXTDOMAIN_CODESET 1
#define HAVE_GETTEXT 1
#define HAVE_DCGETTEXT 1
#define ENABLE_NLS 1
#define HAVE_DLFCN_H 1
#define LT_OBJDIR ".libs/"

configure: exit 0

## ---------------------- ##
## Running config.status. ##
## ---------------------- ##

This file was extended by foobar_sample config.status 0.1, which was
generated by GNU Autoconf 2.69.  Invocation command line was

  CONFIG_FILES    = 
  CONFIG_HEADERS  = 
  CONFIG_LINKS    = 
  CONFIG_COMMANDS = 
  $ ./config.status src/Makefile depfiles

on chen-X450CC

config.status:1159: creating src/Makefile
config.status:1373: executing depfiles commands
