This file contains any messages produced by compilers while
running configure, to aid debugging if configure makes a mistake.

It was created by lzai configure 0.1, which was
generated by GNU Autoconf 2.69.  Invocation command line was

  $ /home/chen/projects/lzai/configure --enable-maintainer-mode CFLAGS=-g -O0 CXXFLAGS=-g -O0 JFLAGS=-g -O0 FFLAGS=-g -O0 --no-create --no-recursion

## --------- ##
## Platform. ##
## --------- ##

hostname = chen-X450CC
uname -m = i686
uname -r = 3.16.0-30-generic
uname -s = Linux
uname -v = #40~14.04.1-Ubuntu SMP Thu Jan 15 17:45:15 UTC 2015

/usr/bin/uname -p = unknown
/bin/uname -X     = unknown

/bin/arch              = unknown
/usr/bin/arch -k       = unknown
/usr/convex/getsysinfo = unknown
/usr/bin/hostinfo      = unknown
/bin/machine           = unknown
/usr/bin/oslevel       = unknown
/bin/universe          = unknown

PATH: /usr/local/sbin
PATH: /usr/local/bin
PATH: /usr/sbin
PATH: /usr/bin
PATH: /sbin
PATH: /bin
PATH: /usr/games
PATH: /usr/local/games
PATH: /home/chen/jdk/bin
PATH: /home/chen/jdk/jre/bin
PATH: /home/chen/tomcat/bin
PATH: /opt/mysql/bin
PATH: /opt/mysql/lib


## ----------- ##
## Core tests. ##
## ----------- ##

configure:2466: checking for a BSD-compatible install
configure:2534: result: /usr/bin/install -c
configure:2545: checking whether build environment is sane
configure:2600: result: yes
configure:2751: checking for a thread-safe mkdir -p
configure:2790: result: /bin/mkdir -p
configure:2797: checking for gawk
configure:2813: found /usr/bin/gawk
configure:2824: result: gawk
configure:2835: checking whether make sets $(MAKE)
configure:2857: result: yes
configure:2886: checking whether make supports nested variables
configure:2903: result: yes
configure:3040: checking whether make supports nested variables
configure:3057: result: yes
configure:3127: checking for g++
configure:3143: found /usr/bin/g++
configure:3154: result: g++
configure:3181: checking for C++ compiler version
configure:3190: g++ --version >&5
g++ (Ubuntu 4.8.4-2ubuntu1~14.04) 4.8.4
Copyright (C) 2013 Free Software Foundation, Inc.
This is free software; see the source for copying conditions.  There is NO
warranty; not even for MERCHANTABILITY or FITNESS FOR A PARTICULAR PURPOSE.

configure:3201: $? = 0
configure:3190: g++ -v >&5
Using built-in specs.
COLLECT_GCC=g++
COLLECT_LTO_WRAPPER=/usr/lib/gcc/i686-linux-gnu/4.8/lto-wrapper
Target: i686-linux-gnu
Configured with: ../src/configure -v --with-pkgversion='Ubuntu 4.8.4-2ubuntu1~14.04' --with-bugurl=file:///usr/share/doc/gcc-4.8/README.Bugs --enable-languages=c,c++,java,go,d,fortran,objc,obj-c++ --prefix=/usr --program-suffix=-4.8 --enable-shared --enable-linker-build-id --libexecdir=/usr/lib --without-included-gettext --enable-threads=posix --with-gxx-include-dir=/usr/include/c++/4.8 --libdir=/usr/lib --enable-nls --with-sysroot=/ --enable-clocale=gnu --enable-libstdcxx-debug --enable-libstdcxx-time=yes --enable-gnu-unique-object --disable-libmudflap --enable-plugin --with-system-zlib --disable-browser-plugin --enable-java-awt=gtk --enable-gtk-cairo --with-java-home=/usr/lib/jvm/java-1.5.0-gcj-4.8-i386/jre --enable-java-home --with-jvm-root-dir=/usr/lib/jvm/java-1.5.0-gcj-4.8-i386 --with-jvm-jar-dir=/usr/lib/jvm-exports/java-1.5.0-gcj-4.8-i386 --with-arch-directory=i386 --with-ecj-jar=/usr/share/java/eclipse-ecj.jar --enable-objc-gc --enable-targets=all --enable-multiarch --disable-werror --with-arch-32=i686 --with-multilib-list=m32,m64,mx32 --with-tune=generic --enable-checking=release --build=i686-linux-gnu --host=i686-linux-gnu --target=i686-linux-gnu
Thread model: posix
gcc version 4.8.4 (Ubuntu 4.8.4-2ubuntu1~14.04) 
configure:3201: $? = 0
configure:3190: g++ -V >&5
g++: error: unrecognized command line option '-V'
g++: fatal error: no input files
compilation terminated.
configure:3201: $? = 4
configure:3190: g++ -qversion >&5
g++: error: unrecognized command line option '-qversion'
g++: fatal error: no input files
compilation terminated.
configure:3201: $? = 4
configure:3221: checking whether the C++ compiler works
configure:3243: g++ -g -O0   conftest.cpp  >&5
configure:3247: $? = 0
configure:3295: result: yes
configure:3298: checking for C++ compiler default output file name
configure:3300: result: a.out
configure:3306: checking for suffix of executables
configure:3313: g++ -o conftest -g -O0   conftest.cpp  >&5
configure:3317: $? = 0
configure:3339: result: 
configure:3361: checking whether we are cross compiling
configure:3369: g++ -o conftest -g -O0   conftest.cpp  >&5
configure:3373: $? = 0
configure:3380: ./conftest
configure:3384: $? = 0
configure:3399: result: no
configure:3404: checking for suffix of object files
configure:3426: g++ -c -g -O0  conftest.cpp >&5
configure:3430: $? = 0
configure:3451: result: o
configure:3455: checking whether we are using the GNU C++ compiler
configure:3474: g++ -c -g -O0  conftest.cpp >&5
configure:3474: $? = 0
configure:3483: result: yes
configure:3492: checking whether g++ accepts -g
configure:3512: g++ -c -g  conftest.cpp >&5
configure:3512: $? = 0
configure:3553: result: yes
configure:3587: checking for style of include used by make
configure:3615: result: GNU
configure:3641: checking dependency style of g++
configure:3752: result: gcc3
configure:3772: checking whether NLS is requested
configure:3781: result: yes
configure:3833: checking for gcc
configure:3849: found /usr/bin/gcc
configure:3860: result: gcc
configure:4089: checking for C compiler version
configure:4098: gcc --version >&5
gcc (Ubuntu 4.8.4-2ubuntu1~14.04) 4.8.4
Copyright (C) 2013 Free Software Foundation, Inc.
This is free software; see the source for copying conditions.  There is NO
warranty; not even for MERCHANTABILITY or FITNESS FOR A PARTICULAR PURPOSE.

configure:4109: $? = 0
configure:4098: gcc -v >&5
Using built-in specs.
COLLECT_GCC=gcc
COLLECT_LTO_WRAPPER=/usr/lib/gcc/i686-linux-gnu/4.8/lto-wrapper
Target: i686-linux-gnu
Configured with: ../src/configure -v --with-pkgversion='Ubuntu 4.8.4-2ubuntu1~14.04' --with-bugurl=file:///usr/share/doc/gcc-4.8/README.Bugs --enable-languages=c,c++,java,go,d,fortran,objc,obj-c++ --prefix=/usr --program-suffix=-4.8 --enable-shared --enable-linker-build-id --libexecdir=/usr/lib --without-included-gettext --enable-threads=posix --with-gxx-include-dir=/usr/include/c++/4.8 --libdir=/usr/lib --enable-nls --with-sysroot=/ --enable-clocale=gnu --enable-libstdcxx-debug --enable-libstdcxx-time=yes --enable-gnu-unique-object --disable-libmudflap --enable-plugin --with-system-zlib --disable-browser-plugin --enable-java-awt=gtk --enable-gtk-cairo --with-java-home=/usr/lib/jvm/java-1.5.0-gcj-4.8-i386/jre --enable-java-home --with-jvm-root-dir=/usr/lib/jvm/java-1.5.0-gcj-4.8-i386 --with-jvm-jar-dir=/usr/lib/jvm-exports/java-1.5.0-gcj-4.8-i386 --with-arch-directory=i386 --with-ecj-jar=/usr/share/java/eclipse-ecj.jar --enable-objc-gc --enable-targets=all --enable-multiarch --disable-werror --with-arch-32=i686 --with-multilib-list=m32,m64,mx32 --with-tune=generic --enable-checking=release --build=i686-linux-gnu --host=i686-linux-gnu --target=i686-linux-gnu
Thread model: posix
gcc version 4.8.4 (Ubuntu 4.8.4-2ubuntu1~14.04) 
configure:4109: $? = 0
configure:4098: gcc -V >&5
gcc: error: unrecognized command line option '-V'
gcc: fatal error: no input files
compilation terminated.
configure:4109: $? = 4
configure:4098: gcc -qversion >&5
gcc: error: unrecognized command line option '-qversion'
gcc: fatal error: no input files
compilation terminated.
configure:4109: $? = 4
configure:4113: checking whether we are using the GNU C compiler
configure:4132: gcc -c -g -O0  conftest.c >&5
configure:4132: $? = 0
configure:4141: result: yes
configure:4150: checking whether gcc accepts -g
configure:4170: gcc -c -g  conftest.c >&5
configure:4170: $? = 0
configure:4211: result: yes
configure:4228: checking for gcc option to accept ISO C89
configure:4291: gcc  -c -g -O0  conftest.c >&5
configure:4291: $? = 0
configure:4304: result: none needed
configure:4329: checking whether gcc understands -c and -o together
configure:4351: gcc -c conftest.c -o conftest2.o
configure:4354: $? = 0
configure:4351: gcc -c conftest.c -o conftest2.o
configure:4354: $? = 0
configure:4366: result: yes
configure:4385: checking dependency style of gcc
configure:4496: result: gcc3
configure:4526: checking for intltool >= 0.35.0
configure:4528: result: 0.50.2 found
configure:4536: checking for intltool-update
configure:4554: found /usr/bin/intltool-update
configure:4566: result: /usr/bin/intltool-update
configure:4576: checking for intltool-merge
configure:4594: found /usr/bin/intltool-merge
configure:4606: result: /usr/bin/intltool-merge
configure:4616: checking for intltool-extract
configure:4634: found /usr/bin/intltool-extract
configure:4646: result: /usr/bin/intltool-extract
configure:4800: checking for xgettext
configure:4818: found /usr/bin/xgettext
configure:4830: result: /usr/bin/xgettext
configure:4840: checking for msgmerge
configure:4858: found /usr/bin/msgmerge
configure:4870: result: /usr/bin/msgmerge
configure:4880: checking for msgfmt
configure:4898: found /usr/bin/msgfmt
configure:4910: result: /usr/bin/msgfmt
configure:4920: checking for gmsgfmt
configure:4951: result: /usr/bin/msgfmt
configure:4971: checking for perl
configure:4989: found /usr/bin/perl
configure:5001: result: /usr/bin/perl
configure:5012: checking for perl >= 5.8.1
configure:5019: result: 5.18.2
configure:5023: checking for XML::Parser
configure:5026: result: ok
configure:5051: gcc -o conftest -g -O0   conftest.c  >&5
configure:5051: $? = 0
configure:5090: checking how to run the C preprocessor
configure:5121: gcc -E  conftest.c
configure:5121: $? = 0
configure:5135: gcc -E  conftest.c
conftest.c:12:28: fatal error: ac_nonexistent.h: No such file or directory
 #include <ac_nonexistent.h>
                            ^
compilation terminated.
configure:5135: $? = 1
configure: failed program was:
| /* confdefs.h */
| #define PACKAGE_NAME "lzai"
| #define PACKAGE_TARNAME "lzai"
| #define PACKAGE_VERSION "0.1"
| #define PACKAGE_STRING "lzai 0.1"
| #define PACKAGE_BUGREPORT ""
| #define PACKAGE_URL ""
| #define PACKAGE "lzai"
| #define VERSION "0.1"
| #define GETTEXT_PACKAGE "lzai"
| /* end confdefs.h.  */
| #include <ac_nonexistent.h>
configure:5160: result: gcc -E
configure:5180: gcc -E  conftest.c
configure:5180: $? = 0
configure:5194: gcc -E  conftest.c
conftest.c:12:28: fatal error: ac_nonexistent.h: No such file or directory
 #include <ac_nonexistent.h>
                            ^
compilation terminated.
configure:5194: $? = 1
configure: failed program was:
| /* confdefs.h */
| #define PACKAGE_NAME "lzai"
| #define PACKAGE_TARNAME "lzai"
| #define PACKAGE_VERSION "0.1"
| #define PACKAGE_STRING "lzai 0.1"
| #define PACKAGE_BUGREPORT ""
| #define PACKAGE_URL ""
| #define PACKAGE "lzai"
| #define VERSION "0.1"
| #define GETTEXT_PACKAGE "lzai"
| /* end confdefs.h.  */
| #include <ac_nonexistent.h>
configure:5223: checking for grep that handles long lines and -e
configure:5281: result: /bin/grep
configure:5286: checking for egrep
configure:5348: result: /bin/grep -E
configure:5353: checking for ANSI C header files
configure:5373: gcc -c -g -O0  conftest.c >&5
configure:5373: $? = 0
configure:5446: gcc -o conftest -g -O0   conftest.c  >&5
configure:5446: $? = 0
configure:5446: ./conftest
configure:5446: $? = 0
configure:5457: result: yes
configure:5470: checking for sys/types.h
configure:5470: gcc -c -g -O0  conftest.c >&5
configure:5470: $? = 0
configure:5470: result: yes
configure:5470: checking for sys/stat.h
configure:5470: gcc -c -g -O0  conftest.c >&5
configure:5470: $? = 0
configure:5470: result: yes
configure:5470: checking for stdlib.h
configure:5470: gcc -c -g -O0  conftest.c >&5
configure:5470: $? = 0
configure:5470: result: yes
configure:5470: checking for string.h
configure:5470: gcc -c -g -O0  conftest.c >&5
configure:5470: $? = 0
configure:5470: result: yes
configure:5470: checking for memory.h
configure:5470: gcc -c -g -O0  conftest.c >&5
configure:5470: $? = 0
configure:5470: result: yes
configure:5470: checking for strings.h
configure:5470: gcc -c -g -O0  conftest.c >&5
configure:5470: $? = 0
configure:5470: result: yes
configure:5470: checking for inttypes.h
configure:5470: gcc -c -g -O0  conftest.c >&5
configure:5470: $? = 0
configure:5470: result: yes
configure:5470: checking for stdint.h
configure:5470: gcc -c -g -O0  conftest.c >&5
configure:5470: $? = 0
configure:5470: result: yes
configure:5470: checking for unistd.h
configure:5470: gcc -c -g -O0  conftest.c >&5
configure:5470: $? = 0
configure:5470: result: yes
configure:5485: checking locale.h usability
configure:5485: gcc -c -g -O0  conftest.c >&5
configure:5485: $? = 0
configure:5485: result: yes
configure:5485: checking locale.h presence
configure:5485: gcc -E  conftest.c
configure:5485: $? = 0
configure:5485: result: yes
configure:5485: checking for locale.h
configure:5485: result: yes
configure:5496: checking for LC_MESSAGES
configure:5512: gcc -o conftest -g -O0   conftest.c  >&5
configure:5512: $? = 0
configure:5520: result: yes
configure:5537: checking libintl.h usability
configure:5537: gcc -c -g -O0  conftest.c >&5
configure:5537: $? = 0
configure:5537: result: yes
configure:5537: checking libintl.h presence
configure:5537: gcc -E  conftest.c
configure:5537: $? = 0
configure:5537: result: yes
configure:5537: checking for libintl.h
configure:5537: result: yes
configure:5545: checking for ngettext in libc
configure:5563: gcc -o conftest -g -O0   conftest.c  >&5
configure:5563: $? = 0
configure:5572: result: yes
configure:5576: checking for dgettext in libc
configure:5594: gcc -o conftest -g -O0   conftest.c  >&5
configure:5594: $? = 0
configure:5603: result: yes
configure:5610: checking for bind_textdomain_codeset
configure:5610: gcc -o conftest -g -O0   conftest.c  >&5
configure:5610: $? = 0
configure:5610: result: yes
configure:5886: checking for msgfmt
configure:5913: result: /usr/bin/msgfmt
configure:5924: checking for dcgettext
configure:5924: gcc -o conftest -g -O0   conftest.c   >&5
conftest.c:49:6: warning: conflicting types for built-in function 'dcgettext' [enabled by default]
 char dcgettext ();
      ^
configure:5924: $? = 0
configure:5924: result: yes
configure:5934: checking if msgfmt accepts -c
configure:5949: $MSGFMT -c -o /dev/null conftest.foo
conftest.foo:3: warning: header field 'Language' missing in header
configure:5952: $? = 0
configure:5954: result: yes
configure:5964: checking for gmsgfmt
configure:5995: result: /usr/bin/msgfmt
configure:6005: checking for xgettext
configure:6032: result: /usr/bin/xgettext
configure:6051: gcc -o conftest -g -O0   conftest.c   >&5
configure:6051: $? = 0
configure:6224: checking build system type
configure:6238: result: i686-pc-linux-gnu
configure:6258: checking host system type
configure:6271: result: i686-pc-linux-gnu
configure:6312: checking how to print strings
configure:6339: result: printf
configure:6360: checking for a sed that does not truncate output
configure:6424: result: /bin/sed
configure:6442: checking for fgrep
configure:6504: result: /bin/grep -F
configure:6539: checking for ld used by gcc
configure:6606: result: /usr/bin/ld
configure:6613: checking if the linker (/usr/bin/ld) is GNU ld
configure:6628: result: yes
configure:6640: checking for BSD- or MS-compatible name lister (nm)
configure:6689: result: /usr/bin/nm -B
configure:6819: checking the name lister (/usr/bin/nm -B) interface
configure:6826: gcc -c -g -O0  conftest.c >&5
configure:6829: /usr/bin/nm -B "conftest.o"
configure:6832: output
00000000 B some_variable
configure:6839: result: BSD nm
configure:6842: checking whether ln -s works
configure:6846: result: yes
configure:6854: checking the maximum length of command line arguments
configure:6985: result: 805306365
configure:7002: checking whether the shell understands some XSI constructs
configure:7012: result: yes
configure:7016: checking whether the shell understands "+="
configure:7022: result: yes
configure:7057: checking how to convert i686-pc-linux-gnu file names to i686-pc-linux-gnu format
configure:7097: result: func_convert_file_noop
configure:7104: checking how to convert i686-pc-linux-gnu file names to toolchain format
configure:7124: result: func_convert_file_noop
configure:7131: checking for /usr/bin/ld option to reload object files
configure:7138: result: -r
configure:7212: checking for objdump
configure:7228: found /usr/bin/objdump
configure:7239: result: objdump
configure:7271: checking how to recognize dependent libraries
configure:7469: result: pass_all
configure:7554: checking for dlltool
configure:7584: result: no
configure:7614: checking how to associate runtime and link libraries
configure:7641: result: printf %s\n
configure:7701: checking for ar
configure:7717: found /usr/bin/ar
configure:7728: result: ar
configure:7765: checking for archiver @FILE support
configure:7782: gcc -c -g -O0  conftest.c >&5
configure:7782: $? = 0
configure:7785: ar cru libconftest.a @conftest.lst >&5
configure:7788: $? = 0
configure:7793: ar cru libconftest.a @conftest.lst >&5
ar: conftest.o: No such file or directory
configure:7796: $? = 1
configure:7808: result: @
configure:7866: checking for strip
configure:7882: found /usr/bin/strip
configure:7893: result: strip
configure:7965: checking for ranlib
configure:7981: found /usr/bin/ranlib
configure:7992: result: ranlib
configure:8094: checking command to parse /usr/bin/nm -B output from gcc object
configure:8214: gcc -c -g -O0  conftest.c >&5
configure:8217: $? = 0
configure:8221: /usr/bin/nm -B conftest.o \| sed -n -e 's/^.*[ ]\([ABCDGIRSTW][ABCDGIRSTW]*\)[ ][ ]*\([_A-Za-z][_A-Za-z0-9]*\)$/\1 \2 \2/p' | sed '/ __gnu_lto/d' \> conftest.nm
configure:8224: $? = 0
configure:8290: gcc -o conftest -g -O0   conftest.c conftstm.o >&5
configure:8293: $? = 0
configure:8331: result: ok
configure:8368: checking for sysroot
configure:8398: result: no
configure:8667: checking for mt
configure:8683: found /bin/mt
configure:8694: result: mt
configure:8717: checking if mt is a manifest tool
configure:8723: mt '-?'
configure:8731: result: no
configure:9370: checking for dlfcn.h
configure:9370: gcc -c -g -O0  conftest.c >&5
configure:9370: $? = 0
configure:9370: result: yes
configure:9587: checking for objdir
configure:9602: result: .libs
configure:9869: checking if gcc supports -fno-rtti -fno-exceptions
configure:9887: gcc -c -g -O0  -fno-rtti -fno-exceptions conftest.c >&5
cc1: warning: command line option '-fno-rtti' is valid for C++/ObjC++ but not for C [enabled by default]
configure:9891: $? = 0
configure:9904: result: no
configure:10231: checking for gcc option to produce PIC
configure:10238: result: -fPIC -DPIC
configure:10246: checking if gcc PIC flag -fPIC -DPIC works
configure:10264: gcc -c -g -O0  -fPIC -DPIC -DPIC conftest.c >&5
configure:10268: $? = 0
configure:10281: result: yes
configure:10310: checking if gcc static flag -static works
configure:10338: result: yes
configure:10353: checking if gcc supports -c -o file.o
configure:10374: gcc -c -g -O0  -o out/conftest2.o conftest.c >&5
configure:10378: $? = 0
configure:10400: result: yes
configure:10408: checking if gcc supports -c -o file.o
configure:10455: result: yes
configure:10488: checking whether the gcc linker (/usr/bin/ld) supports shared libraries
configure:11645: result: yes
configure:11682: checking whether -lc should be explicitly linked in
configure:11690: gcc -c -g -O0  conftest.c >&5
configure:11693: $? = 0
configure:11708: gcc -shared  -fPIC -DPIC conftest.o  -v -Wl,-soname -Wl,conftest -o conftest 2\>\&1 \| /bin/grep  -lc  \>/dev/null 2\>\&1
configure:11711: $? = 0
configure:11725: result: no
configure:11885: checking dynamic linker characteristics
configure:12385: gcc -o conftest -g -O0   -Wl,-rpath -Wl,/foo conftest.c  >&5
configure:12385: $? = 0
configure:12619: result: GNU/Linux ld.so
configure:12726: checking how to hardcode library paths into programs
configure:12751: result: immediate
configure:13291: checking whether stripping libraries is possible
configure:13296: result: yes
configure:13331: checking if libtool supports shared libraries
configure:13333: result: yes
configure:13336: checking whether to build shared libraries
configure:13357: result: yes
configure:13360: checking whether to build static libraries
configure:13364: result: yes
configure:13387: checking how to run the C++ preprocessor
configure:13414: g++ -E  conftest.cpp
configure:13414: $? = 0
configure:13428: g++ -E  conftest.cpp
conftest.cpp:30:28: fatal error: ac_nonexistent.h: No such file or directory
 #include <ac_nonexistent.h>
                            ^
compilation terminated.
configure:13428: $? = 1
configure: failed program was:
| /* confdefs.h */
| #define PACKAGE_NAME "lzai"
| #define PACKAGE_TARNAME "lzai"
| #define PACKAGE_VERSION "0.1"
| #define PACKAGE_STRING "lzai 0.1"
| #define PACKAGE_BUGREPORT ""
| #define PACKAGE_URL ""
| #define PACKAGE "lzai"
| #define VERSION "0.1"
| #define GETTEXT_PACKAGE "lzai"
| #define STDC_HEADERS 1
| #define HAVE_SYS_TYPES_H 1
| #define HAVE_SYS_STAT_H 1
| #define HAVE_STDLIB_H 1
| #define HAVE_STRING_H 1
| #define HAVE_MEMORY_H 1
| #define HAVE_STRINGS_H 1
| #define HAVE_INTTYPES_H 1
| #define HAVE_STDINT_H 1
| #define HAVE_UNISTD_H 1
| #define HAVE_LOCALE_H 1
| #define HAVE_LC_MESSAGES 1
| #define HAVE_BIND_TEXTDOMAIN_CODESET 1
| #define HAVE_GETTEXT 1
| #define HAVE_DCGETTEXT 1
| #define ENABLE_NLS 1
| #define HAVE_DLFCN_H 1
| #define LT_OBJDIR ".libs/"
| /* end confdefs.h.  */
| #include <ac_nonexistent.h>
configure:13453: result: g++ -E
configure:13473: g++ -E  conftest.cpp
configure:13473: $? = 0
configure:13487: g++ -E  conftest.cpp
conftest.cpp:30:28: fatal error: ac_nonexistent.h: No such file or directory
 #include <ac_nonexistent.h>
                            ^
compilation terminated.
configure:13487: $? = 1
configure: failed program was:
| /* confdefs.h */
| #define PACKAGE_NAME "lzai"
| #define PACKAGE_TARNAME "lzai"
| #define PACKAGE_VERSION "0.1"
| #define PACKAGE_STRING "lzai 0.1"
| #define PACKAGE_BUGREPORT ""
| #define PACKAGE_URL ""
| #define PACKAGE "lzai"
| #define VERSION "0.1"
| #define GETTEXT_PACKAGE "lzai"
| #define STDC_HEADERS 1
| #define HAVE_SYS_TYPES_H 1
| #define HAVE_SYS_STAT_H 1
| #define HAVE_STDLIB_H 1
| #define HAVE_STRING_H 1
| #define HAVE_MEMORY_H 1
| #define HAVE_STRINGS_H 1
| #define HAVE_INTTYPES_H 1
| #define HAVE_STDINT_H 1
| #define HAVE_UNISTD_H 1
| #define HAVE_LOCALE_H 1
| #define HAVE_LC_MESSAGES 1
| #define HAVE_BIND_TEXTDOMAIN_CODESET 1
| #define HAVE_GETTEXT 1
| #define HAVE_DCGETTEXT 1
| #define ENABLE_NLS 1
| #define HAVE_DLFCN_H 1
| #define LT_OBJDIR ".libs/"
| /* end confdefs.h.  */
| #include <ac_nonexistent.h>
configure:13656: checking for ld used by g++
configure:13723: result: /usr/bin/ld
configure:13730: checking if the linker (/usr/bin/ld) is GNU ld
configure:13745: result: yes
configure:13800: checking whether the g++ linker (/usr/bin/ld) supports shared libraries
configure:14802: result: yes
configure:14838: g++ -c -g -O0  conftest.cpp >&5
configure:14841: $? = 0
configure:15361: checking for g++ option to produce PIC
configure:15368: result: -fPIC -DPIC
configure:15376: checking if g++ PIC flag -fPIC -DPIC works
configure:15394: g++ -c -g -O0  -fPIC -DPIC -DPIC conftest.cpp >&5
configure:15398: $? = 0
configure:15411: result: yes
configure:15434: checking if g++ static flag -static works
configure:15462: result: yes
configure:15474: checking if g++ supports -c -o file.o
configure:15495: g++ -c -g -O0  -o out/conftest2.o conftest.cpp >&5
configure:15499: $? = 0
configure:15521: result: yes
configure:15526: checking if g++ supports -c -o file.o
configure:15573: result: yes
configure:15603: checking whether the g++ linker (/usr/bin/ld) supports shared libraries
configure:15642: result: yes
configure:15783: checking dynamic linker characteristics
configure:16451: result: GNU/Linux ld.so
configure:16504: checking how to hardcode library paths into programs
configure:16529: result: immediate
configure:16649: checking for pkg-config
configure:16667: found /usr/bin/pkg-config
configure:16679: result: /usr/bin/pkg-config
configure:16704: checking pkg-config is at least version 0.9.0
configure:16707: result: yes
configure:16717: checking for LIBCURL
configure:16724: $PKG_CONFIG --exists --print-errors "libcurl"
configure:16727: $? = 0
configure:16741: $PKG_CONFIG --exists --print-errors "libcurl"
configure:16744: $? = 0
configure:16802: result: yes
configure:16809: checking for OPENSSL
configure:16816: $PKG_CONFIG --exists --print-errors "openssl"
configure:16819: $? = 0
configure:16833: $PKG_CONFIG --exists --print-errors "openssl"
configure:16836: $? = 0
configure:16894: result: yes
configure:16901: checking for LIBCRYPTO
configure:16908: $PKG_CONFIG --exists --print-errors "libcrypto"
configure:16911: $? = 0
configure:16925: $PKG_CONFIG --exists --print-errors "libcrypto"
configure:16928: $? = 0
configure:16986: result: yes
configure:17102: checking that generated files are newer than configure
configure:17108: result: done
configure:17139: creating ./config.status
configure:19652: WARNING: unrecognized options: --enable-maintainer-mode

## ---------------- ##
## Cache variables. ##
## ---------------- ##

ac_cv_build=i686-pc-linux-gnu
ac_cv_c_compiler_gnu=yes
ac_cv_cxx_compiler_gnu=yes
ac_cv_env_CCC_set=
ac_cv_env_CCC_value=
ac_cv_env_CC_set=
ac_cv_env_CC_value=
ac_cv_env_CFLAGS_set=set
ac_cv_env_CFLAGS_value='-g -O0'
ac_cv_env_CPPFLAGS_set=
ac_cv_env_CPPFLAGS_value=
ac_cv_env_CPP_set=
ac_cv_env_CPP_value=
ac_cv_env_CXXCPP_set=
ac_cv_env_CXXCPP_value=
ac_cv_env_CXXFLAGS_set=set
ac_cv_env_CXXFLAGS_value='-g -O0'
ac_cv_env_CXX_set=
ac_cv_env_CXX_value=
ac_cv_env_LDFLAGS_set=
ac_cv_env_LDFLAGS_value=
ac_cv_env_LIBCRYPTO_CFLAGS_set=
ac_cv_env_LIBCRYPTO_CFLAGS_value=
ac_cv_env_LIBCRYPTO_LIBS_set=
ac_cv_env_LIBCRYPTO_LIBS_value=
ac_cv_env_LIBCURL_CFLAGS_set=
ac_cv_env_LIBCURL_CFLAGS_value=
ac_cv_env_LIBCURL_LIBS_set=
ac_cv_env_LIBCURL_LIBS_value=
ac_cv_env_LIBS_set=
ac_cv_env_LIBS_value=
ac_cv_env_OPENSSL_CFLAGS_set=
ac_cv_env_OPENSSL_CFLAGS_value=
ac_cv_env_OPENSSL_LIBS_set=
ac_cv_env_OPENSSL_LIBS_value=
ac_cv_env_PKG_CONFIG_LIBDIR_set=
ac_cv_env_PKG_CONFIG_LIBDIR_value=
ac_cv_env_PKG_CONFIG_PATH_set=
ac_cv_env_PKG_CONFIG_PATH_value=
ac_cv_env_PKG_CONFIG_set=
ac_cv_env_PKG_CONFIG_value=
ac_cv_env_build_alias_set=
ac_cv_env_build_alias_value=
ac_cv_env_host_alias_set=
ac_cv_env_host_alias_value=
ac_cv_env_target_alias_set=
ac_cv_env_target_alias_value=
ac_cv_func_bind_textdomain_codeset=yes
ac_cv_func_dcgettext=yes
ac_cv_header_dlfcn_h=yes
ac_cv_header_inttypes_h=yes
ac_cv_header_libintl_h=yes
ac_cv_header_locale_h=yes
ac_cv_header_memory_h=yes
ac_cv_header_stdc=yes
ac_cv_header_stdint_h=yes
ac_cv_header_stdlib_h=yes
ac_cv_header_string_h=yes
ac_cv_header_strings_h=yes
ac_cv_header_sys_stat_h=yes
ac_cv_header_sys_types_h=yes
ac_cv_header_unistd_h=yes
ac_cv_host=i686-pc-linux-gnu
ac_cv_objext=o
ac_cv_path_EGREP='/bin/grep -E'
ac_cv_path_FGREP='/bin/grep -F'
ac_cv_path_GMSGFMT=/usr/bin/msgfmt
ac_cv_path_GREP=/bin/grep
ac_cv_path_INTLTOOL_EXTRACT=/usr/bin/intltool-extract
ac_cv_path_INTLTOOL_MERGE=/usr/bin/intltool-merge
ac_cv_path_INTLTOOL_PERL=/usr/bin/perl
ac_cv_path_INTLTOOL_UPDATE=/usr/bin/intltool-update
ac_cv_path_MSGFMT=/usr/bin/msgfmt
ac_cv_path_MSGMERGE=/usr/bin/msgmerge
ac_cv_path_SED=/bin/sed
ac_cv_path_XGETTEXT=/usr/bin/xgettext
ac_cv_path_ac_pt_PKG_CONFIG=/usr/bin/pkg-config
ac_cv_path_install='/usr/bin/install -c'
ac_cv_path_mkdir=/bin/mkdir
ac_cv_prog_AWK=gawk
ac_cv_prog_CPP='gcc -E'
ac_cv_prog_CXXCPP='g++ -E'
ac_cv_prog_ac_ct_AR=ar
ac_cv_prog_ac_ct_CC=gcc
ac_cv_prog_ac_ct_CXX=g++
ac_cv_prog_ac_ct_MANIFEST_TOOL=mt
ac_cv_prog_ac_ct_OBJDUMP=objdump
ac_cv_prog_ac_ct_RANLIB=ranlib
ac_cv_prog_ac_ct_STRIP=strip
ac_cv_prog_cc_c89=
ac_cv_prog_cc_g=yes
ac_cv_prog_cxx_g=yes
ac_cv_prog_make_make_set=yes
am_cv_CC_dependencies_compiler_type=gcc3
am_cv_CXX_dependencies_compiler_type=gcc3
am_cv_make_support_nested_variables=yes
am_cv_prog_cc_c_o=yes
am_cv_val_LC_MESSAGES=yes
gt_cv_func_dgettext_libc=yes
gt_cv_func_dgettext_libintl=no
gt_cv_func_ngettext_libc=yes
gt_cv_have_gettext=yes
lt_cv_ar_at_file=@
lt_cv_archive_cmds_need_lc=no
lt_cv_deplibs_check_method=pass_all
lt_cv_file_magic_cmd='$MAGIC_CMD'
lt_cv_file_magic_test_file=
lt_cv_ld_reload_flag=-r
lt_cv_nm_interface='BSD nm'
lt_cv_objdir=.libs
lt_cv_path_LD=/usr/bin/ld
lt_cv_path_LDCXX=/usr/bin/ld
lt_cv_path_NM='/usr/bin/nm -B'
lt_cv_path_mainfest_tool=no
lt_cv_prog_compiler_c_o=yes
lt_cv_prog_compiler_c_o_CXX=yes
lt_cv_prog_compiler_pic='-fPIC -DPIC'
lt_cv_prog_compiler_pic_CXX='-fPIC -DPIC'
lt_cv_prog_compiler_pic_works=yes
lt_cv_prog_compiler_pic_works_CXX=yes
lt_cv_prog_compiler_rtti_exceptions=no
lt_cv_prog_compiler_static_works=yes
lt_cv_prog_compiler_static_works_CXX=yes
lt_cv_prog_gnu_ld=yes
lt_cv_prog_gnu_ldcxx=yes
lt_cv_sharedlib_from_linklib_cmd='printf %s\n'
lt_cv_shlibpath_overrides_runpath=no
lt_cv_sys_global_symbol_pipe='sed -n -e '\''s/^.*[	 ]\([ABCDGIRSTW][ABCDGIRSTW]*\)[	 ][	 ]*\([_A-Za-z][_A-Za-z0-9]*\)$/\1 \2 \2/p'\'' | sed '\''/ __gnu_lto/d'\'''
lt_cv_sys_global_symbol_to_c_name_address='sed -n -e '\''s/^: \([^ ]*\)[ ]*$/  {\"\1\", (void *) 0},/p'\'' -e '\''s/^[ABCDGIRSTW]* \([^ ]*\) \([^ ]*\)$/  {"\2", (void *) \&\2},/p'\'''
lt_cv_sys_global_symbol_to_c_name_address_lib_prefix='sed -n -e '\''s/^: \([^ ]*\)[ ]*$/  {\"\1\", (void *) 0},/p'\'' -e '\''s/^[ABCDGIRSTW]* \([^ ]*\) \(lib[^ ]*\)$/  {"\2", (void *) \&\2},/p'\'' -e '\''s/^[ABCDGIRSTW]* \([^ ]*\) \([^ ]*\)$/  {"lib\2", (void *) \&\2},/p'\'''
lt_cv_sys_global_symbol_to_cdecl='sed -n -e '\''s/^T .* \(.*\)$/extern int \1();/p'\'' -e '\''s/^[ABCDGIRSTW]* .* \(.*\)$/extern char \1;/p'\'''
lt_cv_sys_max_cmd_len=805306365
lt_cv_to_host_file_cmd=func_convert_file_noop
lt_cv_to_tool_file_cmd=func_convert_file_noop
pkg_cv_LIBCRYPTO_CFLAGS=' '
pkg_cv_LIBCRYPTO_LIBS='-lcrypto  '
pkg_cv_LIBCURL_CFLAGS='-I/usr/local/include  '
pkg_cv_LIBCURL_LIBS='-L/usr/local/lib -lcurl  '
pkg_cv_OPENSSL_CFLAGS=' '
pkg_cv_OPENSSL_LIBS='-lssl -lcrypto  '

## ----------------- ##
## Output variables. ##
## ----------------- ##

ACLOCAL='${SHELL} /home/chen/projects/lzai/missing aclocal-1.14'
ALL_LINGUAS=''
AMDEPBACKSLASH='\'
AMDEP_FALSE='#'
AMDEP_TRUE=''
AMTAR='$${TAR-tar}'
AM_BACKSLASH='\'
AM_DEFAULT_V='$(AM_DEFAULT_VERBOSITY)'
AM_DEFAULT_VERBOSITY='0'
AM_V='$(V)'
AR='ar'
AUTOCONF='${SHELL} /home/chen/projects/lzai/missing autoconf'
AUTOHEADER='${SHELL} /home/chen/projects/lzai/missing autoheader'
AUTOMAKE='${SHELL} /home/chen/projects/lzai/missing automake-1.14'
AWK='gawk'
CATALOGS=''
CATOBJEXT='.gmo'
CC='gcc'
CCDEPMODE='depmode=gcc3'
CFLAGS='-g -O0'
CPP='gcc -E'
CPPFLAGS=''
CXX='g++'
CXXCPP='g++ -E'
CXXDEPMODE='depmode=gcc3'
CXXFLAGS='-g -O0'
CYGPATH_W='echo'
DATADIRNAME='share'
DEFS='-DHAVE_CONFIG_H'
DEPDIR='.deps'
DLLTOOL='false'
DSYMUTIL=''
DUMPBIN=''
ECHO_C=''
ECHO_N='-n'
ECHO_T=''
EGREP='/bin/grep -E'
EXEEXT=''
FGREP='/bin/grep -F'
GETTEXT_PACKAGE='lzai'
GMOFILES=''
GMSGFMT='/usr/bin/msgfmt'
GREP='/bin/grep'
INSTALL_DATA='${INSTALL} -m 644'
INSTALL_PROGRAM='${INSTALL}'
INSTALL_SCRIPT='${INSTALL}'
INSTALL_STRIP_PROGRAM='$(install_sh) -c -s'
INSTOBJEXT='.mo'
INTLLIBS=''
INTLTOOL_CAVES_RULE='%.caves:     %.caves.in     $(INTLTOOL_MERGE) $(wildcard $(top_srcdir)/po/*.po) ; $(INTLTOOL_V_MERGE)LC_ALL=C $(INTLTOOL_MERGE) $(INTLTOOL_V_MERGE_OPTIONS) -d -u -c $(top_builddir)/po/.intltool-merge-cache $(top_srcdir)/po $< $@'
INTLTOOL_DESKTOP_RULE='%.desktop:   %.desktop.in   $(INTLTOOL_MERGE) $(wildcard $(top_srcdir)/po/*.po) ; $(INTLTOOL_V_MERGE)LC_ALL=C $(INTLTOOL_MERGE) $(INTLTOOL_V_MERGE_OPTIONS) -d -u -c $(top_builddir)/po/.intltool-merge-cache $(top_srcdir)/po $< $@'
INTLTOOL_DIRECTORY_RULE='%.directory: %.directory.in $(INTLTOOL_MERGE) $(wildcard $(top_srcdir)/po/*.po) ; $(INTLTOOL_V_MERGE)LC_ALL=C $(INTLTOOL_MERGE) $(INTLTOOL_V_MERGE_OPTIONS) -d -u -c $(top_builddir)/po/.intltool-merge-cache $(top_srcdir)/po $< $@'
INTLTOOL_EXTRACT='/usr/bin/intltool-extract'
INTLTOOL_KBD_RULE='%.kbd:       %.kbd.in       $(INTLTOOL_MERGE) $(wildcard $(top_srcdir)/po/*.po) ; $(INTLTOOL_V_MERGE)LC_ALL=C $(INTLTOOL_MERGE) $(INTLTOOL_V_MERGE_OPTIONS) -x -u -m -c $(top_builddir)/po/.intltool-merge-cache $(top_srcdir)/po $< $@'
INTLTOOL_KEYS_RULE='%.keys:      %.keys.in      $(INTLTOOL_MERGE) $(wildcard $(top_srcdir)/po/*.po) ; $(INTLTOOL_V_MERGE)LC_ALL=C $(INTLTOOL_MERGE) $(INTLTOOL_V_MERGE_OPTIONS) -k -u -c $(top_builddir)/po/.intltool-merge-cache $(top_srcdir)/po $< $@'
INTLTOOL_MERGE='/usr/bin/intltool-merge'
INTLTOOL_OAF_RULE='%.oaf:       %.oaf.in       $(INTLTOOL_MERGE) $(wildcard $(top_srcdir)/po/*.po) ; $(INTLTOOL_V_MERGE)LC_ALL=C $(INTLTOOL_MERGE) $(INTLTOOL_V_MERGE_OPTIONS) -o -p $(top_srcdir)/po $< $@'
INTLTOOL_PERL='/usr/bin/perl'
INTLTOOL_POLICY_RULE='%.policy:    %.policy.in    $(INTLTOOL_MERGE) $(wildcard $(top_srcdir)/po/*.po) ; $(INTLTOOL_V_MERGE)LC_ALL=C $(INTLTOOL_MERGE) $(INTLTOOL_V_MERGE_OPTIONS) -x -u -c $(top_builddir)/po/.intltool-merge-cache $(top_srcdir)/po $< $@'
INTLTOOL_PONG_RULE='%.pong:      %.pong.in      $(INTLTOOL_MERGE) $(wildcard $(top_srcdir)/po/*.po) ; $(INTLTOOL_V_MERGE)LC_ALL=C $(INTLTOOL_MERGE) $(INTLTOOL_V_MERGE_OPTIONS) -x -u -c $(top_builddir)/po/.intltool-merge-cache $(top_srcdir)/po $< $@'
INTLTOOL_PROP_RULE='%.prop:      %.prop.in      $(INTLTOOL_MERGE) $(wildcard $(top_srcdir)/po/*.po) ; $(INTLTOOL_V_MERGE)LC_ALL=C $(INTLTOOL_MERGE) $(INTLTOOL_V_MERGE_OPTIONS) -d -u -c $(top_builddir)/po/.intltool-merge-cache $(top_srcdir)/po $< $@'
INTLTOOL_SCHEMAS_RULE='%.schemas:   %.schemas.in   $(INTLTOOL_MERGE) $(wildcard $(top_srcdir)/po/*.po) ; $(INTLTOOL_V_MERGE)LC_ALL=C $(INTLTOOL_MERGE) $(INTLTOOL_V_MERGE_OPTIONS) -s -u -c $(top_builddir)/po/.intltool-merge-cache $(top_srcdir)/po $< $@'
INTLTOOL_SERVER_RULE='%.server:    %.server.in    $(INTLTOOL_MERGE) $(wildcard $(top_srcdir)/po/*.po) ; $(INTLTOOL_V_MERGE)LC_ALL=C $(INTLTOOL_MERGE) $(INTLTOOL_V_MERGE_OPTIONS) -o -u -c $(top_builddir)/po/.intltool-merge-cache $(top_srcdir)/po $< $@'
INTLTOOL_SERVICE_RULE='%.service: %.service.in   $(INTLTOOL_MERGE) $(wildcard $(top_srcdir)/po/*.po) ; $(INTLTOOL_V_MERGE)LC_ALL=C $(INTLTOOL_MERGE) $(INTLTOOL_V_MERGE_OPTIONS) -d -u -c $(top_builddir)/po/.intltool-merge-cache $(top_srcdir)/po $< $@'
INTLTOOL_SHEET_RULE='%.sheet:     %.sheet.in     $(INTLTOOL_MERGE) $(wildcard $(top_srcdir)/po/*.po) ; $(INTLTOOL_V_MERGE)LC_ALL=C $(INTLTOOL_MERGE) $(INTLTOOL_V_MERGE_OPTIONS) -x -u -c $(top_builddir)/po/.intltool-merge-cache $(top_srcdir)/po $< $@'
INTLTOOL_SOUNDLIST_RULE='%.soundlist: %.soundlist.in $(INTLTOOL_MERGE) $(wildcard $(top_srcdir)/po/*.po) ; $(INTLTOOL_V_MERGE)LC_ALL=C $(INTLTOOL_MERGE) $(INTLTOOL_V_MERGE_OPTIONS) -d -u -c $(top_builddir)/po/.intltool-merge-cache $(top_srcdir)/po $< $@'
INTLTOOL_THEME_RULE='%.theme:     %.theme.in     $(INTLTOOL_MERGE) $(wildcard $(top_srcdir)/po/*.po) ; $(INTLTOOL_V_MERGE)LC_ALL=C $(INTLTOOL_MERGE) $(INTLTOOL_V_MERGE_OPTIONS) -d -u -c $(top_builddir)/po/.intltool-merge-cache $(top_srcdir)/po $< $@'
INTLTOOL_UI_RULE='%.ui:        %.ui.in        $(INTLTOOL_MERGE) $(wildcard $(top_srcdir)/po/*.po) ; $(INTLTOOL_V_MERGE)LC_ALL=C $(INTLTOOL_MERGE) $(INTLTOOL_V_MERGE_OPTIONS) -x -u -c $(top_builddir)/po/.intltool-merge-cache $(top_srcdir)/po $< $@'
INTLTOOL_UPDATE='/usr/bin/intltool-update'
INTLTOOL_V_MERGE='$(INTLTOOL__v_MERGE_$(V))'
INTLTOOL_V_MERGE_OPTIONS='$(intltool__v_merge_options_$(V))'
INTLTOOL_XAM_RULE='%.xam:       %.xml.in       $(INTLTOOL_MERGE) $(wildcard $(top_srcdir)/po/*.po) ; $(INTLTOOL_V_MERGE)LC_ALL=C $(INTLTOOL_MERGE) $(INTLTOOL_V_MERGE_OPTIONS) -x -u -c $(top_builddir)/po/.intltool-merge-cache $(top_srcdir)/po $< $@'
INTLTOOL_XML_NOMERGE_RULE='%.xml:       %.xml.in       $(INTLTOOL_MERGE) ; $(INTLTOOL_V_MERGE)LC_ALL=C $(INTLTOOL_MERGE) $(INTLTOOL_V_MERGE_OPTIONS) -x -u --no-translations $< $@'
INTLTOOL_XML_RULE='%.xml:       %.xml.in       $(INTLTOOL_MERGE) $(wildcard $(top_srcdir)/po/*.po) ; $(INTLTOOL_V_MERGE)LC_ALL=C $(INTLTOOL_MERGE) $(INTLTOOL_V_MERGE_OPTIONS) -x -u -c $(top_builddir)/po/.intltool-merge-cache $(top_srcdir)/po $< $@'
INTLTOOL__v_MERGE_0='@echo "  ITMRG " $@;'
INTLTOOL__v_MERGE_='$(INTLTOOL__v_MERGE_$(AM_DEFAULT_VERBOSITY))'
LD='/usr/bin/ld'
LDFLAGS=''
LIBCRYPTO_CFLAGS=' '
LIBCRYPTO_LIBS='-lcrypto  '
LIBCURL_CFLAGS='-I/usr/local/include  '
LIBCURL_LIBS='-L/usr/local/lib -lcurl  '
LIBOBJS=''
LIBS=''
LIBTOOL='$(SHELL) $(top_builddir)/libtool'
LIPO=''
LN_S='ln -s'
LTLIBOBJS=''
MAKEINFO='${SHELL} /home/chen/projects/lzai/missing makeinfo'
MANIFEST_TOOL=':'
MKDIR_P='/bin/mkdir -p'
MKINSTALLDIRS='/home/chen/projects/lzai/mkinstalldirs'
MSGFMT='/usr/bin/msgfmt'
MSGFMT_OPTS='-c'
MSGMERGE='/usr/bin/msgmerge'
NM='/usr/bin/nm -B'
NMEDIT=''
OBJDUMP='objdump'
OBJEXT='o'
OPENSSL_CFLAGS=' '
OPENSSL_LIBS='-lssl -lcrypto  '
OTOOL64=''
OTOOL=''
PACKAGE='lzai'
PACKAGE_BUGREPORT=''
PACKAGE_NAME='lzai'
PACKAGE_STRING='lzai 0.1'
PACKAGE_TARNAME='lzai'
PACKAGE_URL=''
PACKAGE_VERSION='0.1'
PATH_SEPARATOR=':'
PKG_CONFIG='/usr/bin/pkg-config'
PKG_CONFIG_LIBDIR=''
PKG_CONFIG_PATH=''
POFILES=''
POSUB='po'
PO_IN_DATADIR_FALSE=''
PO_IN_DATADIR_TRUE=''
RANLIB='ranlib'
SED='/bin/sed'
SET_MAKE=''
SHELL='/bin/bash'
STRIP='strip'
USE_NLS='yes'
VERSION='0.1'
XGETTEXT='/usr/bin/xgettext'
ac_ct_AR='ar'
ac_ct_CC='gcc'
ac_ct_CXX='g++'
ac_ct_DUMPBIN=''
am__EXEEXT_FALSE=''
am__EXEEXT_TRUE='#'
am__fastdepCC_FALSE='#'
am__fastdepCC_TRUE=''
am__fastdepCXX_FALSE='#'
am__fastdepCXX_TRUE=''
am__include='include'
am__isrc=' -I$(srcdir)'
am__leading_dot='.'
am__nodep='_no'
am__quote=''
am__tar='$${TAR-tar} chof - "$$tardir"'
am__untar='$${TAR-tar} xf -'
bindir='${exec_prefix}/bin'
build='i686-pc-linux-gnu'
build_alias=''
build_cpu='i686'
build_os='linux-gnu'
build_vendor='pc'
datadir='${datarootdir}'
datarootdir='${prefix}/share'
docdir='${datarootdir}/doc/${PACKAGE_TARNAME}'
dvidir='${docdir}'
exec_prefix='${prefix}'
host='i686-pc-linux-gnu'
host_alias=''
host_cpu='i686'
host_os='linux-gnu'
host_vendor='pc'
htmldir='${docdir}'
includedir='${prefix}/include'
infodir='${datarootdir}/info'
install_sh='${SHELL} /home/chen/projects/lzai/install-sh'
intltool__v_merge_options_0='-q'
intltool__v_merge_options_='$(intltool__v_merge_options_$(AM_DEFAULT_VERBOSITY))'
libdir='${exec_prefix}/lib'
libexecdir='${exec_prefix}/libexec'
localedir='${datarootdir}/locale'
localstatedir='${prefix}/var'
mandir='${datarootdir}/man'
mkdir_p='$(MKDIR_P)'
oldincludedir='/usr/include'
pdfdir='${docdir}'
prefix='/usr/local'
program_transform_name='s,x,x,'
psdir='${docdir}'
sbindir='${exec_prefix}/sbin'
sharedstatedir='${prefix}/com'
sysconfdir='${prefix}/etc'
target_alias=''

## ----------- ##
## confdefs.h. ##
## ----------- ##

/* confdefs.h */
#define PACKAGE_NAME "lzai"
#define PACKAGE_TARNAME "lzai"
#define PACKAGE_VERSION "0.1"
#define PACKAGE_STRING "lzai 0.1"
#define PACKAGE_BUGREPORT ""
#define PACKAGE_URL ""
#define PACKAGE "lzai"
#define VERSION "0.1"
#define GETTEXT_PACKAGE "lzai"
#define STDC_HEADERS 1
#define HAVE_SYS_TYPES_H 1
#define HAVE_SYS_STAT_H 1
#define HAVE_STDLIB_H 1
#define HAVE_STRING_H 1
#define HAVE_MEMORY_H 1
#define HAVE_STRINGS_H 1
#define HAVE_INTTYPES_H 1
#define HAVE_STDINT_H 1
#define HAVE_UNISTD_H 1
#define HAVE_LOCALE_H 1
#define HAVE_LC_MESSAGES 1
#define HAVE_BIND_TEXTDOMAIN_CODESET 1
#define HAVE_GETTEXT 1
#define HAVE_DCGETTEXT 1
#define ENABLE_NLS 1
#define HAVE_DLFCN_H 1
#define LT_OBJDIR ".libs/"

configure: exit 0

## ---------------------- ##
## Running config.status. ##
## ---------------------- ##

This file was extended by lzai config.status 0.1, which was
generated by GNU Autoconf 2.69.  Invocation command line was

  CONFIG_FILES    = 
  CONFIG_HEADERS  = 
  CONFIG_LINKS    = 
  CONFIG_COMMANDS = 
  $ ./config.status 

on chen-X450CC

config.status:1231: creating Makefile
config.status:1231: creating src/Makefile
config.status:1231: creating po/Makefile.in
config.status:1231: creating config.h
config.status:1397: config.h is unchanged
config.status:1445: executing depfiles commands
config.status:1445: executing default-1 commands
config.status:1445: executing libtool commands
config.status:1445: executing po/stamp-it commands

## ---------------------- ##
## Running config.status. ##
## ---------------------- ##

This file was extended by lzai config.status 0.1, which was
generated by GNU Autoconf 2.69.  Invocation command line was

  CONFIG_FILES    = 
  CONFIG_HEADERS  = 
  CONFIG_LINKS    = 
  CONFIG_COMMANDS = 
  $ ./config.status src/Makefile depfiles

on chen-X450CC

config.status:1231: creating src/Makefile
config.status:1445: executing depfiles commands

## ---------------------- ##
## Running config.status. ##
## ---------------------- ##

This file was extended by lzai config.status 0.1, which was
generated by GNU Autoconf 2.69.  Invocation command line was

  CONFIG_FILES    = 
  CONFIG_HEADERS  = 
  CONFIG_LINKS    = 
  CONFIG_COMMANDS = 
  $ ./config.status src/Makefile depfiles

on chen-X450CC

config.status:1231: creating src/Makefile
config.status:1445: executing depfiles commands

## ---------------------- ##
## Running config.status. ##
## ---------------------- ##

This file was extended by lzai config.status 0.1, which was
generated by GNU Autoconf 2.69.  Invocation command line was

  CONFIG_FILES    = 
  CONFIG_HEADERS  = 
  CONFIG_LINKS    = 
  CONFIG_COMMANDS = 
  $ ./config.status src/Makefile depfiles

on chen-X450CC

config.status:1231: creating src/Makefile
config.status:1445: executing depfiles commands

## ---------------------- ##
## Running config.status. ##
## ---------------------- ##

This file was extended by lzai config.status 0.1, which was
generated by GNU Autoconf 2.69.  Invocation command line was

  CONFIG_FILES    = 
  CONFIG_HEADERS  = 
  CONFIG_LINKS    = 
  CONFIG_COMMANDS = 
  $ ./config.status config.h

on chen-X450CC

config.status:1231: creating config.h
config.status:1397: config.h is unchanged

## ---------------------- ##
## Running config.status. ##
## ---------------------- ##

This file was extended by lzai config.status 0.1, which was
generated by GNU Autoconf 2.69.  Invocation command line was

  CONFIG_FILES    = 
  CONFIG_HEADERS  = 
  CONFIG_LINKS    = 
  CONFIG_COMMANDS = 
  $ ./config.status src/Makefile depfiles

on chen-X450CC

config.status:1231: creating src/Makefile
config.status:1445: executing depfiles commands
