This file contains any messages produced by compilers while
running configure, to aid debugging if configure makes a mistake.

It was created by gsbox configure 0.1, which was
generated by GNU Autoconf 2.69.  Invocation command line was

  $ /home/chen/projects/gsbox/configure --enable-maintainer-mode CFLAGS=-g -O0 CXXFLAGS=-g -O0 JFLAGS=-g -O0 FFLAGS=-g -O0 --no-create --no-recursion

## --------- ##
## Platform. ##
## --------- ##

hostname = chen-X450CC
uname -m = i686
uname -r = 3.16.0-30-generic
uname -s = Linux
uname -v = #40~14.04.1-Ubuntu SMP Thu Jan 15 17:45:15 UTC 2015

/usr/bin/uname -p = unknown
/bin/uname -X     = unknown

/bin/arch              = unknown
/usr/bin/arch -k       = unknown
/usr/convex/getsysinfo = unknown
/usr/bin/hostinfo      = unknown
/bin/machine           = unknown
/usr/bin/oslevel       = unknown
/bin/universe          = unknown

PATH: /usr/local/sbin
PATH: /usr/local/bin
PATH: /usr/sbin
PATH: /usr/bin
PATH: /sbin
PATH: /bin
PATH: /usr/games
PATH: /usr/local/games
PATH: /home/chen/jdk/bin
PATH: /home/chen/jdk/jre/bin
PATH: /home/chen/tomcat/bin
PATH: /opt/mysql/bin
PATH: /opt/mysql/lib


## ----------- ##
## Core tests. ##
## ----------- ##

configure:2465: checking for a BSD-compatible install
configure:2533: result: /usr/bin/install -c
configure:2544: checking whether build environment is sane
configure:2599: result: yes
configure:2750: checking for a thread-safe mkdir -p
configure:2789: result: /bin/mkdir -p
configure:2796: checking for gawk
configure:2812: found /usr/bin/gawk
configure:2823: result: gawk
configure:2834: checking whether make sets $(MAKE)
configure:2856: result: yes
configure:2885: checking whether make supports nested variables
configure:2902: result: yes
configure:3039: checking whether make supports nested variables
configure:3056: result: yes
configure:3126: checking for g++
configure:3142: found /usr/bin/g++
configure:3153: result: g++
configure:3180: checking for C++ compiler version
configure:3189: g++ --version >&5
g++ (Ubuntu 4.8.4-2ubuntu1~14.04) 4.8.4
Copyright (C) 2013 Free Software Foundation, Inc.
This is free software; see the source for copying conditions.  There is NO
warranty; not even for MERCHANTABILITY or FITNESS FOR A PARTICULAR PURPOSE.

configure:3200: $? = 0
configure:3189: g++ -v >&5
Using built-in specs.
COLLECT_GCC=g++
COLLECT_LTO_WRAPPER=/usr/lib/gcc/i686-linux-gnu/4.8/lto-wrapper
Target: i686-linux-gnu
Configured with: ../src/configure -v --with-pkgversion='Ubuntu 4.8.4-2ubuntu1~14.04' --with-bugurl=file:///usr/share/doc/gcc-4.8/README.Bugs --enable-languages=c,c++,java,go,d,fortran,objc,obj-c++ --prefix=/usr --program-suffix=-4.8 --enable-shared --enable-linker-build-id --libexecdir=/usr/lib --without-included-gettext --enable-threads=posix --with-gxx-include-dir=/usr/include/c++/4.8 --libdir=/usr/lib --enable-nls --with-sysroot=/ --enable-clocale=gnu --enable-libstdcxx-debug --enable-libstdcxx-time=yes --enable-gnu-unique-object --disable-libmudflap --enable-plugin --with-system-zlib --disable-browser-plugin --enable-java-awt=gtk --enable-gtk-cairo --with-java-home=/usr/lib/jvm/java-1.5.0-gcj-4.8-i386/jre --enable-java-home --with-jvm-root-dir=/usr/lib/jvm/java-1.5.0-gcj-4.8-i386 --with-jvm-jar-dir=/usr/lib/jvm-exports/java-1.5.0-gcj-4.8-i386 --with-arch-directory=i386 --with-ecj-jar=/usr/share/java/eclipse-ecj.jar --enable-objc-gc --enable-targets=all --enable-multiarch --disable-werror --with-arch-32=i686 --with-multilib-list=m32,m64,mx32 --with-tune=generic --enable-checking=release --build=i686-linux-gnu --host=i686-linux-gnu --target=i686-linux-gnu
Thread model: posix
gcc version 4.8.4 (Ubuntu 4.8.4-2ubuntu1~14.04) 
configure:3200: $? = 0
configure:3189: g++ -V >&5
g++: error: unrecognized command line option '-V'
g++: fatal error: no input files
compilation terminated.
configure:3200: $? = 4
configure:3189: g++ -qversion >&5
g++: error: unrecognized command line option '-qversion'
g++: fatal error: no input files
compilation terminated.
configure:3200: $? = 4
configure:3220: checking whether the C++ compiler works
configure:3242: g++ -g -O0   conftest.cpp  >&5
configure:3246: $? = 0
configure:3294: result: yes
configure:3297: checking for C++ compiler default output file name
configure:3299: result: a.out
configure:3305: checking for suffix of executables
configure:3312: g++ -o conftest -g -O0   conftest.cpp  >&5
configure:3316: $? = 0
configure:3338: result: 
configure:3360: checking whether we are cross compiling
configure:3368: g++ -o conftest -g -O0   conftest.cpp  >&5
configure:3372: $? = 0
configure:3379: ./conftest
configure:3383: $? = 0
configure:3398: result: no
configure:3403: checking for suffix of object files
configure:3425: g++ -c -g -O0  conftest.cpp >&5
configure:3429: $? = 0
configure:3450: result: o
configure:3454: checking whether we are using the GNU C++ compiler
configure:3473: g++ -c -g -O0  conftest.cpp >&5
configure:3473: $? = 0
configure:3482: result: yes
configure:3491: checking whether g++ accepts -g
configure:3511: g++ -c -g  conftest.cpp >&5
configure:3511: $? = 0
configure:3552: result: yes
configure:3586: checking for style of include used by make
configure:3614: result: GNU
configure:3640: checking dependency style of g++
configure:3751: result: gcc3
configure:3771: checking whether NLS is requested
configure:3780: result: yes
configure:3832: checking for gcc
configure:3848: found /usr/bin/gcc
configure:3859: result: gcc
configure:4088: checking for C compiler version
configure:4097: gcc --version >&5
gcc (Ubuntu 4.8.4-2ubuntu1~14.04) 4.8.4
Copyright (C) 2013 Free Software Foundation, Inc.
This is free software; see the source for copying conditions.  There is NO
warranty; not even for MERCHANTABILITY or FITNESS FOR A PARTICULAR PURPOSE.

configure:4108: $? = 0
configure:4097: gcc -v >&5
Using built-in specs.
COLLECT_GCC=gcc
COLLECT_LTO_WRAPPER=/usr/lib/gcc/i686-linux-gnu/4.8/lto-wrapper
Target: i686-linux-gnu
Configured with: ../src/configure -v --with-pkgversion='Ubuntu 4.8.4-2ubuntu1~14.04' --with-bugurl=file:///usr/share/doc/gcc-4.8/README.Bugs --enable-languages=c,c++,java,go,d,fortran,objc,obj-c++ --prefix=/usr --program-suffix=-4.8 --enable-shared --enable-linker-build-id --libexecdir=/usr/lib --without-included-gettext --enable-threads=posix --with-gxx-include-dir=/usr/include/c++/4.8 --libdir=/usr/lib --enable-nls --with-sysroot=/ --enable-clocale=gnu --enable-libstdcxx-debug --enable-libstdcxx-time=yes --enable-gnu-unique-object --disable-libmudflap --enable-plugin --with-system-zlib --disable-browser-plugin --enable-java-awt=gtk --enable-gtk-cairo --with-java-home=/usr/lib/jvm/java-1.5.0-gcj-4.8-i386/jre --enable-java-home --with-jvm-root-dir=/usr/lib/jvm/java-1.5.0-gcj-4.8-i386 --with-jvm-jar-dir=/usr/lib/jvm-exports/java-1.5.0-gcj-4.8-i386 --with-arch-directory=i386 --with-ecj-jar=/usr/share/java/eclipse-ecj.jar --enable-objc-gc --enable-targets=all --enable-multiarch --disable-werror --with-arch-32=i686 --with-multilib-list=m32,m64,mx32 --with-tune=generic --enable-checking=release --build=i686-linux-gnu --host=i686-linux-gnu --target=i686-linux-gnu
Thread model: posix
gcc version 4.8.4 (Ubuntu 4.8.4-2ubuntu1~14.04) 
configure:4108: $? = 0
configure:4097: gcc -V >&5
gcc: error: unrecognized command line option '-V'
gcc: fatal error: no input files
compilation terminated.
configure:4108: $? = 4
configure:4097: gcc -qversion >&5
gcc: error: unrecognized command line option '-qversion'
gcc: fatal error: no input files
compilation terminated.
configure:4108: $? = 4
configure:4112: checking whether we are using the GNU C compiler
configure:4131: gcc -c -g -O0  conftest.c >&5
configure:4131: $? = 0
configure:4140: result: yes
configure:4149: checking whether gcc accepts -g
configure:4169: gcc -c -g  conftest.c >&5
configure:4169: $? = 0
configure:4210: result: yes
configure:4227: checking for gcc option to accept ISO C89
configure:4290: gcc  -c -g -O0  conftest.c >&5
configure:4290: $? = 0
configure:4303: result: none needed
configure:4328: checking whether gcc understands -c and -o together
configure:4350: gcc -c conftest.c -o conftest2.o
configure:4353: $? = 0
configure:4350: gcc -c conftest.c -o conftest2.o
configure:4353: $? = 0
configure:4365: result: yes
configure:4384: checking dependency style of gcc
configure:4495: result: gcc3
configure:4525: checking for intltool >= 0.35.0
configure:4527: result: 0.50.2 found
configure:4535: checking for intltool-update
configure:4553: found /usr/bin/intltool-update
configure:4565: result: /usr/bin/intltool-update
configure:4575: checking for intltool-merge
configure:4593: found /usr/bin/intltool-merge
configure:4605: result: /usr/bin/intltool-merge
configure:4615: checking for intltool-extract
configure:4633: found /usr/bin/intltool-extract
configure:4645: result: /usr/bin/intltool-extract
configure:4799: checking for xgettext
configure:4817: found /usr/bin/xgettext
configure:4829: result: /usr/bin/xgettext
configure:4839: checking for msgmerge
configure:4857: found /usr/bin/msgmerge
configure:4869: result: /usr/bin/msgmerge
configure:4879: checking for msgfmt
configure:4897: found /usr/bin/msgfmt
configure:4909: result: /usr/bin/msgfmt
configure:4919: checking for gmsgfmt
configure:4950: result: /usr/bin/msgfmt
configure:4970: checking for perl
configure:4988: found /usr/bin/perl
configure:5000: result: /usr/bin/perl
configure:5011: checking for perl >= 5.8.1
configure:5018: result: 5.18.2
configure:5022: checking for XML::Parser
configure:5025: result: ok
configure:5050: gcc -o conftest -g -O0   conftest.c  >&5
configure:5050: $? = 0
configure:5089: checking how to run the C preprocessor
configure:5120: gcc -E  conftest.c
configure:5120: $? = 0
configure:5134: gcc -E  conftest.c
conftest.c:12:28: fatal error: ac_nonexistent.h: No such file or directory
 #include <ac_nonexistent.h>
                            ^
compilation terminated.
configure:5134: $? = 1
configure: failed program was:
| /* confdefs.h */
| #define PACKAGE_NAME "gsbox"
| #define PACKAGE_TARNAME "gsbox"
| #define PACKAGE_VERSION "0.1"
| #define PACKAGE_STRING "gsbox 0.1"
| #define PACKAGE_BUGREPORT ""
| #define PACKAGE_URL ""
| #define PACKAGE "gsbox"
| #define VERSION "0.1"
| #define GETTEXT_PACKAGE "gsbox"
| /* end confdefs.h.  */
| #include <ac_nonexistent.h>
configure:5159: result: gcc -E
configure:5179: gcc -E  conftest.c
configure:5179: $? = 0
configure:5193: gcc -E  conftest.c
conftest.c:12:28: fatal error: ac_nonexistent.h: No such file or directory
 #include <ac_nonexistent.h>
                            ^
compilation terminated.
configure:5193: $? = 1
configure: failed program was:
| /* confdefs.h */
| #define PACKAGE_NAME "gsbox"
| #define PACKAGE_TARNAME "gsbox"
| #define PACKAGE_VERSION "0.1"
| #define PACKAGE_STRING "gsbox 0.1"
| #define PACKAGE_BUGREPORT ""
| #define PACKAGE_URL ""
| #define PACKAGE "gsbox"
| #define VERSION "0.1"
| #define GETTEXT_PACKAGE "gsbox"
| /* end confdefs.h.  */
| #include <ac_nonexistent.h>
configure:5222: checking for grep that handles long lines and -e
configure:5280: result: /bin/grep
configure:5285: checking for egrep
configure:5347: result: /bin/grep -E
configure:5352: checking for ANSI C header files
configure:5372: gcc -c -g -O0  conftest.c >&5
configure:5372: $? = 0
configure:5445: gcc -o conftest -g -O0   conftest.c  >&5
configure:5445: $? = 0
configure:5445: ./conftest
configure:5445: $? = 0
configure:5456: result: yes
configure:5469: checking for sys/types.h
configure:5469: gcc -c -g -O0  conftest.c >&5
configure:5469: $? = 0
configure:5469: result: yes
configure:5469: checking for sys/stat.h
configure:5469: gcc -c -g -O0  conftest.c >&5
configure:5469: $? = 0
configure:5469: result: yes
configure:5469: checking for stdlib.h
configure:5469: gcc -c -g -O0  conftest.c >&5
configure:5469: $? = 0
configure:5469: result: yes
configure:5469: checking for string.h
configure:5469: gcc -c -g -O0  conftest.c >&5
configure:5469: $? = 0
configure:5469: result: yes
configure:5469: checking for memory.h
configure:5469: gcc -c -g -O0  conftest.c >&5
configure:5469: $? = 0
configure:5469: result: yes
configure:5469: checking for strings.h
configure:5469: gcc -c -g -O0  conftest.c >&5
configure:5469: $? = 0
configure:5469: result: yes
configure:5469: checking for inttypes.h
configure:5469: gcc -c -g -O0  conftest.c >&5
configure:5469: $? = 0
configure:5469: result: yes
configure:5469: checking for stdint.h
configure:5469: gcc -c -g -O0  conftest.c >&5
configure:5469: $? = 0
configure:5469: result: yes
configure:5469: checking for unistd.h
configure:5469: gcc -c -g -O0  conftest.c >&5
configure:5469: $? = 0
configure:5469: result: yes
configure:5484: checking locale.h usability
configure:5484: gcc -c -g -O0  conftest.c >&5
configure:5484: $? = 0
configure:5484: result: yes
configure:5484: checking locale.h presence
configure:5484: gcc -E  conftest.c
configure:5484: $? = 0
configure:5484: result: yes
configure:5484: checking for locale.h
configure:5484: result: yes
configure:5495: checking for LC_MESSAGES
configure:5511: gcc -o conftest -g -O0   conftest.c  >&5
configure:5511: $? = 0
configure:5519: result: yes
configure:5536: checking libintl.h usability
configure:5536: gcc -c -g -O0  conftest.c >&5
configure:5536: $? = 0
configure:5536: result: yes
configure:5536: checking libintl.h presence
configure:5536: gcc -E  conftest.c
configure:5536: $? = 0
configure:5536: result: yes
configure:5536: checking for libintl.h
configure:5536: result: yes
configure:5544: checking for ngettext in libc
configure:5562: gcc -o conftest -g -O0   conftest.c  >&5
configure:5562: $? = 0
configure:5571: result: yes
configure:5575: checking for dgettext in libc
configure:5593: gcc -o conftest -g -O0   conftest.c  >&5
configure:5593: $? = 0
configure:5602: result: yes
configure:5609: checking for bind_textdomain_codeset
configure:5609: gcc -o conftest -g -O0   conftest.c  >&5
configure:5609: $? = 0
configure:5609: result: yes
configure:5885: checking for msgfmt
configure:5912: result: /usr/bin/msgfmt
configure:5923: checking for dcgettext
configure:5923: gcc -o conftest -g -O0   conftest.c   >&5
conftest.c:49:6: warning: conflicting types for built-in function 'dcgettext' [enabled by default]
 char dcgettext ();
      ^
configure:5923: $? = 0
configure:5923: result: yes
configure:5933: checking if msgfmt accepts -c
configure:5948: $MSGFMT -c -o /dev/null conftest.foo
conftest.foo:3: warning: header field 'Language' missing in header
configure:5951: $? = 0
configure:5953: result: yes
configure:5963: checking for gmsgfmt
configure:5994: result: /usr/bin/msgfmt
configure:6004: checking for xgettext
configure:6031: result: /usr/bin/xgettext
configure:6050: gcc -o conftest -g -O0   conftest.c   >&5
configure:6050: $? = 0
configure:6223: checking build system type
configure:6237: result: i686-pc-linux-gnu
configure:6257: checking host system type
configure:6270: result: i686-pc-linux-gnu
configure:6311: checking how to print strings
configure:6338: result: printf
configure:6359: checking for a sed that does not truncate output
configure:6423: result: /bin/sed
configure:6441: checking for fgrep
configure:6503: result: /bin/grep -F
configure:6538: checking for ld used by gcc
configure:6605: result: /usr/bin/ld
configure:6612: checking if the linker (/usr/bin/ld) is GNU ld
configure:6627: result: yes
configure:6639: checking for BSD- or MS-compatible name lister (nm)
configure:6688: result: /usr/bin/nm -B
configure:6818: checking the name lister (/usr/bin/nm -B) interface
configure:6825: gcc -c -g -O0  conftest.c >&5
configure:6828: /usr/bin/nm -B "conftest.o"
configure:6831: output
00000000 B some_variable
configure:6838: result: BSD nm
configure:6841: checking whether ln -s works
configure:6845: result: yes
configure:6853: checking the maximum length of command line arguments
configure:6984: result: 805306365
configure:7001: checking whether the shell understands some XSI constructs
configure:7011: result: yes
configure:7015: checking whether the shell understands "+="
configure:7021: result: yes
configure:7056: checking how to convert i686-pc-linux-gnu file names to i686-pc-linux-gnu format
configure:7096: result: func_convert_file_noop
configure:7103: checking how to convert i686-pc-linux-gnu file names to toolchain format
configure:7123: result: func_convert_file_noop
configure:7130: checking for /usr/bin/ld option to reload object files
configure:7137: result: -r
configure:7211: checking for objdump
configure:7227: found /usr/bin/objdump
configure:7238: result: objdump
configure:7270: checking how to recognize dependent libraries
configure:7468: result: pass_all
configure:7553: checking for dlltool
configure:7583: result: no
configure:7613: checking how to associate runtime and link libraries
configure:7640: result: printf %s\n
configure:7700: checking for ar
configure:7716: found /usr/bin/ar
configure:7727: result: ar
configure:7764: checking for archiver @FILE support
configure:7781: gcc -c -g -O0  conftest.c >&5
configure:7781: $? = 0
configure:7784: ar cru libconftest.a @conftest.lst >&5
configure:7787: $? = 0
configure:7792: ar cru libconftest.a @conftest.lst >&5
ar: conftest.o: No such file or directory
configure:7795: $? = 1
configure:7807: result: @
configure:7865: checking for strip
configure:7881: found /usr/bin/strip
configure:7892: result: strip
configure:7964: checking for ranlib
configure:7980: found /usr/bin/ranlib
configure:7991: result: ranlib
configure:8093: checking command to parse /usr/bin/nm -B output from gcc object
configure:8213: gcc -c -g -O0  conftest.c >&5
configure:8216: $? = 0
configure:8220: /usr/bin/nm -B conftest.o \| sed -n -e 's/^.*[ ]\([ABCDGIRSTW][ABCDGIRSTW]*\)[ ][ ]*\([_A-Za-z][_A-Za-z0-9]*\)$/\1 \2 \2/p' | sed '/ __gnu_lto/d' \> conftest.nm
configure:8223: $? = 0
configure:8289: gcc -o conftest -g -O0   conftest.c conftstm.o >&5
configure:8292: $? = 0
configure:8330: result: ok
configure:8367: checking for sysroot
configure:8397: result: no
configure:8666: checking for mt
configure:8682: found /bin/mt
configure:8693: result: mt
configure:8716: checking if mt is a manifest tool
configure:8722: mt '-?'
configure:8730: result: no
configure:9369: checking for dlfcn.h
configure:9369: gcc -c -g -O0  conftest.c >&5
configure:9369: $? = 0
configure:9369: result: yes
configure:9586: checking for objdir
configure:9601: result: .libs
configure:9868: checking if gcc supports -fno-rtti -fno-exceptions
configure:9886: gcc -c -g -O0  -fno-rtti -fno-exceptions conftest.c >&5
cc1: warning: command line option '-fno-rtti' is valid for C++/ObjC++ but not for C [enabled by default]
configure:9890: $? = 0
configure:9903: result: no
configure:10230: checking for gcc option to produce PIC
configure:10237: result: -fPIC -DPIC
configure:10245: checking if gcc PIC flag -fPIC -DPIC works
configure:10263: gcc -c -g -O0  -fPIC -DPIC -DPIC conftest.c >&5
configure:10267: $? = 0
configure:10280: result: yes
configure:10309: checking if gcc static flag -static works
configure:10337: result: yes
configure:10352: checking if gcc supports -c -o file.o
configure:10373: gcc -c -g -O0  -o out/conftest2.o conftest.c >&5
configure:10377: $? = 0
configure:10399: result: yes
configure:10407: checking if gcc supports -c -o file.o
configure:10454: result: yes
configure:10487: checking whether the gcc linker (/usr/bin/ld) supports shared libraries
configure:11644: result: yes
configure:11681: checking whether -lc should be explicitly linked in
configure:11689: gcc -c -g -O0  conftest.c >&5
configure:11692: $? = 0
configure:11707: gcc -shared  -fPIC -DPIC conftest.o  -v -Wl,-soname -Wl,conftest -o conftest 2\>\&1 \| /bin/grep  -lc  \>/dev/null 2\>\&1
configure:11710: $? = 0
configure:11724: result: no
configure:11884: checking dynamic linker characteristics
configure:12384: gcc -o conftest -g -O0   -Wl,-rpath -Wl,/foo conftest.c  >&5
configure:12384: $? = 0
configure:12618: result: GNU/Linux ld.so
configure:12725: checking how to hardcode library paths into programs
configure:12750: result: immediate
configure:13290: checking whether stripping libraries is possible
configure:13295: result: yes
configure:13330: checking if libtool supports shared libraries
configure:13332: result: yes
configure:13335: checking whether to build shared libraries
configure:13356: result: yes
configure:13359: checking whether to build static libraries
configure:13363: result: yes
configure:13386: checking how to run the C++ preprocessor
configure:13413: g++ -E  conftest.cpp
configure:13413: $? = 0
configure:13427: g++ -E  conftest.cpp
conftest.cpp:30:28: fatal error: ac_nonexistent.h: No such file or directory
 #include <ac_nonexistent.h>
                            ^
compilation terminated.
configure:13427: $? = 1
configure: failed program was:
| /* confdefs.h */
| #define PACKAGE_NAME "gsbox"
| #define PACKAGE_TARNAME "gsbox"
| #define PACKAGE_VERSION "0.1"
| #define PACKAGE_STRING "gsbox 0.1"
| #define PACKAGE_BUGREPORT ""
| #define PACKAGE_URL ""
| #define PACKAGE "gsbox"
| #define VERSION "0.1"
| #define GETTEXT_PACKAGE "gsbox"
| #define STDC_HEADERS 1
| #define HAVE_SYS_TYPES_H 1
| #define HAVE_SYS_STAT_H 1
| #define HAVE_STDLIB_H 1
| #define HAVE_STRING_H 1
| #define HAVE_MEMORY_H 1
| #define HAVE_STRINGS_H 1
| #define HAVE_INTTYPES_H 1
| #define HAVE_STDINT_H 1
| #define HAVE_UNISTD_H 1
| #define HAVE_LOCALE_H 1
| #define HAVE_LC_MESSAGES 1
| #define HAVE_BIND_TEXTDOMAIN_CODESET 1
| #define HAVE_GETTEXT 1
| #define HAVE_DCGETTEXT 1
| #define ENABLE_NLS 1
| #define HAVE_DLFCN_H 1
| #define LT_OBJDIR ".libs/"
| /* end confdefs.h.  */
| #include <ac_nonexistent.h>
configure:13452: result: g++ -E
configure:13472: g++ -E  conftest.cpp
configure:13472: $? = 0
configure:13486: g++ -E  conftest.cpp
conftest.cpp:30:28: fatal error: ac_nonexistent.h: No such file or directory
 #include <ac_nonexistent.h>
                            ^
compilation terminated.
configure:13486: $? = 1
configure: failed program was:
| /* confdefs.h */
| #define PACKAGE_NAME "gsbox"
| #define PACKAGE_TARNAME "gsbox"
| #define PACKAGE_VERSION "0.1"
| #define PACKAGE_STRING "gsbox 0.1"
| #define PACKAGE_BUGREPORT ""
| #define PACKAGE_URL ""
| #define PACKAGE "gsbox"
| #define VERSION "0.1"
| #define GETTEXT_PACKAGE "gsbox"
| #define STDC_HEADERS 1
| #define HAVE_SYS_TYPES_H 1
| #define HAVE_SYS_STAT_H 1
| #define HAVE_STDLIB_H 1
| #define HAVE_STRING_H 1
| #define HAVE_MEMORY_H 1
| #define HAVE_STRINGS_H 1
| #define HAVE_INTTYPES_H 1
| #define HAVE_STDINT_H 1
| #define HAVE_UNISTD_H 1
| #define HAVE_LOCALE_H 1
| #define HAVE_LC_MESSAGES 1
| #define HAVE_BIND_TEXTDOMAIN_CODESET 1
| #define HAVE_GETTEXT 1
| #define HAVE_DCGETTEXT 1
| #define ENABLE_NLS 1
| #define HAVE_DLFCN_H 1
| #define LT_OBJDIR ".libs/"
| /* end confdefs.h.  */
| #include <ac_nonexistent.h>
configure:13655: checking for ld used by g++
configure:13722: result: /usr/bin/ld
configure:13729: checking if the linker (/usr/bin/ld) is GNU ld
configure:13744: result: yes
configure:13799: checking whether the g++ linker (/usr/bin/ld) supports shared libraries
configure:14801: result: yes
configure:14837: g++ -c -g -O0  conftest.cpp >&5
configure:14840: $? = 0
configure:15360: checking for g++ option to produce PIC
configure:15367: result: -fPIC -DPIC
configure:15375: checking if g++ PIC flag -fPIC -DPIC works
configure:15393: g++ -c -g -O0  -fPIC -DPIC -DPIC conftest.cpp >&5
configure:15397: $? = 0
configure:15410: result: yes
configure:15433: checking if g++ static flag -static works
configure:15461: result: yes
configure:15473: checking if g++ supports -c -o file.o
configure:15494: g++ -c -g -O0  -o out/conftest2.o conftest.cpp >&5
configure:15498: $? = 0
configure:15520: result: yes
configure:15525: checking if g++ supports -c -o file.o
configure:15572: result: yes
configure:15602: checking whether the g++ linker (/usr/bin/ld) supports shared libraries
configure:15641: result: yes
configure:15782: checking dynamic linker characteristics
configure:16450: result: GNU/Linux ld.so
configure:16503: checking how to hardcode library paths into programs
configure:16528: result: immediate
configure:16648: checking for pkg-config
configure:16666: found /usr/bin/pkg-config
configure:16678: result: /usr/bin/pkg-config
configure:16703: checking pkg-config is at least version 0.9.0
configure:16706: result: yes
configure:16716: checking for LIBXML
configure:16723: $PKG_CONFIG --exists --print-errors "libxml-2.0"
configure:16726: $? = 0
configure:16740: $PKG_CONFIG --exists --print-errors "libxml-2.0"
configure:16743: $? = 0
configure:16801: result: yes
configure:16808: checking for LIBEVENT
configure:16816: $PKG_CONFIG --exists --print-errors "libxml-2.0
libevent"
configure:16820: $? = 0
configure:16836: $PKG_CONFIG --exists --print-errors "libxml-2.0
libevent"
configure:16840: $? = 0
configure:16902: result: yes
configure:16909: checking for LIBCRYPTO
configure:16916: $PKG_CONFIG --exists --print-errors "libcrypto"
configure:16919: $? = 0
configure:16933: $PKG_CONFIG --exists --print-errors "libcrypto"
configure:16936: $? = 0
configure:16994: result: yes
configure:17110: checking that generated files are newer than configure
configure:17116: result: done
configure:17147: creating ./config.status
configure:19660: WARNING: unrecognized options: --enable-maintainer-mode

## ---------------- ##
## Cache variables. ##
## ---------------- ##

ac_cv_build=i686-pc-linux-gnu
ac_cv_c_compiler_gnu=yes
ac_cv_cxx_compiler_gnu=yes
ac_cv_env_CCC_set=
ac_cv_env_CCC_value=
ac_cv_env_CC_set=
ac_cv_env_CC_value=
ac_cv_env_CFLAGS_set=set
ac_cv_env_CFLAGS_value='-g -O0'
ac_cv_env_CPPFLAGS_set=
ac_cv_env_CPPFLAGS_value=
ac_cv_env_CPP_set=
ac_cv_env_CPP_value=
ac_cv_env_CXXCPP_set=
ac_cv_env_CXXCPP_value=
ac_cv_env_CXXFLAGS_set=set
ac_cv_env_CXXFLAGS_value='-g -O0'
ac_cv_env_CXX_set=
ac_cv_env_CXX_value=
ac_cv_env_LDFLAGS_set=
ac_cv_env_LDFLAGS_value=
ac_cv_env_LIBCRYPTO_CFLAGS_set=
ac_cv_env_LIBCRYPTO_CFLAGS_value=
ac_cv_env_LIBCRYPTO_LIBS_set=
ac_cv_env_LIBCRYPTO_LIBS_value=
ac_cv_env_LIBEVENT_CFLAGS_set=
ac_cv_env_LIBEVENT_CFLAGS_value=
ac_cv_env_LIBEVENT_LIBS_set=
ac_cv_env_LIBEVENT_LIBS_value=
ac_cv_env_LIBS_set=
ac_cv_env_LIBS_value=
ac_cv_env_LIBXML_CFLAGS_set=
ac_cv_env_LIBXML_CFLAGS_value=
ac_cv_env_LIBXML_LIBS_set=
ac_cv_env_LIBXML_LIBS_value=
ac_cv_env_PKG_CONFIG_LIBDIR_set=
ac_cv_env_PKG_CONFIG_LIBDIR_value=
ac_cv_env_PKG_CONFIG_PATH_set=
ac_cv_env_PKG_CONFIG_PATH_value=
ac_cv_env_PKG_CONFIG_set=
ac_cv_env_PKG_CONFIG_value=
ac_cv_env_build_alias_set=
ac_cv_env_build_alias_value=
ac_cv_env_host_alias_set=
ac_cv_env_host_alias_value=
ac_cv_env_target_alias_set=
ac_cv_env_target_alias_value=
ac_cv_func_bind_textdomain_codeset=yes
ac_cv_func_dcgettext=yes
ac_cv_header_dlfcn_h=yes
ac_cv_header_inttypes_h=yes
ac_cv_header_libintl_h=yes
ac_cv_header_locale_h=yes
ac_cv_header_memory_h=yes
ac_cv_header_stdc=yes
ac_cv_header_stdint_h=yes
ac_cv_header_stdlib_h=yes
ac_cv_header_string_h=yes
ac_cv_header_strings_h=yes
ac_cv_header_sys_stat_h=yes
ac_cv_header_sys_types_h=yes
ac_cv_header_unistd_h=yes
ac_cv_host=i686-pc-linux-gnu
ac_cv_objext=o
ac_cv_path_EGREP='/bin/grep -E'
ac_cv_path_FGREP='/bin/grep -F'
ac_cv_path_GMSGFMT=/usr/bin/msgfmt
ac_cv_path_GREP=/bin/grep
ac_cv_path_INTLTOOL_EXTRACT=/usr/bin/intltool-extract
ac_cv_path_INTLTOOL_MERGE=/usr/bin/intltool-merge
ac_cv_path_INTLTOOL_PERL=/usr/bin/perl
ac_cv_path_INTLTOOL_UPDATE=/usr/bin/intltool-update
ac_cv_path_MSGFMT=/usr/bin/msgfmt
ac_cv_path_MSGMERGE=/usr/bin/msgmerge
ac_cv_path_SED=/bin/sed
ac_cv_path_XGETTEXT=/usr/bin/xgettext
ac_cv_path_ac_pt_PKG_CONFIG=/usr/bin/pkg-config
ac_cv_path_install='/usr/bin/install -c'
ac_cv_path_mkdir=/bin/mkdir
ac_cv_prog_AWK=gawk
ac_cv_prog_CPP='gcc -E'
ac_cv_prog_CXXCPP='g++ -E'
ac_cv_prog_ac_ct_AR=ar
ac_cv_prog_ac_ct_CC=gcc
ac_cv_prog_ac_ct_CXX=g++
ac_cv_prog_ac_ct_MANIFEST_TOOL=mt
ac_cv_prog_ac_ct_OBJDUMP=objdump
ac_cv_prog_ac_ct_RANLIB=ranlib
ac_cv_prog_ac_ct_STRIP=strip
ac_cv_prog_cc_c89=
ac_cv_prog_cc_g=yes
ac_cv_prog_cxx_g=yes
ac_cv_prog_make_make_set=yes
am_cv_CC_dependencies_compiler_type=gcc3
am_cv_CXX_dependencies_compiler_type=gcc3
am_cv_make_support_nested_variables=yes
am_cv_prog_cc_c_o=yes
am_cv_val_LC_MESSAGES=yes
gt_cv_func_dgettext_libc=yes
gt_cv_func_dgettext_libintl=no
gt_cv_func_ngettext_libc=yes
gt_cv_have_gettext=yes
lt_cv_ar_at_file=@
lt_cv_archive_cmds_need_lc=no
lt_cv_deplibs_check_method=pass_all
lt_cv_file_magic_cmd='$MAGIC_CMD'
lt_cv_file_magic_test_file=
lt_cv_ld_reload_flag=-r
lt_cv_nm_interface='BSD nm'
lt_cv_objdir=.libs
lt_cv_path_LD=/usr/bin/ld
lt_cv_path_LDCXX=/usr/bin/ld
lt_cv_path_NM='/usr/bin/nm -B'
lt_cv_path_mainfest_tool=no
lt_cv_prog_compiler_c_o=yes
lt_cv_prog_compiler_c_o_CXX=yes
lt_cv_prog_compiler_pic='-fPIC -DPIC'
lt_cv_prog_compiler_pic_CXX='-fPIC -DPIC'
lt_cv_prog_compiler_pic_works=yes
lt_cv_prog_compiler_pic_works_CXX=yes
lt_cv_prog_compiler_rtti_exceptions=no
lt_cv_prog_compiler_static_works=yes
lt_cv_prog_compiler_static_works_CXX=yes
lt_cv_prog_gnu_ld=yes
lt_cv_prog_gnu_ldcxx=yes
lt_cv_sharedlib_from_linklib_cmd='printf %s\n'
lt_cv_shlibpath_overrides_runpath=no
lt_cv_sys_global_symbol_pipe='sed -n -e '\''s/^.*[	 ]\([ABCDGIRSTW][ABCDGIRSTW]*\)[	 ][	 ]*\([_A-Za-z][_A-Za-z0-9]*\)$/\1 \2 \2/p'\'' | sed '\''/ __gnu_lto/d'\'''
lt_cv_sys_global_symbol_to_c_name_address='sed -n -e '\''s/^: \([^ ]*\)[ ]*$/  {\"\1\", (void *) 0},/p'\'' -e '\''s/^[ABCDGIRSTW]* \([^ ]*\) \([^ ]*\)$/  {"\2", (void *) \&\2},/p'\'''
lt_cv_sys_global_symbol_to_c_name_address_lib_prefix='sed -n -e '\''s/^: \([^ ]*\)[ ]*$/  {\"\1\", (void *) 0},/p'\'' -e '\''s/^[ABCDGIRSTW]* \([^ ]*\) \(lib[^ ]*\)$/  {"\2", (void *) \&\2},/p'\'' -e '\''s/^[ABCDGIRSTW]* \([^ ]*\) \([^ ]*\)$/  {"lib\2", (void *) \&\2},/p'\'''
lt_cv_sys_global_symbol_to_cdecl='sed -n -e '\''s/^T .* \(.*\)$/extern int \1();/p'\'' -e '\''s/^[ABCDGIRSTW]* .* \(.*\)$/extern char \1;/p'\'''
lt_cv_sys_max_cmd_len=805306365
lt_cv_to_host_file_cmd=func_convert_file_noop
lt_cv_to_tool_file_cmd=func_convert_file_noop
pkg_cv_LIBCRYPTO_CFLAGS=' '
pkg_cv_LIBCRYPTO_LIBS='-lcrypto  '
pkg_cv_LIBEVENT_CFLAGS='-I/usr/local/include/libxml2 -I/usr/local/include  '
pkg_cv_LIBEVENT_LIBS='-L/usr/local/lib -lxml2 -levent  '
pkg_cv_LIBXML_CFLAGS='-I/usr/local/include/libxml2  '
pkg_cv_LIBXML_LIBS='-L/usr/local/lib -lxml2  '

## ----------------- ##
## Output variables. ##
## ----------------- ##

ACLOCAL='${SHELL} /home/chen/projects/gsbox/missing aclocal-1.14'
ALL_LINGUAS=''
AMDEPBACKSLASH='\'
AMDEP_FALSE='#'
AMDEP_TRUE=''
AMTAR='$${TAR-tar}'
AM_BACKSLASH='\'
AM_DEFAULT_V='$(AM_DEFAULT_VERBOSITY)'
AM_DEFAULT_VERBOSITY='0'
AM_V='$(V)'
AR='ar'
AUTOCONF='${SHELL} /home/chen/projects/gsbox/missing autoconf'
AUTOHEADER='${SHELL} /home/chen/projects/gsbox/missing autoheader'
AUTOMAKE='${SHELL} /home/chen/projects/gsbox/missing automake-1.14'
AWK='gawk'
CATALOGS=''
CATOBJEXT='.gmo'
CC='gcc'
CCDEPMODE='depmode=gcc3'
CFLAGS='-g -O0'
CPP='gcc -E'
CPPFLAGS=''
CXX='g++'
CXXCPP='g++ -E'
CXXDEPMODE='depmode=gcc3'
CXXFLAGS='-g -O0'
CYGPATH_W='echo'
DATADIRNAME='share'
DEFS='-DHAVE_CONFIG_H'
DEPDIR='.deps'
DLLTOOL='false'
DSYMUTIL=''
DUMPBIN=''
ECHO_C=''
ECHO_N='-n'
ECHO_T=''
EGREP='/bin/grep -E'
EXEEXT=''
FGREP='/bin/grep -F'
GETTEXT_PACKAGE='gsbox'
GMOFILES=''
GMSGFMT='/usr/bin/msgfmt'
GREP='/bin/grep'
INSTALL_DATA='${INSTALL} -m 644'
INSTALL_PROGRAM='${INSTALL}'
INSTALL_SCRIPT='${INSTALL}'
INSTALL_STRIP_PROGRAM='$(install_sh) -c -s'
INSTOBJEXT='.mo'
INTLLIBS=''
INTLTOOL_CAVES_RULE='%.caves:     %.caves.in     $(INTLTOOL_MERGE) $(wildcard $(top_srcdir)/po/*.po) ; $(INTLTOOL_V_MERGE)LC_ALL=C $(INTLTOOL_MERGE) $(INTLTOOL_V_MERGE_OPTIONS) -d -u -c $(top_builddir)/po/.intltool-merge-cache $(top_srcdir)/po $< $@'
INTLTOOL_DESKTOP_RULE='%.desktop:   %.desktop.in   $(INTLTOOL_MERGE) $(wildcard $(top_srcdir)/po/*.po) ; $(INTLTOOL_V_MERGE)LC_ALL=C $(INTLTOOL_MERGE) $(INTLTOOL_V_MERGE_OPTIONS) -d -u -c $(top_builddir)/po/.intltool-merge-cache $(top_srcdir)/po $< $@'
INTLTOOL_DIRECTORY_RULE='%.directory: %.directory.in $(INTLTOOL_MERGE) $(wildcard $(top_srcdir)/po/*.po) ; $(INTLTOOL_V_MERGE)LC_ALL=C $(INTLTOOL_MERGE) $(INTLTOOL_V_MERGE_OPTIONS) -d -u -c $(top_builddir)/po/.intltool-merge-cache $(top_srcdir)/po $< $@'
INTLTOOL_EXTRACT='/usr/bin/intltool-extract'
INTLTOOL_KBD_RULE='%.kbd:       %.kbd.in       $(INTLTOOL_MERGE) $(wildcard $(top_srcdir)/po/*.po) ; $(INTLTOOL_V_MERGE)LC_ALL=C $(INTLTOOL_MERGE) $(INTLTOOL_V_MERGE_OPTIONS) -x -u -m -c $(top_builddir)/po/.intltool-merge-cache $(top_srcdir)/po $< $@'
INTLTOOL_KEYS_RULE='%.keys:      %.keys.in      $(INTLTOOL_MERGE) $(wildcard $(top_srcdir)/po/*.po) ; $(INTLTOOL_V_MERGE)LC_ALL=C $(INTLTOOL_MERGE) $(INTLTOOL_V_MERGE_OPTIONS) -k -u -c $(top_builddir)/po/.intltool-merge-cache $(top_srcdir)/po $< $@'
INTLTOOL_MERGE='/usr/bin/intltool-merge'
INTLTOOL_OAF_RULE='%.oaf:       %.oaf.in       $(INTLTOOL_MERGE) $(wildcard $(top_srcdir)/po/*.po) ; $(INTLTOOL_V_MERGE)LC_ALL=C $(INTLTOOL_MERGE) $(INTLTOOL_V_MERGE_OPTIONS) -o -p $(top_srcdir)/po $< $@'
INTLTOOL_PERL='/usr/bin/perl'
INTLTOOL_POLICY_RULE='%.policy:    %.policy.in    $(INTLTOOL_MERGE) $(wildcard $(top_srcdir)/po/*.po) ; $(INTLTOOL_V_MERGE)LC_ALL=C $(INTLTOOL_MERGE) $(INTLTOOL_V_MERGE_OPTIONS) -x -u -c $(top_builddir)/po/.intltool-merge-cache $(top_srcdir)/po $< $@'
INTLTOOL_PONG_RULE='%.pong:      %.pong.in      $(INTLTOOL_MERGE) $(wildcard $(top_srcdir)/po/*.po) ; $(INTLTOOL_V_MERGE)LC_ALL=C $(INTLTOOL_MERGE) $(INTLTOOL_V_MERGE_OPTIONS) -x -u -c $(top_builddir)/po/.intltool-merge-cache $(top_srcdir)/po $< $@'
INTLTOOL_PROP_RULE='%.prop:      %.prop.in      $(INTLTOOL_MERGE) $(wildcard $(top_srcdir)/po/*.po) ; $(INTLTOOL_V_MERGE)LC_ALL=C $(INTLTOOL_MERGE) $(INTLTOOL_V_MERGE_OPTIONS) -d -u -c $(top_builddir)/po/.intltool-merge-cache $(top_srcdir)/po $< $@'
INTLTOOL_SCHEMAS_RULE='%.schemas:   %.schemas.in   $(INTLTOOL_MERGE) $(wildcard $(top_srcdir)/po/*.po) ; $(INTLTOOL_V_MERGE)LC_ALL=C $(INTLTOOL_MERGE) $(INTLTOOL_V_MERGE_OPTIONS) -s -u -c $(top_builddir)/po/.intltool-merge-cache $(top_srcdir)/po $< $@'
INTLTOOL_SERVER_RULE='%.server:    %.server.in    $(INTLTOOL_MERGE) $(wildcard $(top_srcdir)/po/*.po) ; $(INTLTOOL_V_MERGE)LC_ALL=C $(INTLTOOL_MERGE) $(INTLTOOL_V_MERGE_OPTIONS) -o -u -c $(top_builddir)/po/.intltool-merge-cache $(top_srcdir)/po $< $@'
INTLTOOL_SERVICE_RULE='%.service: %.service.in   $(INTLTOOL_MERGE) $(wildcard $(top_srcdir)/po/*.po) ; $(INTLTOOL_V_MERGE)LC_ALL=C $(INTLTOOL_MERGE) $(INTLTOOL_V_MERGE_OPTIONS) -d -u -c $(top_builddir)/po/.intltool-merge-cache $(top_srcdir)/po $< $@'
INTLTOOL_SHEET_RULE='%.sheet:     %.sheet.in     $(INTLTOOL_MERGE) $(wildcard $(top_srcdir)/po/*.po) ; $(INTLTOOL_V_MERGE)LC_ALL=C $(INTLTOOL_MERGE) $(INTLTOOL_V_MERGE_OPTIONS) -x -u -c $(top_builddir)/po/.intltool-merge-cache $(top_srcdir)/po $< $@'
INTLTOOL_SOUNDLIST_RULE='%.soundlist: %.soundlist.in $(INTLTOOL_MERGE) $(wildcard $(top_srcdir)/po/*.po) ; $(INTLTOOL_V_MERGE)LC_ALL=C $(INTLTOOL_MERGE) $(INTLTOOL_V_MERGE_OPTIONS) -d -u -c $(top_builddir)/po/.intltool-merge-cache $(top_srcdir)/po $< $@'
INTLTOOL_THEME_RULE='%.theme:     %.theme.in     $(INTLTOOL_MERGE) $(wildcard $(top_srcdir)/po/*.po) ; $(INTLTOOL_V_MERGE)LC_ALL=C $(INTLTOOL_MERGE) $(INTLTOOL_V_MERGE_OPTIONS) -d -u -c $(top_builddir)/po/.intltool-merge-cache $(top_srcdir)/po $< $@'
INTLTOOL_UI_RULE='%.ui:        %.ui.in        $(INTLTOOL_MERGE) $(wildcard $(top_srcdir)/po/*.po) ; $(INTLTOOL_V_MERGE)LC_ALL=C $(INTLTOOL_MERGE) $(INTLTOOL_V_MERGE_OPTIONS) -x -u -c $(top_builddir)/po/.intltool-merge-cache $(top_srcdir)/po $< $@'
INTLTOOL_UPDATE='/usr/bin/intltool-update'
INTLTOOL_V_MERGE='$(INTLTOOL__v_MERGE_$(V))'
INTLTOOL_V_MERGE_OPTIONS='$(intltool__v_merge_options_$(V))'
INTLTOOL_XAM_RULE='%.xam:       %.xml.in       $(INTLTOOL_MERGE) $(wildcard $(top_srcdir)/po/*.po) ; $(INTLTOOL_V_MERGE)LC_ALL=C $(INTLTOOL_MERGE) $(INTLTOOL_V_MERGE_OPTIONS) -x -u -c $(top_builddir)/po/.intltool-merge-cache $(top_srcdir)/po $< $@'
INTLTOOL_XML_NOMERGE_RULE='%.xml:       %.xml.in       $(INTLTOOL_MERGE) ; $(INTLTOOL_V_MERGE)LC_ALL=C $(INTLTOOL_MERGE) $(INTLTOOL_V_MERGE_OPTIONS) -x -u --no-translations $< $@'
INTLTOOL_XML_RULE='%.xml:       %.xml.in       $(INTLTOOL_MERGE) $(wildcard $(top_srcdir)/po/*.po) ; $(INTLTOOL_V_MERGE)LC_ALL=C $(INTLTOOL_MERGE) $(INTLTOOL_V_MERGE_OPTIONS) -x -u -c $(top_builddir)/po/.intltool-merge-cache $(top_srcdir)/po $< $@'
INTLTOOL__v_MERGE_0='@echo "  ITMRG " $@;'
INTLTOOL__v_MERGE_='$(INTLTOOL__v_MERGE_$(AM_DEFAULT_VERBOSITY))'
LD='/usr/bin/ld'
LDFLAGS=''
LIBCRYPTO_CFLAGS=' '
LIBCRYPTO_LIBS='-lcrypto  '
LIBEVENT_CFLAGS='-I/usr/local/include/libxml2 -I/usr/local/include  '
LIBEVENT_LIBS='-L/usr/local/lib -lxml2 -levent  '
LIBOBJS=''
LIBS=''
LIBTOOL='$(SHELL) $(top_builddir)/libtool'
LIBXML_CFLAGS='-I/usr/local/include/libxml2  '
LIBXML_LIBS='-L/usr/local/lib -lxml2  '
LIPO=''
LN_S='ln -s'
LTLIBOBJS=''
MAKEINFO='${SHELL} /home/chen/projects/gsbox/missing makeinfo'
MANIFEST_TOOL=':'
MKDIR_P='/bin/mkdir -p'
MKINSTALLDIRS='/home/chen/projects/gsbox/mkinstalldirs'
MSGFMT='/usr/bin/msgfmt'
MSGFMT_OPTS='-c'
MSGMERGE='/usr/bin/msgmerge'
NM='/usr/bin/nm -B'
NMEDIT=''
OBJDUMP='objdump'
OBJEXT='o'
OTOOL64=''
OTOOL=''
PACKAGE='gsbox'
PACKAGE_BUGREPORT=''
PACKAGE_NAME='gsbox'
PACKAGE_STRING='gsbox 0.1'
PACKAGE_TARNAME='gsbox'
PACKAGE_URL=''
PACKAGE_VERSION='0.1'
PATH_SEPARATOR=':'
PKG_CONFIG='/usr/bin/pkg-config'
PKG_CONFIG_LIBDIR=''
PKG_CONFIG_PATH=''
POFILES=''
POSUB='po'
PO_IN_DATADIR_FALSE=''
PO_IN_DATADIR_TRUE=''
RANLIB='ranlib'
SED='/bin/sed'
SET_MAKE=''
SHELL='/bin/bash'
STRIP='strip'
USE_NLS='yes'
VERSION='0.1'
XGETTEXT='/usr/bin/xgettext'
ac_ct_AR='ar'
ac_ct_CC='gcc'
ac_ct_CXX='g++'
ac_ct_DUMPBIN=''
am__EXEEXT_FALSE=''
am__EXEEXT_TRUE='#'
am__fastdepCC_FALSE='#'
am__fastdepCC_TRUE=''
am__fastdepCXX_FALSE='#'
am__fastdepCXX_TRUE=''
am__include='include'
am__isrc=' -I$(srcdir)'
am__leading_dot='.'
am__nodep='_no'
am__quote=''
am__tar='$${TAR-tar} chof - "$$tardir"'
am__untar='$${TAR-tar} xf -'
bindir='${exec_prefix}/bin'
build='i686-pc-linux-gnu'
build_alias=''
build_cpu='i686'
build_os='linux-gnu'
build_vendor='pc'
datadir='${datarootdir}'
datarootdir='${prefix}/share'
docdir='${datarootdir}/doc/${PACKAGE_TARNAME}'
dvidir='${docdir}'
exec_prefix='${prefix}'
host='i686-pc-linux-gnu'
host_alias=''
host_cpu='i686'
host_os='linux-gnu'
host_vendor='pc'
htmldir='${docdir}'
includedir='${prefix}/include'
infodir='${datarootdir}/info'
install_sh='${SHELL} /home/chen/projects/gsbox/install-sh'
intltool__v_merge_options_0='-q'
intltool__v_merge_options_='$(intltool__v_merge_options_$(AM_DEFAULT_VERBOSITY))'
libdir='${exec_prefix}/lib'
libexecdir='${exec_prefix}/libexec'
localedir='${datarootdir}/locale'
localstatedir='${prefix}/var'
mandir='${datarootdir}/man'
mkdir_p='$(MKDIR_P)'
oldincludedir='/usr/include'
pdfdir='${docdir}'
prefix='/usr/local'
program_transform_name='s,x,x,'
psdir='${docdir}'
sbindir='${exec_prefix}/sbin'
sharedstatedir='${prefix}/com'
sysconfdir='${prefix}/etc'
target_alias=''

## ----------- ##
## confdefs.h. ##
## ----------- ##

/* confdefs.h */
#define PACKAGE_NAME "gsbox"
#define PACKAGE_TARNAME "gsbox"
#define PACKAGE_VERSION "0.1"
#define PACKAGE_STRING "gsbox 0.1"
#define PACKAGE_BUGREPORT ""
#define PACKAGE_URL ""
#define PACKAGE "gsbox"
#define VERSION "0.1"
#define GETTEXT_PACKAGE "gsbox"
#define STDC_HEADERS 1
#define HAVE_SYS_TYPES_H 1
#define HAVE_SYS_STAT_H 1
#define HAVE_STDLIB_H 1
#define HAVE_STRING_H 1
#define HAVE_MEMORY_H 1
#define HAVE_STRINGS_H 1
#define HAVE_INTTYPES_H 1
#define HAVE_STDINT_H 1
#define HAVE_UNISTD_H 1
#define HAVE_LOCALE_H 1
#define HAVE_LC_MESSAGES 1
#define HAVE_BIND_TEXTDOMAIN_CODESET 1
#define HAVE_GETTEXT 1
#define HAVE_DCGETTEXT 1
#define ENABLE_NLS 1
#define HAVE_DLFCN_H 1
#define LT_OBJDIR ".libs/"

configure: exit 0

## ---------------------- ##
## Running config.status. ##
## ---------------------- ##

This file was extended by gsbox config.status 0.1, which was
generated by GNU Autoconf 2.69.  Invocation command line was

  CONFIG_FILES    = 
  CONFIG_HEADERS  = 
  CONFIG_LINKS    = 
  CONFIG_COMMANDS = 
  $ ./config.status 

on chen-X450CC

config.status:1231: creating Makefile
config.status:1231: creating src/Makefile
config.status:1231: creating po/Makefile.in
config.status:1231: creating config.h
config.status:1397: config.h is unchanged
config.status:1445: executing depfiles commands
config.status:1445: executing default-1 commands
config.status:1445: executing libtool commands
config.status:1445: executing po/stamp-it commands

## ---------------------- ##
## Running config.status. ##
## ---------------------- ##

This file was extended by gsbox config.status 0.1, which was
generated by GNU Autoconf 2.69.  Invocation command line was

  CONFIG_FILES    = 
  CONFIG_HEADERS  = 
  CONFIG_LINKS    = 
  CONFIG_COMMANDS = 
  $ ./config.status config.h

on chen-X450CC

config.status:1231: creating config.h
config.status:1397: config.h is unchanged

## ---------------------- ##
## Running config.status. ##
## ---------------------- ##

This file was extended by gsbox config.status 0.1, which was
generated by GNU Autoconf 2.69.  Invocation command line was

  CONFIG_FILES    = 
  CONFIG_HEADERS  = 
  CONFIG_LINKS    = 
  CONFIG_COMMANDS = 
  $ ./config.status src/Makefile depfiles

on chen-X450CC

config.status:1231: creating src/Makefile
config.status:1445: executing depfiles commands
