This file contains any messages produced by compilers while
running configure, to aid debugging if configure makes a mistake.

It was created by gsiot configure 0.1, which was
generated by GNU Autoconf 2.69.  Invocation command line was

  $ ./configure --no-create --no-recursion

## --------- ##
## Platform. ##
## --------- ##

hostname = chen-X450CC
uname -m = i686
uname -r = 3.16.0-30-generic
uname -s = Linux
uname -v = #40~14.04.1-Ubuntu SMP Thu Jan 15 17:45:15 UTC 2015

/usr/bin/uname -p = unknown
/bin/uname -X     = unknown

/bin/arch              = unknown
/usr/bin/arch -k       = unknown
/usr/convex/getsysinfo = unknown
/usr/bin/hostinfo      = unknown
/bin/machine           = unknown
/usr/bin/oslevel       = unknown
/bin/universe          = unknown

PATH: /usr/local/sbin
PATH: /usr/local/bin
PATH: /usr/sbin
PATH: /usr/bin
PATH: /sbin
PATH: /bin
PATH: /usr/games
PATH: /usr/local/games
PATH: /home/chen/jdk/bin
PATH: /home/chen/jdk/jre/bin
PATH: /home/chen/tomcat/bin
PATH: /opt/mysql/bin
PATH: /opt/mysql/lib


## ----------- ##
## Core tests. ##
## ----------- ##

configure:2487: checking for a BSD-compatible install
configure:2555: result: /usr/bin/install -c
configure:2566: checking whether build environment is sane
configure:2621: result: yes
configure:2772: checking for a thread-safe mkdir -p
configure:2811: result: /bin/mkdir -p
configure:2818: checking for gawk
configure:2834: found /usr/bin/gawk
configure:2845: result: gawk
configure:2856: checking whether make sets $(MAKE)
configure:2878: result: yes
configure:2907: checking whether make supports nested variables
configure:2924: result: yes
configure:3061: checking whether make supports nested variables
configure:3078: result: yes
configure:3148: checking for g++
configure:3164: found /usr/bin/g++
configure:3175: result: g++
configure:3202: checking for C++ compiler version
configure:3211: g++ --version >&5
g++ (Ubuntu 4.8.4-2ubuntu1~14.04) 4.8.4
Copyright (C) 2013 Free Software Foundation, Inc.
This is free software; see the source for copying conditions.  There is NO
warranty; not even for MERCHANTABILITY or FITNESS FOR A PARTICULAR PURPOSE.

configure:3222: $? = 0
configure:3211: g++ -v >&5
Using built-in specs.
COLLECT_GCC=g++
COLLECT_LTO_WRAPPER=/usr/lib/gcc/i686-linux-gnu/4.8/lto-wrapper
Target: i686-linux-gnu
Configured with: ../src/configure -v --with-pkgversion='Ubuntu 4.8.4-2ubuntu1~14.04' --with-bugurl=file:///usr/share/doc/gcc-4.8/README.Bugs --enable-languages=c,c++,java,go,d,fortran,objc,obj-c++ --prefix=/usr --program-suffix=-4.8 --enable-shared --enable-linker-build-id --libexecdir=/usr/lib --without-included-gettext --enable-threads=posix --with-gxx-include-dir=/usr/include/c++/4.8 --libdir=/usr/lib --enable-nls --with-sysroot=/ --enable-clocale=gnu --enable-libstdcxx-debug --enable-libstdcxx-time=yes --enable-gnu-unique-object --disable-libmudflap --enable-plugin --with-system-zlib --disable-browser-plugin --enable-java-awt=gtk --enable-gtk-cairo --with-java-home=/usr/lib/jvm/java-1.5.0-gcj-4.8-i386/jre --enable-java-home --with-jvm-root-dir=/usr/lib/jvm/java-1.5.0-gcj-4.8-i386 --with-jvm-jar-dir=/usr/lib/jvm-exports/java-1.5.0-gcj-4.8-i386 --with-arch-directory=i386 --with-ecj-jar=/usr/share/java/eclipse-ecj.jar --enable-objc-gc --enable-targets=all --enable-multiarch --disable-werror --with-arch-32=i686 --with-multilib-list=m32,m64,mx32 --with-tune=generic --enable-checking=release --build=i686-linux-gnu --host=i686-linux-gnu --target=i686-linux-gnu
Thread model: posix
gcc version 4.8.4 (Ubuntu 4.8.4-2ubuntu1~14.04) 
configure:3222: $? = 0
configure:3211: g++ -V >&5
g++: error: unrecognized command line option '-V'
g++: fatal error: no input files
compilation terminated.
configure:3222: $? = 4
configure:3211: g++ -qversion >&5
g++: error: unrecognized command line option '-qversion'
g++: fatal error: no input files
compilation terminated.
configure:3222: $? = 4
configure:3242: checking whether the C++ compiler works
configure:3264: g++    conftest.cpp  >&5
configure:3268: $? = 0
configure:3316: result: yes
configure:3319: checking for C++ compiler default output file name
configure:3321: result: a.out
configure:3327: checking for suffix of executables
configure:3334: g++ -o conftest    conftest.cpp  >&5
configure:3338: $? = 0
configure:3360: result: 
configure:3382: checking whether we are cross compiling
configure:3390: g++ -o conftest    conftest.cpp  >&5
configure:3394: $? = 0
configure:3401: ./conftest
configure:3405: $? = 0
configure:3420: result: no
configure:3425: checking for suffix of object files
configure:3447: g++ -c   conftest.cpp >&5
configure:3451: $? = 0
configure:3472: result: o
configure:3476: checking whether we are using the GNU C++ compiler
configure:3495: g++ -c   conftest.cpp >&5
configure:3495: $? = 0
configure:3504: result: yes
configure:3513: checking whether g++ accepts -g
configure:3533: g++ -c -g  conftest.cpp >&5
configure:3533: $? = 0
configure:3574: result: yes
configure:3608: checking for style of include used by make
configure:3636: result: GNU
configure:3662: checking dependency style of g++
configure:3773: result: gcc3
configure:3793: checking whether NLS is requested
configure:3802: result: yes
configure:3854: checking for gcc
configure:3870: found /usr/bin/gcc
configure:3881: result: gcc
configure:4110: checking for C compiler version
configure:4119: gcc --version >&5
gcc (Ubuntu 4.8.4-2ubuntu1~14.04) 4.8.4
Copyright (C) 2013 Free Software Foundation, Inc.
This is free software; see the source for copying conditions.  There is NO
warranty; not even for MERCHANTABILITY or FITNESS FOR A PARTICULAR PURPOSE.

configure:4130: $? = 0
configure:4119: gcc -v >&5
Using built-in specs.
COLLECT_GCC=gcc
COLLECT_LTO_WRAPPER=/usr/lib/gcc/i686-linux-gnu/4.8/lto-wrapper
Target: i686-linux-gnu
Configured with: ../src/configure -v --with-pkgversion='Ubuntu 4.8.4-2ubuntu1~14.04' --with-bugurl=file:///usr/share/doc/gcc-4.8/README.Bugs --enable-languages=c,c++,java,go,d,fortran,objc,obj-c++ --prefix=/usr --program-suffix=-4.8 --enable-shared --enable-linker-build-id --libexecdir=/usr/lib --without-included-gettext --enable-threads=posix --with-gxx-include-dir=/usr/include/c++/4.8 --libdir=/usr/lib --enable-nls --with-sysroot=/ --enable-clocale=gnu --enable-libstdcxx-debug --enable-libstdcxx-time=yes --enable-gnu-unique-object --disable-libmudflap --enable-plugin --with-system-zlib --disable-browser-plugin --enable-java-awt=gtk --enable-gtk-cairo --with-java-home=/usr/lib/jvm/java-1.5.0-gcj-4.8-i386/jre --enable-java-home --with-jvm-root-dir=/usr/lib/jvm/java-1.5.0-gcj-4.8-i386 --with-jvm-jar-dir=/usr/lib/jvm-exports/java-1.5.0-gcj-4.8-i386 --with-arch-directory=i386 --with-ecj-jar=/usr/share/java/eclipse-ecj.jar --enable-objc-gc --enable-targets=all --enable-multiarch --disable-werror --with-arch-32=i686 --with-multilib-list=m32,m64,mx32 --with-tune=generic --enable-checking=release --build=i686-linux-gnu --host=i686-linux-gnu --target=i686-linux-gnu
Thread model: posix
gcc version 4.8.4 (Ubuntu 4.8.4-2ubuntu1~14.04) 
configure:4130: $? = 0
configure:4119: gcc -V >&5
gcc: error: unrecognized command line option '-V'
gcc: fatal error: no input files
compilation terminated.
configure:4130: $? = 4
configure:4119: gcc -qversion >&5
gcc: error: unrecognized command line option '-qversion'
gcc: fatal error: no input files
compilation terminated.
configure:4130: $? = 4
configure:4134: checking whether we are using the GNU C compiler
configure:4153: gcc -c   conftest.c >&5
configure:4153: $? = 0
configure:4162: result: yes
configure:4171: checking whether gcc accepts -g
configure:4191: gcc -c -g  conftest.c >&5
configure:4191: $? = 0
configure:4232: result: yes
configure:4249: checking for gcc option to accept ISO C89
configure:4312: gcc  -c -g -O2  conftest.c >&5
configure:4312: $? = 0
configure:4325: result: none needed
configure:4350: checking whether gcc understands -c and -o together
configure:4372: gcc -c conftest.c -o conftest2.o
configure:4375: $? = 0
configure:4372: gcc -c conftest.c -o conftest2.o
configure:4375: $? = 0
configure:4387: result: yes
configure:4406: checking dependency style of gcc
configure:4517: result: gcc3
configure:4547: checking for intltool >= 0.35.0
configure:4549: result: 0.50.2 found
configure:4557: checking for intltool-update
configure:4575: found /usr/bin/intltool-update
configure:4587: result: /usr/bin/intltool-update
configure:4597: checking for intltool-merge
configure:4615: found /usr/bin/intltool-merge
configure:4627: result: /usr/bin/intltool-merge
configure:4637: checking for intltool-extract
configure:4655: found /usr/bin/intltool-extract
configure:4667: result: /usr/bin/intltool-extract
configure:4821: checking for xgettext
configure:4839: found /usr/bin/xgettext
configure:4851: result: /usr/bin/xgettext
configure:4861: checking for msgmerge
configure:4879: found /usr/bin/msgmerge
configure:4891: result: /usr/bin/msgmerge
configure:4901: checking for msgfmt
configure:4919: found /usr/bin/msgfmt
configure:4931: result: /usr/bin/msgfmt
configure:4941: checking for gmsgfmt
configure:4972: result: /usr/bin/msgfmt
configure:4992: checking for perl
configure:5010: found /usr/bin/perl
configure:5022: result: /usr/bin/perl
configure:5033: checking for perl >= 5.8.1
configure:5040: result: 5.18.2
configure:5044: checking for XML::Parser
configure:5047: result: ok
configure:5072: gcc -o conftest -g -O2   conftest.c  >&5
configure:5072: $? = 0
configure:5111: checking how to run the C preprocessor
configure:5142: gcc -E  conftest.c
configure:5142: $? = 0
configure:5156: gcc -E  conftest.c
conftest.c:12:28: fatal error: ac_nonexistent.h: No such file or directory
 #include <ac_nonexistent.h>
                            ^
compilation terminated.
configure:5156: $? = 1
configure: failed program was:
| /* confdefs.h */
| #define PACKAGE_NAME "gsiot"
| #define PACKAGE_TARNAME "gsiot"
| #define PACKAGE_VERSION "0.1"
| #define PACKAGE_STRING "gsiot 0.1"
| #define PACKAGE_BUGREPORT ""
| #define PACKAGE_URL ""
| #define PACKAGE "gsiot"
| #define VERSION "0.1"
| #define GETTEXT_PACKAGE "gsiot"
| /* end confdefs.h.  */
| #include <ac_nonexistent.h>
configure:5181: result: gcc -E
configure:5201: gcc -E  conftest.c
configure:5201: $? = 0
configure:5215: gcc -E  conftest.c
conftest.c:12:28: fatal error: ac_nonexistent.h: No such file or directory
 #include <ac_nonexistent.h>
                            ^
compilation terminated.
configure:5215: $? = 1
configure: failed program was:
| /* confdefs.h */
| #define PACKAGE_NAME "gsiot"
| #define PACKAGE_TARNAME "gsiot"
| #define PACKAGE_VERSION "0.1"
| #define PACKAGE_STRING "gsiot 0.1"
| #define PACKAGE_BUGREPORT ""
| #define PACKAGE_URL ""
| #define PACKAGE "gsiot"
| #define VERSION "0.1"
| #define GETTEXT_PACKAGE "gsiot"
| /* end confdefs.h.  */
| #include <ac_nonexistent.h>
configure:5244: checking for grep that handles long lines and -e
configure:5302: result: /bin/grep
configure:5307: checking for egrep
configure:5369: result: /bin/grep -E
configure:5374: checking for ANSI C header files
configure:5394: gcc -c -g -O2  conftest.c >&5
configure:5394: $? = 0
configure:5467: gcc -o conftest -g -O2   conftest.c  >&5
configure:5467: $? = 0
configure:5467: ./conftest
configure:5467: $? = 0
configure:5478: result: yes
configure:5491: checking for sys/types.h
configure:5491: gcc -c -g -O2  conftest.c >&5
configure:5491: $? = 0
configure:5491: result: yes
configure:5491: checking for sys/stat.h
configure:5491: gcc -c -g -O2  conftest.c >&5
configure:5491: $? = 0
configure:5491: result: yes
configure:5491: checking for stdlib.h
configure:5491: gcc -c -g -O2  conftest.c >&5
configure:5491: $? = 0
configure:5491: result: yes
configure:5491: checking for string.h
configure:5491: gcc -c -g -O2  conftest.c >&5
configure:5491: $? = 0
configure:5491: result: yes
configure:5491: checking for memory.h
configure:5491: gcc -c -g -O2  conftest.c >&5
configure:5491: $? = 0
configure:5491: result: yes
configure:5491: checking for strings.h
configure:5491: gcc -c -g -O2  conftest.c >&5
configure:5491: $? = 0
configure:5491: result: yes
configure:5491: checking for inttypes.h
configure:5491: gcc -c -g -O2  conftest.c >&5
configure:5491: $? = 0
configure:5491: result: yes
configure:5491: checking for stdint.h
configure:5491: gcc -c -g -O2  conftest.c >&5
configure:5491: $? = 0
configure:5491: result: yes
configure:5491: checking for unistd.h
configure:5491: gcc -c -g -O2  conftest.c >&5
configure:5491: $? = 0
configure:5491: result: yes
configure:5506: checking locale.h usability
configure:5506: gcc -c -g -O2  conftest.c >&5
configure:5506: $? = 0
configure:5506: result: yes
configure:5506: checking locale.h presence
configure:5506: gcc -E  conftest.c
configure:5506: $? = 0
configure:5506: result: yes
configure:5506: checking for locale.h
configure:5506: result: yes
configure:5517: checking for LC_MESSAGES
configure:5533: gcc -o conftest -g -O2   conftest.c  >&5
configure:5533: $? = 0
configure:5541: result: yes
configure:5558: checking libintl.h usability
configure:5558: gcc -c -g -O2  conftest.c >&5
configure:5558: $? = 0
configure:5558: result: yes
configure:5558: checking libintl.h presence
configure:5558: gcc -E  conftest.c
configure:5558: $? = 0
configure:5558: result: yes
configure:5558: checking for libintl.h
configure:5558: result: yes
configure:5566: checking for ngettext in libc
configure:5584: gcc -o conftest -g -O2   conftest.c  >&5
configure:5584: $? = 0
configure:5593: result: yes
configure:5597: checking for dgettext in libc
configure:5615: gcc -o conftest -g -O2   conftest.c  >&5
configure:5615: $? = 0
configure:5624: result: yes
configure:5631: checking for bind_textdomain_codeset
configure:5631: gcc -o conftest -g -O2   conftest.c  >&5
configure:5631: $? = 0
configure:5631: result: yes
configure:5907: checking for msgfmt
configure:5934: result: /usr/bin/msgfmt
configure:5945: checking for dcgettext
configure:5945: gcc -o conftest -g -O2   conftest.c   >&5
conftest.c:49:6: warning: conflicting types for built-in function 'dcgettext' [enabled by default]
 char dcgettext ();
      ^
configure:5945: $? = 0
configure:5945: result: yes
configure:5955: checking if msgfmt accepts -c
configure:5970: $MSGFMT -c -o /dev/null conftest.foo
conftest.foo:3: warning: header field 'Language' missing in header
configure:5973: $? = 0
configure:5975: result: yes
configure:5985: checking for gmsgfmt
configure:6016: result: /usr/bin/msgfmt
configure:6026: checking for xgettext
configure:6053: result: /usr/bin/xgettext
configure:6072: gcc -o conftest -g -O2   conftest.c   >&5
configure:6072: $? = 0
configure:6245: checking build system type
configure:6259: result: i686-pc-linux-gnu
configure:6279: checking host system type
configure:6292: result: i686-pc-linux-gnu
configure:6333: checking how to print strings
configure:6360: result: printf
configure:6381: checking for a sed that does not truncate output
configure:6445: result: /bin/sed
configure:6463: checking for fgrep
configure:6525: result: /bin/grep -F
configure:6560: checking for ld used by gcc
configure:6627: result: /usr/bin/ld
configure:6634: checking if the linker (/usr/bin/ld) is GNU ld
configure:6649: result: yes
configure:6661: checking for BSD- or MS-compatible name lister (nm)
configure:6710: result: /usr/bin/nm -B
configure:6840: checking the name lister (/usr/bin/nm -B) interface
configure:6847: gcc -c -g -O2  conftest.c >&5
configure:6850: /usr/bin/nm -B "conftest.o"
configure:6853: output
00000000 B some_variable
configure:6860: result: BSD nm
configure:6863: checking whether ln -s works
configure:6867: result: yes
configure:6875: checking the maximum length of command line arguments
configure:7006: result: 805306365
configure:7023: checking whether the shell understands some XSI constructs
configure:7033: result: yes
configure:7037: checking whether the shell understands "+="
configure:7043: result: yes
configure:7078: checking how to convert i686-pc-linux-gnu file names to i686-pc-linux-gnu format
configure:7118: result: func_convert_file_noop
configure:7125: checking how to convert i686-pc-linux-gnu file names to toolchain format
configure:7145: result: func_convert_file_noop
configure:7152: checking for /usr/bin/ld option to reload object files
configure:7159: result: -r
configure:7233: checking for objdump
configure:7249: found /usr/bin/objdump
configure:7260: result: objdump
configure:7292: checking how to recognize dependent libraries
configure:7490: result: pass_all
configure:7575: checking for dlltool
configure:7605: result: no
configure:7635: checking how to associate runtime and link libraries
configure:7662: result: printf %s\n
configure:7722: checking for ar
configure:7738: found /usr/bin/ar
configure:7749: result: ar
configure:7786: checking for archiver @FILE support
configure:7803: gcc -c -g -O2  conftest.c >&5
configure:7803: $? = 0
configure:7806: ar cru libconftest.a @conftest.lst >&5
configure:7809: $? = 0
configure:7814: ar cru libconftest.a @conftest.lst >&5
ar: conftest.o: No such file or directory
configure:7817: $? = 1
configure:7829: result: @
configure:7887: checking for strip
configure:7903: found /usr/bin/strip
configure:7914: result: strip
configure:7986: checking for ranlib
configure:8002: found /usr/bin/ranlib
configure:8013: result: ranlib
configure:8115: checking command to parse /usr/bin/nm -B output from gcc object
configure:8235: gcc -c -g -O2  conftest.c >&5
configure:8238: $? = 0
configure:8242: /usr/bin/nm -B conftest.o \| sed -n -e 's/^.*[ ]\([ABCDGIRSTW][ABCDGIRSTW]*\)[ ][ ]*\([_A-Za-z][_A-Za-z0-9]*\)$/\1 \2 \2/p' | sed '/ __gnu_lto/d' \> conftest.nm
configure:8245: $? = 0
configure:8311: gcc -o conftest -g -O2   conftest.c conftstm.o >&5
configure:8314: $? = 0
configure:8352: result: ok
configure:8389: checking for sysroot
configure:8419: result: no
configure:8688: checking for mt
configure:8704: found /bin/mt
configure:8715: result: mt
configure:8738: checking if mt is a manifest tool
configure:8744: mt '-?'
configure:8752: result: no
configure:9391: checking for dlfcn.h
configure:9391: gcc -c -g -O2  conftest.c >&5
configure:9391: $? = 0
configure:9391: result: yes
configure:9608: checking for objdir
configure:9623: result: .libs
configure:9890: checking if gcc supports -fno-rtti -fno-exceptions
configure:9908: gcc -c -g -O2  -fno-rtti -fno-exceptions conftest.c >&5
cc1: warning: command line option '-fno-rtti' is valid for C++/ObjC++ but not for C [enabled by default]
configure:9912: $? = 0
configure:9925: result: no
configure:10252: checking for gcc option to produce PIC
configure:10259: result: -fPIC -DPIC
configure:10267: checking if gcc PIC flag -fPIC -DPIC works
configure:10285: gcc -c -g -O2  -fPIC -DPIC -DPIC conftest.c >&5
configure:10289: $? = 0
configure:10302: result: yes
configure:10331: checking if gcc static flag -static works
configure:10359: result: yes
configure:10374: checking if gcc supports -c -o file.o
configure:10395: gcc -c -g -O2  -o out/conftest2.o conftest.c >&5
configure:10399: $? = 0
configure:10421: result: yes
configure:10429: checking if gcc supports -c -o file.o
configure:10476: result: yes
configure:10509: checking whether the gcc linker (/usr/bin/ld) supports shared libraries
configure:11666: result: yes
configure:11703: checking whether -lc should be explicitly linked in
configure:11711: gcc -c -g -O2  conftest.c >&5
configure:11714: $? = 0
configure:11729: gcc -shared  -fPIC -DPIC conftest.o  -v -Wl,-soname -Wl,conftest -o conftest 2\>\&1 \| /bin/grep  -lc  \>/dev/null 2\>\&1
configure:11732: $? = 0
configure:11746: result: no
configure:11906: checking dynamic linker characteristics
configure:12406: gcc -o conftest -g -O2   -Wl,-rpath -Wl,/foo conftest.c  >&5
configure:12406: $? = 0
configure:12640: result: GNU/Linux ld.so
configure:12747: checking how to hardcode library paths into programs
configure:12772: result: immediate
configure:13312: checking whether stripping libraries is possible
configure:13317: result: yes
configure:13352: checking if libtool supports shared libraries
configure:13354: result: yes
configure:13357: checking whether to build shared libraries
configure:13378: result: yes
configure:13381: checking whether to build static libraries
configure:13385: result: yes
configure:13408: checking how to run the C++ preprocessor
configure:13435: g++ -E  conftest.cpp
configure:13435: $? = 0
configure:13449: g++ -E  conftest.cpp
conftest.cpp:30:28: fatal error: ac_nonexistent.h: No such file or directory
 #include <ac_nonexistent.h>
                            ^
compilation terminated.
configure:13449: $? = 1
configure: failed program was:
| /* confdefs.h */
| #define PACKAGE_NAME "gsiot"
| #define PACKAGE_TARNAME "gsiot"
| #define PACKAGE_VERSION "0.1"
| #define PACKAGE_STRING "gsiot 0.1"
| #define PACKAGE_BUGREPORT ""
| #define PACKAGE_URL ""
| #define PACKAGE "gsiot"
| #define VERSION "0.1"
| #define GETTEXT_PACKAGE "gsiot"
| #define STDC_HEADERS 1
| #define HAVE_SYS_TYPES_H 1
| #define HAVE_SYS_STAT_H 1
| #define HAVE_STDLIB_H 1
| #define HAVE_STRING_H 1
| #define HAVE_MEMORY_H 1
| #define HAVE_STRINGS_H 1
| #define HAVE_INTTYPES_H 1
| #define HAVE_STDINT_H 1
| #define HAVE_UNISTD_H 1
| #define HAVE_LOCALE_H 1
| #define HAVE_LC_MESSAGES 1
| #define HAVE_BIND_TEXTDOMAIN_CODESET 1
| #define HAVE_GETTEXT 1
| #define HAVE_DCGETTEXT 1
| #define ENABLE_NLS 1
| #define HAVE_DLFCN_H 1
| #define LT_OBJDIR ".libs/"
| /* end confdefs.h.  */
| #include <ac_nonexistent.h>
configure:13474: result: g++ -E
configure:13494: g++ -E  conftest.cpp
configure:13494: $? = 0
configure:13508: g++ -E  conftest.cpp
conftest.cpp:30:28: fatal error: ac_nonexistent.h: No such file or directory
 #include <ac_nonexistent.h>
                            ^
compilation terminated.
configure:13508: $? = 1
configure: failed program was:
| /* confdefs.h */
| #define PACKAGE_NAME "gsiot"
| #define PACKAGE_TARNAME "gsiot"
| #define PACKAGE_VERSION "0.1"
| #define PACKAGE_STRING "gsiot 0.1"
| #define PACKAGE_BUGREPORT ""
| #define PACKAGE_URL ""
| #define PACKAGE "gsiot"
| #define VERSION "0.1"
| #define GETTEXT_PACKAGE "gsiot"
| #define STDC_HEADERS 1
| #define HAVE_SYS_TYPES_H 1
| #define HAVE_SYS_STAT_H 1
| #define HAVE_STDLIB_H 1
| #define HAVE_STRING_H 1
| #define HAVE_MEMORY_H 1
| #define HAVE_STRINGS_H 1
| #define HAVE_INTTYPES_H 1
| #define HAVE_STDINT_H 1
| #define HAVE_UNISTD_H 1
| #define HAVE_LOCALE_H 1
| #define HAVE_LC_MESSAGES 1
| #define HAVE_BIND_TEXTDOMAIN_CODESET 1
| #define HAVE_GETTEXT 1
| #define HAVE_DCGETTEXT 1
| #define ENABLE_NLS 1
| #define HAVE_DLFCN_H 1
| #define LT_OBJDIR ".libs/"
| /* end confdefs.h.  */
| #include <ac_nonexistent.h>
configure:13677: checking for ld used by g++
configure:13744: result: /usr/bin/ld
configure:13751: checking if the linker (/usr/bin/ld) is GNU ld
configure:13766: result: yes
configure:13821: checking whether the g++ linker (/usr/bin/ld) supports shared libraries
configure:14823: result: yes
configure:14859: g++ -c -g -O2  conftest.cpp >&5
configure:14862: $? = 0
configure:15382: checking for g++ option to produce PIC
configure:15389: result: -fPIC -DPIC
configure:15397: checking if g++ PIC flag -fPIC -DPIC works
configure:15415: g++ -c -g -O2  -fPIC -DPIC -DPIC conftest.cpp >&5
configure:15419: $? = 0
configure:15432: result: yes
configure:15455: checking if g++ static flag -static works
configure:15483: result: yes
configure:15495: checking if g++ supports -c -o file.o
configure:15516: g++ -c -g -O2  -o out/conftest2.o conftest.cpp >&5
configure:15520: $? = 0
configure:15542: result: yes
configure:15547: checking if g++ supports -c -o file.o
configure:15594: result: yes
configure:15624: checking whether the g++ linker (/usr/bin/ld) supports shared libraries
configure:15663: result: yes
configure:15804: checking dynamic linker characteristics
configure:16472: result: GNU/Linux ld.so
configure:16525: checking how to hardcode library paths into programs
configure:16550: result: immediate
configure:16670: checking for pkg-config
configure:16688: found /usr/bin/pkg-config
configure:16700: result: /usr/bin/pkg-config
configure:16725: checking pkg-config is at least version 0.9.0
configure:16728: result: yes
configure:16738: checking for ZLIB
configure:16745: $PKG_CONFIG --exists --print-errors "zlib"
configure:16748: $? = 0
configure:16762: $PKG_CONFIG --exists --print-errors "zlib"
configure:16765: $? = 0
configure:16823: result: yes
configure:16830: checking for LIBAVUTIL
configure:16837: $PKG_CONFIG --exists --print-errors "libavutil"
configure:16840: $? = 0
configure:16854: $PKG_CONFIG --exists --print-errors "libavutil"
configure:16857: $? = 0
configure:16915: result: yes
configure:16922: checking for LIBAVFORMAT
configure:16929: $PKG_CONFIG --exists --print-errors "libavformat"
configure:16932: $? = 0
configure:16946: $PKG_CONFIG --exists --print-errors "libavformat"
configure:16949: $? = 0
configure:17007: result: yes
configure:17014: checking for LIBAVCODEC
configure:17021: $PKG_CONFIG --exists --print-errors "libavcodec"
configure:17024: $? = 0
configure:17038: $PKG_CONFIG --exists --print-errors "libavcodec"
configure:17041: $? = 0
configure:17099: result: yes
configure:17106: checking for SQLITE3
configure:17113: $PKG_CONFIG --exists --print-errors "sqlite3"
configure:17116: $? = 0
configure:17130: $PKG_CONFIG --exists --print-errors "sqlite3"
configure:17133: $? = 0
configure:17191: result: yes
configure:17198: checking for GLOOX
configure:17205: $PKG_CONFIG --exists --print-errors "gloox"
configure:17208: $? = 0
configure:17222: $PKG_CONFIG --exists --print-errors "gloox"
configure:17225: $? = 0
configure:17283: result: yes
configure:17399: checking that generated files are newer than configure
configure:17405: result: done
configure:17436: creating ./config.status

## ---------------- ##
## Cache variables. ##
## ---------------- ##

ac_cv_build=i686-pc-linux-gnu
ac_cv_c_compiler_gnu=yes
ac_cv_cxx_compiler_gnu=yes
ac_cv_env_CCC_set=
ac_cv_env_CCC_value=
ac_cv_env_CC_set=
ac_cv_env_CC_value=
ac_cv_env_CFLAGS_set=
ac_cv_env_CFLAGS_value=
ac_cv_env_CPPFLAGS_set=
ac_cv_env_CPPFLAGS_value=
ac_cv_env_CPP_set=
ac_cv_env_CPP_value=
ac_cv_env_CXXCPP_set=
ac_cv_env_CXXCPP_value=
ac_cv_env_CXXFLAGS_set=
ac_cv_env_CXXFLAGS_value=
ac_cv_env_CXX_set=
ac_cv_env_CXX_value=
ac_cv_env_GLOOX_CFLAGS_set=
ac_cv_env_GLOOX_CFLAGS_value=
ac_cv_env_GLOOX_LIBS_set=
ac_cv_env_GLOOX_LIBS_value=
ac_cv_env_LDFLAGS_set=
ac_cv_env_LDFLAGS_value=
ac_cv_env_LIBAVCODEC_CFLAGS_set=
ac_cv_env_LIBAVCODEC_CFLAGS_value=
ac_cv_env_LIBAVCODEC_LIBS_set=
ac_cv_env_LIBAVCODEC_LIBS_value=
ac_cv_env_LIBAVFORMAT_CFLAGS_set=
ac_cv_env_LIBAVFORMAT_CFLAGS_value=
ac_cv_env_LIBAVFORMAT_LIBS_set=
ac_cv_env_LIBAVFORMAT_LIBS_value=
ac_cv_env_LIBAVUTIL_CFLAGS_set=
ac_cv_env_LIBAVUTIL_CFLAGS_value=
ac_cv_env_LIBAVUTIL_LIBS_set=
ac_cv_env_LIBAVUTIL_LIBS_value=
ac_cv_env_LIBS_set=
ac_cv_env_LIBS_value=
ac_cv_env_PKG_CONFIG_LIBDIR_set=
ac_cv_env_PKG_CONFIG_LIBDIR_value=
ac_cv_env_PKG_CONFIG_PATH_set=
ac_cv_env_PKG_CONFIG_PATH_value=
ac_cv_env_PKG_CONFIG_set=
ac_cv_env_PKG_CONFIG_value=
ac_cv_env_SQLITE3_CFLAGS_set=
ac_cv_env_SQLITE3_CFLAGS_value=
ac_cv_env_SQLITE3_LIBS_set=
ac_cv_env_SQLITE3_LIBS_value=
ac_cv_env_ZLIB_CFLAGS_set=
ac_cv_env_ZLIB_CFLAGS_value=
ac_cv_env_ZLIB_LIBS_set=
ac_cv_env_ZLIB_LIBS_value=
ac_cv_env_build_alias_set=
ac_cv_env_build_alias_value=
ac_cv_env_host_alias_set=
ac_cv_env_host_alias_value=
ac_cv_env_target_alias_set=
ac_cv_env_target_alias_value=
ac_cv_func_bind_textdomain_codeset=yes
ac_cv_func_dcgettext=yes
ac_cv_header_dlfcn_h=yes
ac_cv_header_inttypes_h=yes
ac_cv_header_libintl_h=yes
ac_cv_header_locale_h=yes
ac_cv_header_memory_h=yes
ac_cv_header_stdc=yes
ac_cv_header_stdint_h=yes
ac_cv_header_stdlib_h=yes
ac_cv_header_string_h=yes
ac_cv_header_strings_h=yes
ac_cv_header_sys_stat_h=yes
ac_cv_header_sys_types_h=yes
ac_cv_header_unistd_h=yes
ac_cv_host=i686-pc-linux-gnu
ac_cv_objext=o
ac_cv_path_EGREP='/bin/grep -E'
ac_cv_path_FGREP='/bin/grep -F'
ac_cv_path_GMSGFMT=/usr/bin/msgfmt
ac_cv_path_GREP=/bin/grep
ac_cv_path_INTLTOOL_EXTRACT=/usr/bin/intltool-extract
ac_cv_path_INTLTOOL_MERGE=/usr/bin/intltool-merge
ac_cv_path_INTLTOOL_PERL=/usr/bin/perl
ac_cv_path_INTLTOOL_UPDATE=/usr/bin/intltool-update
ac_cv_path_MSGFMT=/usr/bin/msgfmt
ac_cv_path_MSGMERGE=/usr/bin/msgmerge
ac_cv_path_SED=/bin/sed
ac_cv_path_XGETTEXT=/usr/bin/xgettext
ac_cv_path_ac_pt_PKG_CONFIG=/usr/bin/pkg-config
ac_cv_path_install='/usr/bin/install -c'
ac_cv_path_mkdir=/bin/mkdir
ac_cv_prog_AWK=gawk
ac_cv_prog_CPP='gcc -E'
ac_cv_prog_CXXCPP='g++ -E'
ac_cv_prog_ac_ct_AR=ar
ac_cv_prog_ac_ct_CC=gcc
ac_cv_prog_ac_ct_CXX=g++
ac_cv_prog_ac_ct_MANIFEST_TOOL=mt
ac_cv_prog_ac_ct_OBJDUMP=objdump
ac_cv_prog_ac_ct_RANLIB=ranlib
ac_cv_prog_ac_ct_STRIP=strip
ac_cv_prog_cc_c89=
ac_cv_prog_cc_g=yes
ac_cv_prog_cxx_g=yes
ac_cv_prog_make_make_set=yes
am_cv_CC_dependencies_compiler_type=gcc3
am_cv_CXX_dependencies_compiler_type=gcc3
am_cv_make_support_nested_variables=yes
am_cv_prog_cc_c_o=yes
am_cv_val_LC_MESSAGES=yes
gt_cv_func_dgettext_libc=yes
gt_cv_func_dgettext_libintl=no
gt_cv_func_ngettext_libc=yes
gt_cv_have_gettext=yes
lt_cv_ar_at_file=@
lt_cv_archive_cmds_need_lc=no
lt_cv_deplibs_check_method=pass_all
lt_cv_file_magic_cmd='$MAGIC_CMD'
lt_cv_file_magic_test_file=
lt_cv_ld_reload_flag=-r
lt_cv_nm_interface='BSD nm'
lt_cv_objdir=.libs
lt_cv_path_LD=/usr/bin/ld
lt_cv_path_LDCXX=/usr/bin/ld
lt_cv_path_NM='/usr/bin/nm -B'
lt_cv_path_mainfest_tool=no
lt_cv_prog_compiler_c_o=yes
lt_cv_prog_compiler_c_o_CXX=yes
lt_cv_prog_compiler_pic='-fPIC -DPIC'
lt_cv_prog_compiler_pic_CXX='-fPIC -DPIC'
lt_cv_prog_compiler_pic_works=yes
lt_cv_prog_compiler_pic_works_CXX=yes
lt_cv_prog_compiler_rtti_exceptions=no
lt_cv_prog_compiler_static_works=yes
lt_cv_prog_compiler_static_works_CXX=yes
lt_cv_prog_gnu_ld=yes
lt_cv_prog_gnu_ldcxx=yes
lt_cv_sharedlib_from_linklib_cmd='printf %s\n'
lt_cv_shlibpath_overrides_runpath=no
lt_cv_sys_global_symbol_pipe='sed -n -e '\''s/^.*[	 ]\([ABCDGIRSTW][ABCDGIRSTW]*\)[	 ][	 ]*\([_A-Za-z][_A-Za-z0-9]*\)$/\1 \2 \2/p'\'' | sed '\''/ __gnu_lto/d'\'''
lt_cv_sys_global_symbol_to_c_name_address='sed -n -e '\''s/^: \([^ ]*\)[ ]*$/  {\"\1\", (void *) 0},/p'\'' -e '\''s/^[ABCDGIRSTW]* \([^ ]*\) \([^ ]*\)$/  {"\2", (void *) \&\2},/p'\'''
lt_cv_sys_global_symbol_to_c_name_address_lib_prefix='sed -n -e '\''s/^: \([^ ]*\)[ ]*$/  {\"\1\", (void *) 0},/p'\'' -e '\''s/^[ABCDGIRSTW]* \([^ ]*\) \(lib[^ ]*\)$/  {"\2", (void *) \&\2},/p'\'' -e '\''s/^[ABCDGIRSTW]* \([^ ]*\) \([^ ]*\)$/  {"lib\2", (void *) \&\2},/p'\'''
lt_cv_sys_global_symbol_to_cdecl='sed -n -e '\''s/^T .* \(.*\)$/extern int \1();/p'\'' -e '\''s/^[ABCDGIRSTW]* .* \(.*\)$/extern char \1;/p'\'''
lt_cv_sys_max_cmd_len=805306365
lt_cv_to_host_file_cmd=func_convert_file_noop
lt_cv_to_tool_file_cmd=func_convert_file_noop
pkg_cv_GLOOX_CFLAGS='-pthread -I/usr/local/include  '
pkg_cv_GLOOX_LIBS='-L/usr/local/lib -lgloox -lresolv -lssl -lcrypto -lz  '
pkg_cv_LIBAVCODEC_CFLAGS='-I/usr/local/include  '
pkg_cv_LIBAVCODEC_LIBS='-pthread -L/usr/local/lib -lavcodec -lXv -lXext -lX11 -lopencore-amrwb -lopencore-amrnb -lmp3lame -lfaac -lz -lswresample -lavutil -lm  '
pkg_cv_LIBAVFORMAT_CFLAGS='-I/usr/local/include  '
pkg_cv_LIBAVFORMAT_LIBS='-pthread -L/usr/local/lib -lavformat -lavcodec -lXv -lXext -lX11 -lopencore-amrwb -lopencore-amrnb -lmp3lame -lfaac -lz -lswresample -lavutil -lm  '
pkg_cv_LIBAVUTIL_CFLAGS='-I/usr/local/include  '
pkg_cv_LIBAVUTIL_LIBS='-L/usr/local/lib -lavutil -lm  '
pkg_cv_SQLITE3_CFLAGS='-I/usr/local/include  '
pkg_cv_SQLITE3_LIBS='-L/usr/local/lib -lsqlite3  '
pkg_cv_ZLIB_CFLAGS='-I/usr/local/include  '
pkg_cv_ZLIB_LIBS='-L/usr/local/lib -lz  '

## ----------------- ##
## Output variables. ##
## ----------------- ##

ACLOCAL='${SHELL} /home/chen/projects/gsarm/missing aclocal-1.14'
ALL_LINGUAS=''
AMDEPBACKSLASH='\'
AMDEP_FALSE='#'
AMDEP_TRUE=''
AMTAR='$${TAR-tar}'
AM_BACKSLASH='\'
AM_DEFAULT_V='$(AM_DEFAULT_VERBOSITY)'
AM_DEFAULT_VERBOSITY='0'
AM_V='$(V)'
AR='ar'
AUTOCONF='${SHELL} /home/chen/projects/gsarm/missing autoconf'
AUTOHEADER='${SHELL} /home/chen/projects/gsarm/missing autoheader'
AUTOMAKE='${SHELL} /home/chen/projects/gsarm/missing automake-1.14'
AWK='gawk'
CATALOGS=''
CATOBJEXT='.gmo'
CC='gcc'
CCDEPMODE='depmode=gcc3'
CFLAGS='-g -O2'
CPP='gcc -E'
CPPFLAGS=''
CXX='g++'
CXXCPP='g++ -E'
CXXDEPMODE='depmode=gcc3'
CXXFLAGS='-g -O2'
CYGPATH_W='echo'
DATADIRNAME='share'
DEFS='-DHAVE_CONFIG_H'
DEPDIR='.deps'
DLLTOOL='false'
DSYMUTIL=''
DUMPBIN=''
ECHO_C=''
ECHO_N='-n'
ECHO_T=''
EGREP='/bin/grep -E'
EXEEXT=''
FGREP='/bin/grep -F'
GETTEXT_PACKAGE='gsiot'
GLOOX_CFLAGS='-pthread -I/usr/local/include  '
GLOOX_LIBS='-L/usr/local/lib -lgloox -lresolv -lssl -lcrypto -lz  '
GMOFILES=''
GMSGFMT='/usr/bin/msgfmt'
GREP='/bin/grep'
INSTALL_DATA='${INSTALL} -m 644'
INSTALL_PROGRAM='${INSTALL}'
INSTALL_SCRIPT='${INSTALL}'
INSTALL_STRIP_PROGRAM='$(install_sh) -c -s'
INSTOBJEXT='.mo'
INTLLIBS=''
INTLTOOL_CAVES_RULE='%.caves:     %.caves.in     $(INTLTOOL_MERGE) $(wildcard $(top_srcdir)/po/*.po) ; $(INTLTOOL_V_MERGE)LC_ALL=C $(INTLTOOL_MERGE) $(INTLTOOL_V_MERGE_OPTIONS) -d -u -c $(top_builddir)/po/.intltool-merge-cache $(top_srcdir)/po $< $@'
INTLTOOL_DESKTOP_RULE='%.desktop:   %.desktop.in   $(INTLTOOL_MERGE) $(wildcard $(top_srcdir)/po/*.po) ; $(INTLTOOL_V_MERGE)LC_ALL=C $(INTLTOOL_MERGE) $(INTLTOOL_V_MERGE_OPTIONS) -d -u -c $(top_builddir)/po/.intltool-merge-cache $(top_srcdir)/po $< $@'
INTLTOOL_DIRECTORY_RULE='%.directory: %.directory.in $(INTLTOOL_MERGE) $(wildcard $(top_srcdir)/po/*.po) ; $(INTLTOOL_V_MERGE)LC_ALL=C $(INTLTOOL_MERGE) $(INTLTOOL_V_MERGE_OPTIONS) -d -u -c $(top_builddir)/po/.intltool-merge-cache $(top_srcdir)/po $< $@'
INTLTOOL_EXTRACT='/usr/bin/intltool-extract'
INTLTOOL_KBD_RULE='%.kbd:       %.kbd.in       $(INTLTOOL_MERGE) $(wildcard $(top_srcdir)/po/*.po) ; $(INTLTOOL_V_MERGE)LC_ALL=C $(INTLTOOL_MERGE) $(INTLTOOL_V_MERGE_OPTIONS) -x -u -m -c $(top_builddir)/po/.intltool-merge-cache $(top_srcdir)/po $< $@'
INTLTOOL_KEYS_RULE='%.keys:      %.keys.in      $(INTLTOOL_MERGE) $(wildcard $(top_srcdir)/po/*.po) ; $(INTLTOOL_V_MERGE)LC_ALL=C $(INTLTOOL_MERGE) $(INTLTOOL_V_MERGE_OPTIONS) -k -u -c $(top_builddir)/po/.intltool-merge-cache $(top_srcdir)/po $< $@'
INTLTOOL_MERGE='/usr/bin/intltool-merge'
INTLTOOL_OAF_RULE='%.oaf:       %.oaf.in       $(INTLTOOL_MERGE) $(wildcard $(top_srcdir)/po/*.po) ; $(INTLTOOL_V_MERGE)LC_ALL=C $(INTLTOOL_MERGE) $(INTLTOOL_V_MERGE_OPTIONS) -o -p $(top_srcdir)/po $< $@'
INTLTOOL_PERL='/usr/bin/perl'
INTLTOOL_POLICY_RULE='%.policy:    %.policy.in    $(INTLTOOL_MERGE) $(wildcard $(top_srcdir)/po/*.po) ; $(INTLTOOL_V_MERGE)LC_ALL=C $(INTLTOOL_MERGE) $(INTLTOOL_V_MERGE_OPTIONS) -x -u -c $(top_builddir)/po/.intltool-merge-cache $(top_srcdir)/po $< $@'
INTLTOOL_PONG_RULE='%.pong:      %.pong.in      $(INTLTOOL_MERGE) $(wildcard $(top_srcdir)/po/*.po) ; $(INTLTOOL_V_MERGE)LC_ALL=C $(INTLTOOL_MERGE) $(INTLTOOL_V_MERGE_OPTIONS) -x -u -c $(top_builddir)/po/.intltool-merge-cache $(top_srcdir)/po $< $@'
INTLTOOL_PROP_RULE='%.prop:      %.prop.in      $(INTLTOOL_MERGE) $(wildcard $(top_srcdir)/po/*.po) ; $(INTLTOOL_V_MERGE)LC_ALL=C $(INTLTOOL_MERGE) $(INTLTOOL_V_MERGE_OPTIONS) -d -u -c $(top_builddir)/po/.intltool-merge-cache $(top_srcdir)/po $< $@'
INTLTOOL_SCHEMAS_RULE='%.schemas:   %.schemas.in   $(INTLTOOL_MERGE) $(wildcard $(top_srcdir)/po/*.po) ; $(INTLTOOL_V_MERGE)LC_ALL=C $(INTLTOOL_MERGE) $(INTLTOOL_V_MERGE_OPTIONS) -s -u -c $(top_builddir)/po/.intltool-merge-cache $(top_srcdir)/po $< $@'
INTLTOOL_SERVER_RULE='%.server:    %.server.in    $(INTLTOOL_MERGE) $(wildcard $(top_srcdir)/po/*.po) ; $(INTLTOOL_V_MERGE)LC_ALL=C $(INTLTOOL_MERGE) $(INTLTOOL_V_MERGE_OPTIONS) -o -u -c $(top_builddir)/po/.intltool-merge-cache $(top_srcdir)/po $< $@'
INTLTOOL_SERVICE_RULE='%.service: %.service.in   $(INTLTOOL_MERGE) $(wildcard $(top_srcdir)/po/*.po) ; $(INTLTOOL_V_MERGE)LC_ALL=C $(INTLTOOL_MERGE) $(INTLTOOL_V_MERGE_OPTIONS) -d -u -c $(top_builddir)/po/.intltool-merge-cache $(top_srcdir)/po $< $@'
INTLTOOL_SHEET_RULE='%.sheet:     %.sheet.in     $(INTLTOOL_MERGE) $(wildcard $(top_srcdir)/po/*.po) ; $(INTLTOOL_V_MERGE)LC_ALL=C $(INTLTOOL_MERGE) $(INTLTOOL_V_MERGE_OPTIONS) -x -u -c $(top_builddir)/po/.intltool-merge-cache $(top_srcdir)/po $< $@'
INTLTOOL_SOUNDLIST_RULE='%.soundlist: %.soundlist.in $(INTLTOOL_MERGE) $(wildcard $(top_srcdir)/po/*.po) ; $(INTLTOOL_V_MERGE)LC_ALL=C $(INTLTOOL_MERGE) $(INTLTOOL_V_MERGE_OPTIONS) -d -u -c $(top_builddir)/po/.intltool-merge-cache $(top_srcdir)/po $< $@'
INTLTOOL_THEME_RULE='%.theme:     %.theme.in     $(INTLTOOL_MERGE) $(wildcard $(top_srcdir)/po/*.po) ; $(INTLTOOL_V_MERGE)LC_ALL=C $(INTLTOOL_MERGE) $(INTLTOOL_V_MERGE_OPTIONS) -d -u -c $(top_builddir)/po/.intltool-merge-cache $(top_srcdir)/po $< $@'
INTLTOOL_UI_RULE='%.ui:        %.ui.in        $(INTLTOOL_MERGE) $(wildcard $(top_srcdir)/po/*.po) ; $(INTLTOOL_V_MERGE)LC_ALL=C $(INTLTOOL_MERGE) $(INTLTOOL_V_MERGE_OPTIONS) -x -u -c $(top_builddir)/po/.intltool-merge-cache $(top_srcdir)/po $< $@'
INTLTOOL_UPDATE='/usr/bin/intltool-update'
INTLTOOL_V_MERGE='$(INTLTOOL__v_MERGE_$(V))'
INTLTOOL_V_MERGE_OPTIONS='$(intltool__v_merge_options_$(V))'
INTLTOOL_XAM_RULE='%.xam:       %.xml.in       $(INTLTOOL_MERGE) $(wildcard $(top_srcdir)/po/*.po) ; $(INTLTOOL_V_MERGE)LC_ALL=C $(INTLTOOL_MERGE) $(INTLTOOL_V_MERGE_OPTIONS) -x -u -c $(top_builddir)/po/.intltool-merge-cache $(top_srcdir)/po $< $@'
INTLTOOL_XML_NOMERGE_RULE='%.xml:       %.xml.in       $(INTLTOOL_MERGE) ; $(INTLTOOL_V_MERGE)LC_ALL=C $(INTLTOOL_MERGE) $(INTLTOOL_V_MERGE_OPTIONS) -x -u --no-translations $< $@'
INTLTOOL_XML_RULE='%.xml:       %.xml.in       $(INTLTOOL_MERGE) $(wildcard $(top_srcdir)/po/*.po) ; $(INTLTOOL_V_MERGE)LC_ALL=C $(INTLTOOL_MERGE) $(INTLTOOL_V_MERGE_OPTIONS) -x -u -c $(top_builddir)/po/.intltool-merge-cache $(top_srcdir)/po $< $@'
INTLTOOL__v_MERGE_0='@echo "  ITMRG " $@;'
INTLTOOL__v_MERGE_='$(INTLTOOL__v_MERGE_$(AM_DEFAULT_VERBOSITY))'
LD='/usr/bin/ld'
LDFLAGS=''
LIBAVCODEC_CFLAGS='-I/usr/local/include  '
LIBAVCODEC_LIBS='-pthread -L/usr/local/lib -lavcodec -lXv -lXext -lX11 -lopencore-amrwb -lopencore-amrnb -lmp3lame -lfaac -lz -lswresample -lavutil -lm  '
LIBAVFORMAT_CFLAGS='-I/usr/local/include  '
LIBAVFORMAT_LIBS='-pthread -L/usr/local/lib -lavformat -lavcodec -lXv -lXext -lX11 -lopencore-amrwb -lopencore-amrnb -lmp3lame -lfaac -lz -lswresample -lavutil -lm  '
LIBAVUTIL_CFLAGS='-I/usr/local/include  '
LIBAVUTIL_LIBS='-L/usr/local/lib -lavutil -lm  '
LIBOBJS=''
LIBS=''
LIBTOOL='$(SHELL) $(top_builddir)/libtool'
LIPO=''
LN_S='ln -s'
LTLIBOBJS=''
MAKEINFO='${SHELL} /home/chen/projects/gsarm/missing makeinfo'
MANIFEST_TOOL=':'
MKDIR_P='/bin/mkdir -p'
MKINSTALLDIRS='./mkinstalldirs'
MSGFMT='/usr/bin/msgfmt'
MSGFMT_OPTS='-c'
MSGMERGE='/usr/bin/msgmerge'
NM='/usr/bin/nm -B'
NMEDIT=''
OBJDUMP='objdump'
OBJEXT='o'
OTOOL64=''
OTOOL=''
PACKAGE='gsiot'
PACKAGE_BUGREPORT=''
PACKAGE_NAME='gsiot'
PACKAGE_STRING='gsiot 0.1'
PACKAGE_TARNAME='gsiot'
PACKAGE_URL=''
PACKAGE_VERSION='0.1'
PATH_SEPARATOR=':'
PKG_CONFIG='/usr/bin/pkg-config'
PKG_CONFIG_LIBDIR=''
PKG_CONFIG_PATH=''
POFILES=''
POSUB='po'
PO_IN_DATADIR_FALSE=''
PO_IN_DATADIR_TRUE=''
RANLIB='ranlib'
SED='/bin/sed'
SET_MAKE=''
SHELL='/bin/bash'
SQLITE3_CFLAGS='-I/usr/local/include  '
SQLITE3_LIBS='-L/usr/local/lib -lsqlite3  '
STRIP='strip'
USE_NLS='yes'
VERSION='0.1'
XGETTEXT='/usr/bin/xgettext'
ZLIB_CFLAGS='-I/usr/local/include  '
ZLIB_LIBS='-L/usr/local/lib -lz  '
ac_ct_AR='ar'
ac_ct_CC='gcc'
ac_ct_CXX='g++'
ac_ct_DUMPBIN=''
am__EXEEXT_FALSE=''
am__EXEEXT_TRUE='#'
am__fastdepCC_FALSE='#'
am__fastdepCC_TRUE=''
am__fastdepCXX_FALSE='#'
am__fastdepCXX_TRUE=''
am__include='include'
am__isrc=''
am__leading_dot='.'
am__nodep='_no'
am__quote=''
am__tar='$${TAR-tar} chof - "$$tardir"'
am__untar='$${TAR-tar} xf -'
bindir='${exec_prefix}/bin'
build='i686-pc-linux-gnu'
build_alias=''
build_cpu='i686'
build_os='linux-gnu'
build_vendor='pc'
datadir='${datarootdir}'
datarootdir='${prefix}/share'
docdir='${datarootdir}/doc/${PACKAGE_TARNAME}'
dvidir='${docdir}'
exec_prefix='${prefix}'
host='i686-pc-linux-gnu'
host_alias=''
host_cpu='i686'
host_os='linux-gnu'
host_vendor='pc'
htmldir='${docdir}'
includedir='${prefix}/include'
infodir='${datarootdir}/info'
install_sh='${SHELL} /home/chen/projects/gsarm/install-sh'
intltool__v_merge_options_0='-q'
intltool__v_merge_options_='$(intltool__v_merge_options_$(AM_DEFAULT_VERBOSITY))'
libdir='${exec_prefix}/lib'
libexecdir='${exec_prefix}/libexec'
localedir='${datarootdir}/locale'
localstatedir='${prefix}/var'
mandir='${datarootdir}/man'
mkdir_p='$(MKDIR_P)'
oldincludedir='/usr/include'
pdfdir='${docdir}'
prefix='/usr/local'
program_transform_name='s,x,x,'
psdir='${docdir}'
sbindir='${exec_prefix}/sbin'
sharedstatedir='${prefix}/com'
sysconfdir='${prefix}/etc'
target_alias=''

## ----------- ##
## confdefs.h. ##
## ----------- ##

/* confdefs.h */
#define PACKAGE_NAME "gsiot"
#define PACKAGE_TARNAME "gsiot"
#define PACKAGE_VERSION "0.1"
#define PACKAGE_STRING "gsiot 0.1"
#define PACKAGE_BUGREPORT ""
#define PACKAGE_URL ""
#define PACKAGE "gsiot"
#define VERSION "0.1"
#define GETTEXT_PACKAGE "gsiot"
#define STDC_HEADERS 1
#define HAVE_SYS_TYPES_H 1
#define HAVE_SYS_STAT_H 1
#define HAVE_STDLIB_H 1
#define HAVE_STRING_H 1
#define HAVE_MEMORY_H 1
#define HAVE_STRINGS_H 1
#define HAVE_INTTYPES_H 1
#define HAVE_STDINT_H 1
#define HAVE_UNISTD_H 1
#define HAVE_LOCALE_H 1
#define HAVE_LC_MESSAGES 1
#define HAVE_BIND_TEXTDOMAIN_CODESET 1
#define HAVE_GETTEXT 1
#define HAVE_DCGETTEXT 1
#define ENABLE_NLS 1
#define HAVE_DLFCN_H 1
#define LT_OBJDIR ".libs/"

configure: exit 0

## ---------------------- ##
## Running config.status. ##
## ---------------------- ##

This file was extended by gsiot config.status 0.1, which was
generated by GNU Autoconf 2.69.  Invocation command line was

  CONFIG_FILES    = 
  CONFIG_HEADERS  = 
  CONFIG_LINKS    = 
  CONFIG_COMMANDS = 
  $ ./config.status 

on chen-X450CC

config.status:1237: creating Makefile
config.status:1237: creating src/Makefile
config.status:1237: creating po/Makefile.in
config.status:1237: creating config.h
config.status:1418: config.h is unchanged
config.status:1466: executing depfiles commands
config.status:1466: executing default-1 commands
config.status:1466: executing libtool commands
config.status:1466: executing po/stamp-it commands

## ---------------------- ##
## Running config.status. ##
## ---------------------- ##

This file was extended by gsiot config.status 0.1, which was
generated by GNU Autoconf 2.69.  Invocation command line was

  CONFIG_FILES    = 
  CONFIG_HEADERS  = 
  CONFIG_LINKS    = 
  CONFIG_COMMANDS = 
  $ ./config.status src/Makefile depfiles

on chen-X450CC

config.status:1237: creating src/Makefile
config.status:1466: executing depfiles commands

## ---------------------- ##
## Running config.status. ##
## ---------------------- ##

This file was extended by gsiot config.status 0.1, which was
generated by GNU Autoconf 2.69.  Invocation command line was

  CONFIG_FILES    = 
  CONFIG_HEADERS  = 
  CONFIG_LINKS    = 
  CONFIG_COMMANDS = 
  $ ./config.status src/Makefile depfiles

on chen-X450CC

config.status:1237: creating src/Makefile
config.status:1466: executing depfiles commands

## ---------------------- ##
## Running config.status. ##
## ---------------------- ##

This file was extended by gsiot config.status 0.1, which was
generated by GNU Autoconf 2.69.  Invocation command line was

  CONFIG_FILES    = 
  CONFIG_HEADERS  = 
  CONFIG_LINKS    = 
  CONFIG_COMMANDS = 
  $ ./config.status src/Makefile depfiles

on chen-X450CC

config.status:1237: creating src/Makefile
config.status:1466: executing depfiles commands

## ---------------------- ##
## Running config.status. ##
## ---------------------- ##

This file was extended by gsiot config.status 0.1, which was
generated by GNU Autoconf 2.69.  Invocation command line was

  CONFIG_FILES    = 
  CONFIG_HEADERS  = 
  CONFIG_LINKS    = 
  CONFIG_COMMANDS = 
  $ ./config.status src/Makefile depfiles

on chen-X450CC

config.status:1237: creating src/Makefile
config.status:1466: executing depfiles commands

## ---------------------- ##
## Running config.status. ##
## ---------------------- ##

This file was extended by gsiot config.status 0.1, which was
generated by GNU Autoconf 2.69.  Invocation command line was

  CONFIG_FILES    = 
  CONFIG_HEADERS  = 
  CONFIG_LINKS    = 
  CONFIG_COMMANDS = 
  $ ./config.status src/Makefile depfiles

on chen-X450CC

config.status:1237: creating src/Makefile
config.status:1466: executing depfiles commands

## ---------------------- ##
## Running config.status. ##
## ---------------------- ##

This file was extended by gsiot config.status 0.1, which was
generated by GNU Autoconf 2.69.  Invocation command line was

  CONFIG_FILES    = 
  CONFIG_HEADERS  = 
  CONFIG_LINKS    = 
  CONFIG_COMMANDS = 
  $ ./config.status src/Makefile depfiles

on chen-X450CC

config.status:1237: creating src/Makefile
config.status:1466: executing depfiles commands

## ---------------------- ##
## Running config.status. ##
## ---------------------- ##

This file was extended by gsiot config.status 0.1, which was
generated by GNU Autoconf 2.69.  Invocation command line was

  CONFIG_FILES    = 
  CONFIG_HEADERS  = 
  CONFIG_LINKS    = 
  CONFIG_COMMANDS = 
  $ ./config.status config.h

on chen-X450CC

config.status:1237: creating config.h
config.status:1418: config.h is unchanged

## ---------------------- ##
## Running config.status. ##
## ---------------------- ##

This file was extended by gsiot config.status 0.1, which was
generated by GNU Autoconf 2.69.  Invocation command line was

  CONFIG_FILES    = 
  CONFIG_HEADERS  = 
  CONFIG_LINKS    = 
  CONFIG_COMMANDS = 
  $ ./config.status src/Makefile depfiles

on chen-X450CC

config.status:1237: creating src/Makefile
config.status:1466: executing depfiles commands

## ---------------------- ##
## Running config.status. ##
## ---------------------- ##

This file was extended by gsiot config.status 0.1, which was
generated by GNU Autoconf 2.69.  Invocation command line was

  CONFIG_FILES    = 
  CONFIG_HEADERS  = 
  CONFIG_LINKS    = 
  CONFIG_COMMANDS = 
  $ ./config.status src/Makefile depfiles

on chen-X450CC

config.status:1237: creating src/Makefile
config.status:1466: executing depfiles commands

## ---------------------- ##
## Running config.status. ##
## ---------------------- ##

This file was extended by gsiot config.status 0.1, which was
generated by GNU Autoconf 2.69.  Invocation command line was

  CONFIG_FILES    = 
  CONFIG_HEADERS  = 
  CONFIG_LINKS    = 
  CONFIG_COMMANDS = 
  $ ./config.status src/Makefile depfiles

on chen-X450CC

config.status:1237: creating src/Makefile
config.status:1466: executing depfiles commands

## ---------------------- ##
## Running config.status. ##
## ---------------------- ##

This file was extended by gsiot config.status 0.1, which was
generated by GNU Autoconf 2.69.  Invocation command line was

  CONFIG_FILES    = 
  CONFIG_HEADERS  = 
  CONFIG_LINKS    = 
  CONFIG_COMMANDS = 
  $ ./config.status src/Makefile depfiles

on chen-X450CC

config.status:1237: creating src/Makefile
config.status:1466: executing depfiles commands

## ---------------------- ##
## Running config.status. ##
## ---------------------- ##

This file was extended by gsiot config.status 0.1, which was
generated by GNU Autoconf 2.69.  Invocation command line was

  CONFIG_FILES    = 
  CONFIG_HEADERS  = 
  CONFIG_LINKS    = 
  CONFIG_COMMANDS = 
  $ ./config.status src/Makefile depfiles

on chen-X450CC

config.status:1237: creating src/Makefile
config.status:1466: executing depfiles commands

## ---------------------- ##
## Running config.status. ##
## ---------------------- ##

This file was extended by gsiot config.status 0.1, which was
generated by GNU Autoconf 2.69.  Invocation command line was

  CONFIG_FILES    = 
  CONFIG_HEADERS  = 
  CONFIG_LINKS    = 
  CONFIG_COMMANDS = 
  $ ./config.status src/Makefile depfiles

on chen-X450CC

config.status:1237: creating src/Makefile
config.status:1466: executing depfiles commands

## ---------------------- ##
## Running config.status. ##
## ---------------------- ##

This file was extended by gsiot config.status 0.1, which was
generated by GNU Autoconf 2.69.  Invocation command line was

  CONFIG_FILES    = 
  CONFIG_HEADERS  = 
  CONFIG_LINKS    = 
  CONFIG_COMMANDS = 
  $ ./config.status src/Makefile depfiles

on chen-X450CC

config.status:1237: creating src/Makefile
config.status:1466: executing depfiles commands

## ---------------------- ##
## Running config.status. ##
## ---------------------- ##

This file was extended by gsiot config.status 0.1, which was
generated by GNU Autoconf 2.69.  Invocation command line was

  CONFIG_FILES    = 
  CONFIG_HEADERS  = 
  CONFIG_LINKS    = 
  CONFIG_COMMANDS = 
  $ ./config.status src/Makefile depfiles

on chen-X450CC

config.status:1237: creating src/Makefile
config.status:1466: executing depfiles commands

## ---------------------- ##
## Running config.status. ##
## ---------------------- ##

This file was extended by gsiot config.status 0.1, which was
generated by GNU Autoconf 2.69.  Invocation command line was

  CONFIG_FILES    = 
  CONFIG_HEADERS  = 
  CONFIG_LINKS    = 
  CONFIG_COMMANDS = 
  $ ./config.status src/Makefile depfiles

on chen-X450CC

config.status:1237: creating src/Makefile
config.status:1466: executing depfiles commands

## ---------------------- ##
## Running config.status. ##
## ---------------------- ##

This file was extended by gsiot config.status 0.1, which was
generated by GNU Autoconf 2.69.  Invocation command line was

  CONFIG_FILES    = 
  CONFIG_HEADERS  = 
  CONFIG_LINKS    = 
  CONFIG_COMMANDS = 
  $ ./config.status src/Makefile depfiles

on chen-X450CC

config.status:1237: creating src/Makefile
config.status:1466: executing depfiles commands

## ---------------------- ##
## Running config.status. ##
## ---------------------- ##

This file was extended by gsiot config.status 0.1, which was
generated by GNU Autoconf 2.69.  Invocation command line was

  CONFIG_FILES    = 
  CONFIG_HEADERS  = 
  CONFIG_LINKS    = 
  CONFIG_COMMANDS = 
  $ ./config.status src/Makefile depfiles

on chen-X450CC

config.status:1237: creating src/Makefile
config.status:1466: executing depfiles commands

## ---------------------- ##
## Running config.status. ##
## ---------------------- ##

This file was extended by gsiot config.status 0.1, which was
generated by GNU Autoconf 2.69.  Invocation command line was

  CONFIG_FILES    = 
  CONFIG_HEADERS  = 
  CONFIG_LINKS    = 
  CONFIG_COMMANDS = 
  $ ./config.status src/Makefile depfiles

on chen-X450CC

config.status:1237: creating src/Makefile
config.status:1466: executing depfiles commands

## ---------------------- ##
## Running config.status. ##
## ---------------------- ##

This file was extended by gsiot config.status 0.1, which was
generated by GNU Autoconf 2.69.  Invocation command line was

  CONFIG_FILES    = 
  CONFIG_HEADERS  = 
  CONFIG_LINKS    = 
  CONFIG_COMMANDS = 
  $ ./config.status src/Makefile depfiles

on chen-X450CC

config.status:1237: creating src/Makefile
config.status:1466: executing depfiles commands

## ---------------------- ##
## Running config.status. ##
## ---------------------- ##

This file was extended by gsiot config.status 0.1, which was
generated by GNU Autoconf 2.69.  Invocation command line was

  CONFIG_FILES    = 
  CONFIG_HEADERS  = 
  CONFIG_LINKS    = 
  CONFIG_COMMANDS = 
  $ ./config.status src/Makefile depfiles

on chen-X450CC

config.status:1237: creating src/Makefile
config.status:1466: executing depfiles commands

## ---------------------- ##
## Running config.status. ##
## ---------------------- ##

This file was extended by gsiot config.status 0.1, which was
generated by GNU Autoconf 2.69.  Invocation command line was

  CONFIG_FILES    = 
  CONFIG_HEADERS  = 
  CONFIG_LINKS    = 
  CONFIG_COMMANDS = 
  $ ./config.status src/Makefile depfiles

on chen-X450CC

config.status:1237: creating src/Makefile
config.status:1466: executing depfiles commands

## ---------------------- ##
## Running config.status. ##
## ---------------------- ##

This file was extended by gsiot config.status 0.1, which was
generated by GNU Autoconf 2.69.  Invocation command line was

  CONFIG_FILES    = 
  CONFIG_HEADERS  = 
  CONFIG_LINKS    = 
  CONFIG_COMMANDS = 
  $ ./config.status src/Makefile depfiles

on chen-X450CC

config.status:1237: creating src/Makefile
config.status:1466: executing depfiles commands
