16:23:57 **** Incremental Build of configuration Debug for project gsarm ****
make all 
Building file: ../src/GSIOTClient.cpp
Invoking: GCC C++ Compiler
g++ -O0 -g3 -Wall -c -fmessage-length=0 -MMD -MP -MF"src/GSIOTClient.d" -MT"src/GSIOTClient.o" -o "src/GSIOTClient.o" "../src/GSIOTClient.cpp"
In file included from ../src/GSIOTConfig.h:4:0,
                 from ../src/GSIOTClient.h:4,
                 from ../src/GSIOTClient.cpp:4:
../src/common.h:67:1: warning: identifier ‘nullptr’ is a keyword in C++11 [-Wc++0x-compat]
 const nullptr_tt nullptr;  //jyc20160824 add nullptr
 ^
In file included from ../src/DeviceManager.h:11:0,
                 from ../src/DeviceConnection.h:13,
                 from ../src/GSIOTClient.h:7,
                 from ../src/GSIOTClient.cpp:4:
../src/RS485DevControl.h:62:1: warning: multi-line comment [-Wcomment]
 //#define defSpecAddr_PM25_Read( pCtrl ) \
 ^
In file included from ../src/AudioCap_File.h:2:0,
                 from ../src/RTMPSend.h:13,
                 from ../src/MediaStream.h:6,
                 from ../src/IPCameraBase.h:6,
                 from ../src/IPCamConnection.h:7,
                 from ../src/GSIOTClient.h:8,
                 from ../src/GSIOTClient.cpp:4:
../src/AudioCap.h:7:0: warning: ignoring #pragma comment  [-Wunknown-pragmas]
 #pragma comment(lib,"strmiids.lib")
 ^
In file included from ../src/IPCameraManager.h:9:0,
                 from ../src/IPCamConnection.h:9,
                 from ../src/GSIOTClient.h:8,
                 from ../src/GSIOTClient.cpp:4:
../src/GsCamera.h:13:0: warning: ignoring #pragma comment  [-Wunknown-pragmas]
 #pragma comment(lib,"libmpeg.lib")
 ^
In file included from ../src/GSIOTClient.cpp:36:0:
../src/HttpRequest.cpp:28:17: warning: multi-character character constant [-Wmultichar]
  while (*ptr != '\0 ') {
                 ^
In file included from ../src/GSIOTConfig.h:4:0,
                 from ../src/GSIOTClient.h:4,
                 from ../src/GSIOTClient.cpp:4:
../src/common.h: In constructor ‘stru_vobj_config::stru_vobj_config(int, IOTDeviceType, const string&, int, int, const string&)’:
../src/common.h:137:14: warning: ‘stru_vobj_config::ver’ will be initialized after [-Wreorder]
  std::string ver;
              ^
../src/common.h:134:16: warning:   ‘IOTDeviceType stru_vobj_config::vobj_type’ [-Wreorder]
  IOTDeviceType vobj_type;
                ^
../src/common.h:141:2: warning:   when initialized here [-Wreorder]
  stru_vobj_config(
  ^
../src/common.h:134:16: warning: ‘stru_vobj_config::vobj_type’ will be initialized after [-Wreorder]
  IOTDeviceType vobj_type;
                ^
../src/common.h:133:6: warning:   ‘int stru_vobj_config::enable’ [-Wreorder]
  int enable;
      ^
../src/common.h:141:2: warning:   when initialized here [-Wreorder]
  stru_vobj_config(
  ^
In file included from ../src/GSIOTDevice.h:6:0,
                 from ../src/AutoControlEvent.h:3,
                 from ../src/GSIOTEvent.h:5,
                 from ../src/GSIOTClient.h:5,
                 from ../src/GSIOTClient.cpp:4:
../src/ControlBase.h: In static member function ‘static std::string ControlBase::TypeToString(IOTDeviceType, IOTDeviceType)’:
../src/ControlBase.h:42:9: warning: enumeration value ‘IOT_DEVICE_Event’ not handled in switch [-Wswitch]
   switch( IOT_DEVICE_Unknown==ExType?type:ExType )
         ^
../src/ControlBase.h:42:9: warning: enumeration value ‘IOT_DEVICE_Custom’ not handled in switch [-Wswitch]
../src/ControlBase.h:42:9: warning: enumeration value ‘IOTDevice_ExSpec_Begin_’ not handled in switch [-Wswitch]
../src/ControlBase.h:42:9: warning: enumeration value ‘IOTDevice_ExSpec_End_’ not handled in switch [-Wswitch]
../src/ControlBase.h:42:9: warning: enumeration value ‘IOT_Obj_SYS’ not handled in switch [-Wswitch]
../src/ControlBase.h:42:9: warning: enumeration value ‘IOT_Obj_User’ not handled in switch [-Wswitch]
../src/ControlBase.h:42:9: warning: enumeration value ‘IOT_Obj_CommLink’ not handled in switch [-Wswitch]
../src/ControlBase.h:42:9: warning: enumeration value ‘IOT_VObj_scene’ not handled in switch [-Wswitch]
../src/ControlBase.h:42:9: warning: enumeration value ‘IOT_VObj_union’ not handled in switch [-Wswitch]
../src/ControlBase.h:42:9: warning: enumeration value ‘IOT_Module_Unknown’ not handled in switch [-Wswitch]
../src/ControlBase.h:42:9: warning: enumeration value ‘IOT_Module_authority’ not handled in switch [-Wswitch]
../src/ControlBase.h:42:9: warning: enumeration value ‘IOT_Module_record’ not handled in switch [-Wswitch]
../src/ControlBase.h:42:9: warning: enumeration value ‘IOT_Module_system’ not handled in switch [-Wswitch]
../src/ControlBase.h:42:9: warning: enumeration value ‘IOT_Module_manager’ not handled in switch [-Wswitch]
../src/ControlBase.h:42:9: warning: enumeration value ‘IOT_Module_event’ not handled in switch [-Wswitch]
../src/ControlBase.h:42:9: warning: enumeration value ‘IOT_Module_talk’ not handled in switch [-Wswitch]
../src/ControlBase.h:42:9: warning: enumeration value ‘IOT_Module_reboot’ not handled in switch [-Wswitch]
../src/ControlBase.h:42:9: warning: enumeration value ‘IOT_Module_acctl’ not handled in switch [-Wswitch]
../src/ControlBase.h:42:9: warning: enumeration value ‘IOT_Module_all’ not handled in switch [-Wswitch]
../src/ControlBase.h: In static member function ‘static std::string ControlBase::TypeToSimpleStr(IOTDeviceType)’:
../src/ControlBase.h:108:9: warning: enumeration value ‘IOT_DEVICE_Event’ not handled in switch [-Wswitch]
   switch( type )
         ^
../src/ControlBase.h:108:9: warning: enumeration value ‘IOT_DEVICE_Custom’ not handled in switch [-Wswitch]
../src/ControlBase.h:108:9: warning: enumeration value ‘IOTDevice_ExSpec_Begin_’ not handled in switch [-Wswitch]
../src/ControlBase.h:108:9: warning: enumeration value ‘IOTDevice_ExSpec_End_’ not handled in switch [-Wswitch]
../src/ControlBase.h:108:9: warning: enumeration value ‘IOT_Obj_SYS’ not handled in switch [-Wswitch]
../src/ControlBase.h:108:9: warning: enumeration value ‘IOT_Obj_User’ not handled in switch [-Wswitch]
../src/ControlBase.h:108:9: warning: enumeration value ‘IOT_Obj_CommLink’ not handled in switch [-Wswitch]
../src/ControlBase.h:108:9: warning: enumeration value ‘IOT_VObj_scene’ not handled in switch [-Wswitch]
../src/ControlBase.h:108:9: warning: enumeration value ‘IOT_VObj_union’ not handled in switch [-Wswitch]
../src/ControlBase.h:108:9: warning: enumeration value ‘IOT_Module_Unknown’ not handled in switch [-Wswitch]
../src/ControlBase.h:108:9: warning: enumeration value ‘IOT_Module_authority’ not handled in switch [-Wswitch]
../src/ControlBase.h:108:9: warning: enumeration value ‘IOT_Module_record’ not handled in switch [-Wswitch]
../src/ControlBase.h:108:9: warning: enumeration value ‘IOT_Module_system’ not handled in switch [-Wswitch]
../src/ControlBase.h:108:9: warning: enumeration value ‘IOT_Module_manager’ not handled in switch [-Wswitch]
../src/ControlBase.h:108:9: warning: enumeration value ‘IOT_Module_event’ not handled in switch [-Wswitch]
../src/ControlBase.h:108:9: warning: enumeration value ‘IOT_Module_talk’ not handled in switch [-Wswitch]
../src/ControlBase.h:108:9: warning: enumeration value ‘IOT_Module_reboot’ not handled in switch [-Wswitch]
../src/ControlBase.h:108:9: warning: enumeration value ‘IOT_Module_acctl’ not handled in switch [-Wswitch]
../src/ControlBase.h:108:9: warning: enumeration value ‘IOT_Module_all’ not handled in switch [-Wswitch]
In file included from ../src/AutoControlEvent.h:4:0,
                 from ../src/GSIOTEvent.h:5,
                 from ../src/GSIOTClient.h:5,
                 from ../src/GSIOTClient.cpp:4:
../src/ControlEvent.h: In constructor ‘ControlEvent::ControlEvent(const gloox::Tag*)’:
../src/ControlEvent.h:21:7: warning: ‘ControlEvent::m_istest’ will be initialized after [-Wreorder]
  bool m_istest;
       ^
../src/ControlEvent.h:19:7: warning:   ‘bool ControlEvent::m_isForce’ [-Wreorder]
  bool m_isForce;
       ^
../src/ControlEvent.h:30:2: warning:   when initialized here [-Wreorder]
  ControlEvent(const Tag* tag=0):m_id(0),m_device_type(IOT_DEVICE_Unknown),m_device_id(0),m_level(defEventLevel_Default),m_enable(1),m_istest(false),m_isForce(false),
  ^
In file included from ../src/GSIOTEvent.h:5:0,
                 from ../src/GSIOTClient.h:5,
                 from ../src/GSIOTClient.cpp:4:
../src/AutoControlEvent.h: In member function ‘bool AutoControlEvent::isSameDevice(const GSIOTDevice*) const’:
../src/AutoControlEvent.h:37:75: warning: comparison between signed and unsigned integer expressions [-Wsign-compare]
   return ( pDevice->getType()==m_control_device_type && pDevice->getId()==m_control_device_id );
                                                                           ^
In file included from ../src/GSIOTEvent.h:8:0,
                 from ../src/GSIOTClient.h:5,
                 from ../src/GSIOTClient.cpp:4:
../src/AutoEventthing.h: In member function ‘bool AutoEventthing::isSameDevice(const GSIOTDevice*) const’:
../src/AutoEventthing.h:30:75: warning: comparison between signed and unsigned integer expressions [-Wsign-compare]
   return ( pDevice->getType()==m_control_device_type && pDevice->getId()==m_control_device_id );
                                                                           ^
In file included from ../src/XmppGSReport.h:5:0,
                 from ../src/GSIOTClient.h:40,
                 from ../src/GSIOTClient.cpp:4:
../src/DataStoreMgr.h: In constructor ‘AutoRelease_getDBDataSave::AutoRelease_getDBDataSave(CDataStoreMgr*)’:
../src/DataStoreMgr.h:472:17: warning: ‘AutoRelease_getDBDataSave::m_pMgr’ will be initialized after [-Wreorder]
  CDataStoreMgr *m_pMgr;
                 ^
../src/DataStoreMgr.h:471:21: warning:   ‘SQLite_DBDataSave* AutoRelease_getDBDataSave::m_pDBSave’ [-Wreorder]
  SQLite_DBDataSave *m_pDBSave;
                     ^
../src/DataStoreMgr.h:432:2: warning:   when initialized here [-Wreorder]
  AutoRelease_getDBDataSave( CDataStoreMgr *pMgr )
  ^
In file included from ../src/GSIOTClient.cpp:36:0:
../src/HttpRequest.cpp: In member function ‘int httpreq::Request::SendHTTP(LPCSTR, LPCSTR, BYTE*, DWORD, httpreq::HTTPRequest*)’:
../src/HttpRequest.cpp:203:34: warning: unused variable ‘err’ [-Wunused-variable]
     int             l,port,chars,err;   
                                  ^
../src/HttpRequest.cpp:214:7: warning: unused variable ‘protocol’ [-Wunused-variable]
  char protocol[20]={"HTTP"};  //jyc20170321 modify  parseurl have trouble
       ^
../src/GSIOTClient.cpp: In function ‘bool g_IsValidCurTimeInAlarmGuardState()’:
../src/GSIOTClient.cpp:66:60: warning: statement has no effect [-Wunused-value]
   macDebugLog_AlarmGuardState( "AlarmGuardTime Disabled!" );
                                                            ^
../src/GSIOTClient.cpp:83:70: warning: left operand of comma operator has no effect [-Wunused-value]
   macDebugLog_AlarmGuardState( "AlarmGuard Time w%d: w err invalid", w );
                                                                      ^
../src/GSIOTClient.cpp:90:75: warning: left operand of comma operator has no effect [-Wunused-value]
   macDebugLog_AlarmGuardState( "AlarmGuard Time w%d: flag fullday valid", w );
                                                                           ^
../src/GSIOTClient.cpp:95:77: warning: left operand of comma operator has no effect [-Wunused-value]
   macDebugLog_AlarmGuardState( "AlarmGuard Time w%d: flag fullday invalid", w );
                                                                             ^
../src/GSIOTClient.cpp:105:3: warning: left operand of comma operator has no effect [-Wunused-value]
   w,
   ^
../src/GSIOTClient.cpp:106:12: warning: right operand of comma operator has no effect [-Wunused-value]
   vecFlag[0], vecBegin[0], vecEnd[0],
            ^
../src/GSIOTClient.cpp:126:93: warning: left operand of comma operator has no effect [-Wunused-value]
     macDebugLog_AlarmGuardState( "AlarmGuard Time w%d:close inte valid: cur=%d, ag(%d-%d)", w, agCurTime, agTime_Begin, agTime_End );
                                                                                             ^
../src/GSIOTClient.cpp:126:96: warning: right operand of comma operator has no effect [-Wunused-value]
     macDebugLog_AlarmGuardState( "AlarmGuard Time w%d:close inte valid: cur=%d, ag(%d-%d)", w, agCurTime, agTime_Begin, agTime_End );
                                                                                                ^
../src/GSIOTClient.cpp:126:107: warning: right operand of comma operator has no effect [-Wunused-value]
     macDebugLog_AlarmGuardState( "AlarmGuard Time w%d:close inte valid: cur=%d, ag(%d-%d)", w, agCurTime, agTime_Begin, agTime_End );
                                                                                                           ^
../src/GSIOTClient.cpp:126:121: warning: right operand of comma operator has no effect [-Wunused-value]
     macDebugLog_AlarmGuardState( "AlarmGuard Time w%d:close inte valid: cur=%d, ag(%d-%d)", w, agCurTime, agTime_Begin, agTime_End );
                                                                                                                         ^
../src/GSIOTClient.cpp:134:92: warning: left operand of comma operator has no effect [-Wunused-value]
     macDebugLog_AlarmGuardState( "AlarmGuard Time w%d:open inte valid: cur=%d, ag(%d-%d)", w, agCurTime, agTime_Begin, agTime_End );
                                                                                            ^
../src/GSIOTClient.cpp:134:95: warning: right operand of comma operator has no effect [-Wunused-value]
     macDebugLog_AlarmGuardState( "AlarmGuard Time w%d:open inte valid: cur=%d, ag(%d-%d)", w, agCurTime, agTime_Begin, agTime_End );
                                                                                               ^
../src/GSIOTClient.cpp:134:106: warning: right operand of comma operator has no effect [-Wunused-value]
     macDebugLog_AlarmGuardState( "AlarmGuard Time w%d:open inte valid: cur=%d, ag(%d-%d)", w, agCurTime, agTime_Begin, agTime_End );
                                                                                                          ^
../src/GSIOTClient.cpp:134:120: warning: right operand of comma operator has no effect [-Wunused-value]
     macDebugLog_AlarmGuardState( "AlarmGuard Time w%d:open inte valid: cur=%d, ag(%d-%d)", w, agCurTime, agTime_Begin, agTime_End );
                                                                                                                        ^
../src/GSIOTClient.cpp:140:76: warning: left operand of comma operator has no effect [-Wunused-value]
  macDebugLog_AlarmGuardState( "AlarmGuard Time w%d: invalid inte: cur=%d", w, agCurTime );
                                                                            ^
../src/GSIOTClient.cpp:140:79: warning: right operand of comma operator has no effect [-Wunused-value]
  macDebugLog_AlarmGuardState( "AlarmGuard Time w%d: invalid inte: cur=%d", w, agCurTime );
                                                                               ^
../src/GSIOTClient.cpp: In function ‘void* DataProc_Thread(LPVOID)’:
../src/GSIOTClient.cpp:238:1: warning: no return statement in function returning non-void [-Wreturn-type]
 }
 ^
../src/GSIOTClient.cpp: In function ‘void* AlarmProc_Thread(LPVOID)’:
../src/GSIOTClient.cpp:264:1: warning: no return statement in function returning non-void [-Wreturn-type]
 }
 ^
In file included from ../src/GSIOTClient.cpp:4:0:
../src/GSIOTClient.h: In constructor ‘GSIOTClient::GSIOTClient(IDeviceHandler*, const string&)’:
../src/GSIOTClient.h:594:9: warning: ‘GSIOTClient::m_parser’ will be initialized after [-Wreorder]
  std::string m_strVerLocal;
         ^
../src/GSIOTClient.h:586:7: warning:   ‘bool GSIOTClient::m_PreInitState’ [-Wreorder]
  void CheckOverTimeControlMesssageQueue_nolock();
       ^
../src/GSIOTClient.cpp:295:1: warning:   when initialized here [-Wreorder]
 GSIOTClient::GSIOTClient( IDeviceHandler *handler, const std::string &RunParam )
 ^
In file included from ../src/GSIOTClient.cpp:4:0:
../src/GSIOTClient.h:586:7: warning: ‘GSIOTClient::m_PreInitState’ will be initialized after [-Wreorder]
  void CheckOverTimeControlMesssageQueue_nolock();
       ^
In file included from ../src/GSIOTClient.cpp:4:0:
../src/GSIOTClient.h:241:15: warning:   ‘GSIOTConfig* GSIOTClient::m_cfg’ [-Wreorder]
  GSIOTEvent *m_event;
               ^
../src/GSIOTClient.cpp:295:1: warning:   when initialized here [-Wreorder]
 GSIOTClient::GSIOTClient( IDeviceHandler *handler, const std::string &RunParam )
 ^
In file included from ../src/GSIOTClient.cpp:4:0:
../src/GSIOTClient.h:249:16: warning: ‘GSIOTClient::timer’ will be initialized after [-Wreorder]
  IDeviceHandler *m_handler;
                ^
../src/GSIOTClient.h:246:20: warning:   ‘DeviceConnection* GSIOTClient::deviceClient’ [-Wreorder]
  IPCamConnection *ipcamClient; //jyc20170322 resume 
                    ^
../src/GSIOTClient.cpp:295:1: warning:   when initialized here [-Wreorder]
 GSIOTClient::GSIOTClient( IDeviceHandler *handler, const std::string &RunParam )
 ^
In file included from ../src/GSIOTClient.cpp:4:0:
../src/GSIOTClient.h:252:6: warning: ‘GSIOTClient::timeCount’ will be initialized after [-Wreorder]
  //JID m_NoticeJid;
      ^
../src/GSIOTClient.h:251:7: warning:   ‘bool GSIOTClient::serverPingCount’ [-Wreorder]
  int timeCount;
       ^
../src/GSIOTClient.cpp:295:1: warning:   when initialized here [-Wreorder]
 GSIOTClient::GSIOTClient( IDeviceHandler *handler, const std::string &RunParam )
 ^
In file included from ../src/GSIOTClient.cpp:4:0:
../src/GSIOTClient.h:251:7: warning: ‘GSIOTClient::serverPingCount’ will be initialized after [-Wreorder]
  int timeCount;
       ^
../src/GSIOTClient.h:250:18: warning:   ‘IDeviceHandler* GSIOTClient::m_handler’ [-Wreorder]
  bool serverPingCount;
                  ^
../src/GSIOTClient.cpp:295:1: warning:   when initialized here [-Wreorder]
 GSIOTClient::GSIOTClient( IDeviceHandler *handler, const std::string &RunParam )
 ^
In file included from ../src/GSIOTClient.cpp:4:0:
../src/GSIOTClient.h:588:7: warning: ‘GSIOTClient::m_running’ will be initialized after [-Wreorder]
 
       ^
In file included from ../src/GSIOTClient.cpp:4:0:
../src/GSIOTClient.h:254:21: warning:   ‘IGSMessageHandler* GSIOTClient::m_IGSMessageHandler’ [-Wreorder]
  ITriggerDebugHandler *m_ITriggerDebugHandler;
                     ^
../src/GSIOTClient.cpp:295:1: warning:   when initialized here [-Wreorder]
 GSIOTClient::GSIOTClient( IDeviceHandler *handler, const std::string &RunParam )
 ^
../src/GSIOTClient.cpp: In destructor ‘virtual GSIOTClient::~GSIOTClient()’:
../src/GSIOTClient.cpp:446:21: warning: deleting object of polymorphic class type ‘IPCamConnection’ which has non-virtual destructor might cause undefined behaviour [-Wdelete-non-virtual-dtor]
   delete(ipcamClient);
                     ^
../src/GSIOTClient.cpp:450:22: warning: deleting object of polymorphic class type ‘DeviceConnection’ which has non-virtual destructor might cause undefined behaviour [-Wdelete-non-virtual-dtor]
   delete(deviceClient);
                      ^
../src/GSIOTClient.cpp:453:26: warning: deleting object of polymorphic class type ‘GSIOTConfig’ which has non-virtual destructor might cause undefined behaviour [-Wdelete-non-virtual-dtor]
  if( m_cfg ) delete(m_cfg);
                          ^
../src/GSIOTClient.cpp: In member function ‘virtual void GSIOTClient::OnTimeOverForCmdRecv(defLinkID, IOTDeviceType, uint32_t, uint32_t)’:
../src/GSIOTClient.cpp:488:29: warning: comparison between signed and unsigned integer expressions [-Wsign-compare]
     if( pCurDev->getId() != DevID )
                             ^
../src/GSIOTClient.cpp:476:8: warning: enumeration value ‘IOT_DEVICE_Unknown’ not handled in switch [-Wswitch]
  switch( DevType )
        ^
../src/GSIOTClient.cpp:476:8: warning: enumeration value ‘IOT_DEVICE_Video’ not handled in switch [-Wswitch]
../src/GSIOTClient.cpp:476:8: warning: enumeration value ‘IOT_DEVICE_Audio’ not handled in switch [-Wswitch]
../src/GSIOTClient.cpp:476:8: warning: enumeration value ‘IOT_DEVICE_Switch’ not handled in switch [-Wswitch]
../src/GSIOTClient.cpp:476:8: warning: enumeration value ‘IOT_DEVICE_Temperature’ not handled in switch [-Wswitch]
../src/GSIOTClient.cpp:476:8: warning: enumeration value ‘IOT_DEVICE_Humidity’ not handled in switch [-Wswitch]
../src/GSIOTClient.cpp:476:8: warning: enumeration value ‘IOT_DEVICE_Trigger’ not handled in switch [-Wswitch]
../src/GSIOTClient.cpp:476:8: warning: enumeration value ‘IOT_DEVICE_Camera’ not handled in switch [-Wswitch]
../src/GSIOTClient.cpp:476:8: warning: enumeration value ‘IOT_DEVICE_Remote’ not handled in switch [-Wswitch]
../src/GSIOTClient.cpp:476:8: warning: enumeration value ‘IOT_DEVICE_RFDevice’ not handled in switch [-Wswitch]
../src/GSIOTClient.cpp:476:8: warning: enumeration value ‘IOT_DEVICE_CANDevice’ not handled in switch [-Wswitch]
../src/GSIOTClient.cpp:476:8: warning: enumeration value ‘IOT_DEVICE_Event’ not handled in switch [-Wswitch]
../src/GSIOTClient.cpp:476:8: warning: enumeration value ‘IOT_DEVICE_Wind’ not handled in switch [-Wswitch]
../src/GSIOTClient.cpp:476:8: warning: enumeration value ‘IOT_DEVICE_CO2’ not handled in switch [-Wswitch]
../src/GSIOTClient.cpp:476:8: warning: enumeration value ‘IOT_DEVICE_HCHO’ not handled in switch [-Wswitch]
../src/GSIOTClient.cpp:476:8: warning: enumeration value ‘IOT_DEVICE_PM25’ not handled in switch [-Wswitch]
../src/GSIOTClient.cpp:476:8: warning: enumeration value ‘IOT_DEVICE_Custom’ not handled in switch [-Wswitch]
../src/GSIOTClient.cpp:476:8: warning: enumeration value ‘IOTDevice_ExSpec_Begin_’ not handled in switch [-Wswitch]
../src/GSIOTClient.cpp:476:8: warning: enumeration value ‘IOTDevice_AC_Ctl’ not handled in switch [-Wswitch]
../src/GSIOTClient.cpp:476:8: warning: enumeration value ‘IOTDevice_AC_Door’ not handled in switch [-Wswitch]
../src/GSIOTClient.cpp:476:8: warning: enumeration value ‘IOTDevice_Combo_Ctl’ not handled in switch [-Wswitch]
../src/GSIOTClient.cpp:476:8: warning: enumeration value ‘IOTDevice_ExSpec_End_’ not handled in switch [-Wswitch]
../src/GSIOTClient.cpp:476:8: warning: enumeration value ‘IOT_DEVICE_All’ not handled in switch [-Wswitch]
../src/GSIOTClient.cpp:476:8: warning: enumeration value ‘IOT_Obj_SYS’ not handled in switch [-Wswitch]
../src/GSIOTClient.cpp:476:8: warning: enumeration value ‘IOT_Obj_User’ not handled in switch [-Wswitch]
../src/GSIOTClient.cpp:476:8: warning: enumeration value ‘IOT_Obj_CommLink’ not handled in switch [-Wswitch]
../src/GSIOTClient.cpp:476:8: warning: enumeration value ‘IOT_VObj_scene’ not handled in switch [-Wswitch]
../src/GSIOTClient.cpp:476:8: warning: enumeration value ‘IOT_VObj_union’ not handled in switch [-Wswitch]
../src/GSIOTClient.cpp:476:8: warning: enumeration value ‘IOT_Module_Unknown’ not handled in switch [-Wswitch]
../src/GSIOTClient.cpp:476:8: warning: enumeration value ‘IOT_Module_authority’ not handled in switch [-Wswitch]
../src/GSIOTClient.cpp:476:8: warning: enumeration value ‘IOT_Module_record’ not handled in switch [-Wswitch]
../src/GSIOTClient.cpp:476:8: warning: enumeration value ‘IOT_Module_system’ not handled in switch [-Wswitch]
../src/GSIOTClient.cpp:476:8: warning: enumeration value ‘IOT_Module_manager’ not handled in switch [-Wswitch]
../src/GSIOTClient.cpp:476:8: warning: enumeration value ‘IOT_Module_event’ not handled in switch [-Wswitch]
../src/GSIOTClient.cpp:476:8: warning: enumeration value ‘IOT_Module_talk’ not handled in switch [-Wswitch]
../src/GSIOTClient.cpp:476:8: warning: enumeration value ‘IOT_Module_reboot’ not handled in switch [-Wswitch]
../src/GSIOTClient.cpp:476:8: warning: enumeration value ‘IOT_Module_acctl’ not handled in switch [-Wswitch]
../src/GSIOTClient.cpp:476:8: warning: enumeration value ‘IOT_Module_all’ not handled in switch [-Wswitch]
../src/GSIOTClient.cpp: In member function ‘virtual void GSIOTClient::OnDeviceNotify(defDeviceNotify_, GSIOTDevice*, DeviceAddress*)’:
../src/GSIOTClient.cpp:580:12: warning: enumeration value ‘IOT_DEVICE_Unknown’ not handled in switch [-Wswitch]
      switch(pCCtl->GetType())
            ^
../src/GSIOTClient.cpp:580:12: warning: enumeration value ‘IOT_DEVICE_Video’ not handled in switch [-Wswitch]
../src/GSIOTClient.cpp:580:12: warning: enumeration value ‘IOT_DEVICE_Audio’ not handled in switch [-Wswitch]
../src/GSIOTClient.cpp:580:12: warning: enumeration value ‘IOT_DEVICE_Switch’ not handled in switch [-Wswitch]
../src/GSIOTClient.cpp:580:12: warning: enumeration value ‘IOT_DEVICE_Temperature’ not handled in switch [-Wswitch]
../src/GSIOTClient.cpp:580:12: warning: enumeration value ‘IOT_DEVICE_Humidity’ not handled in switch [-Wswitch]
../src/GSIOTClient.cpp:580:12: warning: enumeration value ‘IOT_DEVICE_Trigger’ not handled in switch [-Wswitch]
../src/GSIOTClient.cpp:580:12: warning: enumeration value ‘IOT_DEVICE_Camera’ not handled in switch [-Wswitch]
../src/GSIOTClient.cpp:580:12: warning: enumeration value ‘IOT_DEVICE_Remote’ not handled in switch [-Wswitch]
../src/GSIOTClient.cpp:580:12: warning: enumeration value ‘IOT_DEVICE_RFDevice’ not handled in switch [-Wswitch]
../src/GSIOTClient.cpp:580:12: warning: enumeration value ‘IOT_DEVICE_CANDevice’ not handled in switch [-Wswitch]
../src/GSIOTClient.cpp:580:12: warning: enumeration value ‘IOT_DEVICE_Event’ not handled in switch [-Wswitch]
../src/GSIOTClient.cpp:580:12: warning: enumeration value ‘IOT_DEVICE_Wind’ not handled in switch [-Wswitch]
../src/GSIOTClient.cpp:580:12: warning: enumeration value ‘IOT_DEVICE_CO2’ not handled in switch [-Wswitch]
../src/GSIOTClient.cpp:580:12: warning: enumeration value ‘IOT_DEVICE_HCHO’ not handled in switch [-Wswitch]
../src/GSIOTClient.cpp:580:12: warning: enumeration value ‘IOT_DEVICE_PM25’ not handled in switch [-Wswitch]
../src/GSIOTClient.cpp:580:12: warning: enumeration value ‘IOT_DEVICE_Custom’ not handled in switch [-Wswitch]
../src/GSIOTClient.cpp:580:12: warning: enumeration value ‘IOTDevice_ExSpec_Begin_’ not handled in switch [-Wswitch]
../src/GSIOTClient.cpp:580:12: warning: enumeration value ‘IOTDevice_AC_Ctl’ not handled in switch [-Wswitch]
../src/GSIOTClient.cpp:580:12: warning: enumeration value ‘IOTDevice_AC_Door’ not handled in switch [-Wswitch]
../src/GSIOTClient.cpp:580:12: warning: enumeration value ‘IOTDevice_Combo_Ctl’ not handled in switch [-Wswitch]
../src/GSIOTClient.cpp:580:12: warning: enumeration value ‘IOTDevice_ExSpec_End_’ not handled in switch [-Wswitch]
../src/GSIOTClient.cpp:580:12: warning: enumeration value ‘IOT_DEVICE_All’ not handled in switch [-Wswitch]
../src/GSIOTClient.cpp:580:12: warning: enumeration value ‘IOT_Obj_SYS’ not handled in switch [-Wswitch]
../src/GSIOTClient.cpp:580:12: warning: enumeration value ‘IOT_Obj_User’ not handled in switch [-Wswitch]
../src/GSIOTClient.cpp:580:12: warning: enumeration value ‘IOT_Obj_CommLink’ not handled in switch [-Wswitch]
../src/GSIOTClient.cpp:580:12: warning: enumeration value ‘IOT_VObj_scene’ not handled in switch [-Wswitch]
../src/GSIOTClient.cpp:580:12: warning: enumeration value ‘IOT_VObj_union’ not handled in switch [-Wswitch]
../src/GSIOTClient.cpp:580:12: warning: enumeration value ‘IOT_Module_Unknown’ not handled in switch [-Wswitch]
../src/GSIOTClient.cpp:580:12: warning: enumeration value ‘IOT_Module_authority’ not handled in switch [-Wswitch]
../src/GSIOTClient.cpp:580:12: warning: enumeration value ‘IOT_Module_record’ not handled in switch [-Wswitch]
../src/GSIOTClient.cpp:580:12: warning: enumeration value ‘IOT_Module_system’ not handled in switch [-Wswitch]
../src/GSIOTClient.cpp:580:12: warning: enumeration value ‘IOT_Module_manager’ not handled in switch [-Wswitch]
../src/GSIOTClient.cpp:580:12: warning: enumeration value ‘IOT_Module_event’ not handled in switch [-Wswitch]
../src/GSIOTClient.cpp:580:12: warning: enumeration value ‘IOT_Module_talk’ not handled in switch [-Wswitch]
../src/GSIOTClient.cpp:580:12: warning: enumeration value ‘IOT_Module_reboot’ not handled in switch [-Wswitch]
../src/GSIOTClient.cpp:580:12: warning: enumeration value ‘IOT_Module_acctl’ not handled in switch [-Wswitch]
../src/GSIOTClient.cpp:580:12: warning: enumeration value ‘IOT_Module_all’ not handled in switch [-Wswitch]
../src/GSIOTClient.cpp: In member function ‘virtual void GSIOTClient::OnDeviceData(defLinkID, GSIOTDevice*, ControlBase*, GSIOTObjBase*)’:
../src/GSIOTClient.cpp:612:8: warning: enumeration value ‘IOT_DEVICE_Unknown’ not handled in switch [-Wswitch]
  switch(ctl->GetType())
        ^
../src/GSIOTClient.cpp:612:8: warning: enumeration value ‘IOT_DEVICE_Video’ not handled in switch [-Wswitch]
../src/GSIOTClient.cpp:612:8: warning: enumeration value ‘IOT_DEVICE_Audio’ not handled in switch [-Wswitch]
../src/GSIOTClient.cpp:612:8: warning: enumeration value ‘IOT_DEVICE_Switch’ not handled in switch [-Wswitch]
../src/GSIOTClient.cpp:612:8: warning: enumeration value ‘IOT_DEVICE_Temperature’ not handled in switch [-Wswitch]
../src/GSIOTClient.cpp:612:8: warning: enumeration value ‘IOT_DEVICE_Humidity’ not handled in switch [-Wswitch]
../src/GSIOTClient.cpp:612:8: warning: enumeration value ‘IOT_DEVICE_Trigger’ not handled in switch [-Wswitch]
../src/GSIOTClient.cpp:612:8: warning: enumeration value ‘IOT_DEVICE_Camera’ not handled in switch [-Wswitch]
../src/GSIOTClient.cpp:612:8: warning: enumeration value ‘IOT_DEVICE_Remote’ not handled in switch [-Wswitch]
../src/GSIOTClient.cpp:612:8: warning: enumeration value ‘IOT_DEVICE_RFDevice’ not handled in switch [-Wswitch]
../src/GSIOTClient.cpp:612:8: warning: enumeration value ‘IOT_DEVICE_CANDevice’ not handled in switch [-Wswitch]
../src/GSIOTClient.cpp:612:8: warning: enumeration value ‘IOT_DEVICE_Event’ not handled in switch [-Wswitch]
../src/GSIOTClient.cpp:612:8: warning: enumeration value ‘IOT_DEVICE_Wind’ not handled in switch [-Wswitch]
../src/GSIOTClient.cpp:612:8: warning: enumeration value ‘IOT_DEVICE_CO2’ not handled in switch [-Wswitch]
../src/GSIOTClient.cpp:612:8: warning: enumeration value ‘IOT_DEVICE_HCHO’ not handled in switch [-Wswitch]
../src/GSIOTClient.cpp:612:8: warning: enumeration value ‘IOT_DEVICE_PM25’ not handled in switch [-Wswitch]
../src/GSIOTClient.cpp:612:8: warning: enumeration value ‘IOT_DEVICE_Custom’ not handled in switch [-Wswitch]
../src/GSIOTClient.cpp:612:8: warning: enumeration value ‘IOTDevice_ExSpec_Begin_’ not handled in switch [-Wswitch]
../src/GSIOTClient.cpp:612:8: warning: enumeration value ‘IOTDevice_AC_Ctl’ not handled in switch [-Wswitch]
../src/GSIOTClient.cpp:612:8: warning: enumeration value ‘IOTDevice_AC_Door’ not handled in switch [-Wswitch]
../src/GSIOTClient.cpp:612:8: warning: enumeration value ‘IOTDevice_Combo_Ctl’ not handled in switch [-Wswitch]
../src/GSIOTClient.cpp:612:8: warning: enumeration value ‘IOTDevice_ExSpec_End_’ not handled in switch [-Wswitch]
../src/GSIOTClient.cpp:612:8: warning: enumeration value ‘IOT_DEVICE_All’ not handled in switch [-Wswitch]
../src/GSIOTClient.cpp:612:8: warning: enumeration value ‘IOT_Obj_SYS’ not handled in switch [-Wswitch]
../src/GSIOTClient.cpp:612:8: warning: enumeration value ‘IOT_Obj_User’ not handled in switch [-Wswitch]
../src/GSIOTClient.cpp:612:8: warning: enumeration value ‘IOT_Obj_CommLink’ not handled in switch [-Wswitch]
../src/GSIOTClient.cpp:612:8: warning: enumeration value ‘IOT_VObj_scene’ not handled in switch [-Wswitch]
../src/GSIOTClient.cpp:612:8: warning: enumeration value ‘IOT_VObj_union’ not handled in switch [-Wswitch]
../src/GSIOTClient.cpp:612:8: warning: enumeration value ‘IOT_Module_Unknown’ not handled in switch [-Wswitch]
../src/GSIOTClient.cpp:612:8: warning: enumeration value ‘IOT_Module_authority’ not handled in switch [-Wswitch]
../src/GSIOTClient.cpp:612:8: warning: enumeration value ‘IOT_Module_record’ not handled in switch [-Wswitch]
../src/GSIOTClient.cpp:612:8: warning: enumeration value ‘IOT_Module_system’ not handled in switch [-Wswitch]
../src/GSIOTClient.cpp:612:8: warning: enumeration value ‘IOT_Module_manager’ not handled in switch [-Wswitch]
../src/GSIOTClient.cpp:612:8: warning: enumeration value ‘IOT_Module_event’ not handled in switch [-Wswitch]
../src/GSIOTClient.cpp:612:8: warning: enumeration value ‘IOT_Module_talk’ not handled in switch [-Wswitch]
../src/GSIOTClient.cpp:612:8: warning: enumeration value ‘IOT_Module_reboot’ not handled in switch [-Wswitch]
../src/GSIOTClient.cpp:612:8: warning: enumeration value ‘IOT_Module_acctl’ not handled in switch [-Wswitch]
../src/GSIOTClient.cpp:612:8: warning: enumeration value ‘IOT_Module_all’ not handled in switch [-Wswitch]
../src/GSIOTClient.cpp: In member function ‘void GSIOTClient::OnDeviceData_ProcOne(defLinkID, GSIOTDevice*, ControlBase*, DeviceAddress*)’:
../src/GSIOTClient.cpp:650:8: warning: enumeration value ‘IOT_DEVICE_Unknown’ not handled in switch [-Wswitch]
  switch(ctl->GetType())
        ^
../src/GSIOTClient.cpp:650:8: warning: enumeration value ‘IOT_DEVICE_Video’ not handled in switch [-Wswitch]
../src/GSIOTClient.cpp:650:8: warning: enumeration value ‘IOT_DEVICE_Audio’ not handled in switch [-Wswitch]
../src/GSIOTClient.cpp:650:8: warning: enumeration value ‘IOT_DEVICE_Switch’ not handled in switch [-Wswitch]
../src/GSIOTClient.cpp:650:8: warning: enumeration value ‘IOT_DEVICE_Temperature’ not handled in switch [-Wswitch]
../src/GSIOTClient.cpp:650:8: warning: enumeration value ‘IOT_DEVICE_Humidity’ not handled in switch [-Wswitch]
../src/GSIOTClient.cpp:650:8: warning: enumeration value ‘IOT_DEVICE_Camera’ not handled in switch [-Wswitch]
../src/GSIOTClient.cpp:650:8: warning: enumeration value ‘IOT_DEVICE_Event’ not handled in switch [-Wswitch]
../src/GSIOTClient.cpp:650:8: warning: enumeration value ‘IOT_DEVICE_Wind’ not handled in switch [-Wswitch]
../src/GSIOTClient.cpp:650:8: warning: enumeration value ‘IOT_DEVICE_CO2’ not handled in switch [-Wswitch]
../src/GSIOTClient.cpp:650:8: warning: enumeration value ‘IOT_DEVICE_HCHO’ not handled in switch [-Wswitch]
../src/GSIOTClient.cpp:650:8: warning: enumeration value ‘IOT_DEVICE_PM25’ not handled in switch [-Wswitch]
../src/GSIOTClient.cpp:650:8: warning: enumeration value ‘IOT_DEVICE_Custom’ not handled in switch [-Wswitch]
../src/GSIOTClient.cpp:650:8: warning: enumeration value ‘IOTDevice_ExSpec_Begin_’ not handled in switch [-Wswitch]
../src/GSIOTClient.cpp:650:8: warning: enumeration value ‘IOTDevice_AC_Ctl’ not handled in switch [-Wswitch]
../src/GSIOTClient.cpp:650:8: warning: enumeration value ‘IOTDevice_AC_Door’ not handled in switch [-Wswitch]
../src/GSIOTClient.cpp:650:8: warning: enumeration value ‘IOTDevice_Combo_Ctl’ not handled in switch [-Wswitch]
../src/GSIOTClient.cpp:650:8: warning: enumeration value ‘IOTDevice_ExSpec_End_’ not handled in switch [-Wswitch]
../src/GSIOTClient.cpp:650:8: warning: enumeration value ‘IOT_DEVICE_All’ not handled in switch [-Wswitch]
../src/GSIOTClient.cpp:650:8: warning: enumeration value ‘IOT_Obj_SYS’ not handled in switch [-Wswitch]
../src/GSIOTClient.cpp:650:8: warning: enumeration value ‘IOT_Obj_User’ not handled in switch [-Wswitch]
../src/GSIOTClient.cpp:650:8: warning: enumeration value ‘IOT_Obj_CommLink’ not handled in switch [-Wswitch]
../src/GSIOTClient.cpp:650:8: warning: enumeration value ‘IOT_VObj_scene’ not handled in switch [-Wswitch]
../src/GSIOTClient.cpp:650:8: warning: enumeration value ‘IOT_VObj_union’ not handled in switch [-Wswitch]
../src/GSIOTClient.cpp:650:8: warning: enumeration value ‘IOT_Module_Unknown’ not handled in switch [-Wswitch]
../src/GSIOTClient.cpp:650:8: warning: enumeration value ‘IOT_Module_authority’ not handled in switch [-Wswitch]
../src/GSIOTClient.cpp:650:8: warning: enumeration value ‘IOT_Module_record’ not handled in switch [-Wswitch]
../src/GSIOTClient.cpp:650:8: warning: enumeration value ‘IOT_Module_system’ not handled in switch [-Wswitch]
../src/GSIOTClient.cpp:650:8: warning: enumeration value ‘IOT_Module_manager’ not handled in switch [-Wswitch]
../src/GSIOTClient.cpp:650:8: warning: enumeration value ‘IOT_Module_event’ not handled in switch [-Wswitch]
../src/GSIOTClient.cpp:650:8: warning: enumeration value ‘IOT_Module_talk’ not handled in switch [-Wswitch]
../src/GSIOTClient.cpp:650:8: warning: enumeration value ‘IOT_Module_reboot’ not handled in switch [-Wswitch]
../src/GSIOTClient.cpp:650:8: warning: enumeration value ‘IOT_Module_acctl’ not handled in switch [-Wswitch]
../src/GSIOTClient.cpp:650:8: warning: enumeration value ‘IOT_Module_all’ not handled in switch [-Wswitch]
../src/GSIOTClient.cpp: In member function ‘void GSIOTClient::DoAlarmDevice(const GSIOTDevice*, bool, int, bool, const string&, const string&)’:
../src/GSIOTClient.cpp:870:48: warning: comparison between signed and unsigned integer expressions [-Wsign-compare]
    && (*it)->GetDeviceID() == iotdevice->getId()
                                                ^
../src/GSIOTClient.cpp: In member function ‘bool GSIOTClient::DoControlEvent(IOTDeviceType, uint32_t, ControlEvent*, bool, const string&, const string&, const char*, bool, const char*)’:
../src/GSIOTClient.cpp:1000:11: warning: enumeration value ‘IOT_DEVICE_Unknown’ not handled in switch [-Wswitch]
     switch(cctl->GetType()){
           ^
../src/GSIOTClient.cpp:1000:11: warning: enumeration value ‘IOT_DEVICE_Video’ not handled in switch [-Wswitch]
../src/GSIOTClient.cpp:1000:11: warning: enumeration value ‘IOT_DEVICE_Audio’ not handled in switch [-Wswitch]
../src/GSIOTClient.cpp:1000:11: warning: enumeration value ‘IOT_DEVICE_Switch’ not handled in switch [-Wswitch]
../src/GSIOTClient.cpp:1000:11: warning: enumeration value ‘IOT_DEVICE_Temperature’ not handled in switch [-Wswitch]
../src/GSIOTClient.cpp:1000:11: warning: enumeration value ‘IOT_DEVICE_Humidity’ not handled in switch [-Wswitch]
../src/GSIOTClient.cpp:1000:11: warning: enumeration value ‘IOT_DEVICE_Trigger’ not handled in switch [-Wswitch]
../src/GSIOTClient.cpp:1000:11: warning: enumeration value ‘IOT_DEVICE_Event’ not handled in switch [-Wswitch]
../src/GSIOTClient.cpp:1000:11: warning: enumeration value ‘IOT_DEVICE_Wind’ not handled in switch [-Wswitch]
../src/GSIOTClient.cpp:1000:11: warning: enumeration value ‘IOT_DEVICE_CO2’ not handled in switch [-Wswitch]
../src/GSIOTClient.cpp:1000:11: warning: enumeration value ‘IOT_DEVICE_HCHO’ not handled in switch [-Wswitch]
../src/GSIOTClient.cpp:1000:11: warning: enumeration value ‘IOT_DEVICE_PM25’ not handled in switch [-Wswitch]
../src/GSIOTClient.cpp:1000:11: warning: enumeration value ‘IOT_DEVICE_Custom’ not handled in switch [-Wswitch]
../src/GSIOTClient.cpp:1000:11: warning: enumeration value ‘IOTDevice_ExSpec_Begin_’ not handled in switch [-Wswitch]
../src/GSIOTClient.cpp:1000:11: warning: enumeration value ‘IOTDevice_AC_Ctl’ not handled in switch [-Wswitch]
../src/GSIOTClient.cpp:1000:11: warning: enumeration value ‘IOTDevice_AC_Door’ not handled in switch [-Wswitch]
../src/GSIOTClient.cpp:1000:11: warning: enumeration value ‘IOTDevice_Combo_Ctl’ not handled in switch [-Wswitch]
../src/GSIOTClient.cpp:1000:11: warning: enumeration value ‘IOTDevice_ExSpec_End_’ not handled in switch [-Wswitch]
../src/GSIOTClient.cpp:1000:11: warning: enumeration value ‘IOT_DEVICE_All’ not handled in switch [-Wswitch]
../src/GSIOTClient.cpp:1000:11: warning: enumeration value ‘IOT_Obj_SYS’ not handled in switch [-Wswitch]
../src/GSIOTClient.cpp:1000:11: warning: enumeration value ‘IOT_Obj_User’ not handled in switch [-Wswitch]
../src/GSIOTClient.cpp:1000:11: warning: enumeration value ‘IOT_Obj_CommLink’ not handled in switch [-Wswitch]
../src/GSIOTClient.cpp:1000:11: warning: enumeration value ‘IOT_VObj_scene’ not handled in switch [-Wswitch]
../src/GSIOTClient.cpp:1000:11: warning: enumeration value ‘IOT_VObj_union’ not handled in switch [-Wswitch]
../src/GSIOTClient.cpp:1000:11: warning: enumeration value ‘IOT_Module_Unknown’ not handled in switch [-Wswitch]
../src/GSIOTClient.cpp:1000:11: warning: enumeration value ‘IOT_Module_authority’ not handled in switch [-Wswitch]
../src/GSIOTClient.cpp:1000:11: warning: enumeration value ‘IOT_Module_record’ not handled in switch [-Wswitch]
../src/GSIOTClient.cpp:1000:11: warning: enumeration value ‘IOT_Module_system’ not handled in switch [-Wswitch]
../src/GSIOTClient.cpp:1000:11: warning: enumeration value ‘IOT_Module_manager’ not handled in switch [-Wswitch]
../src/GSIOTClient.cpp:1000:11: warning: enumeration value ‘IOT_Module_event’ not handled in switch [-Wswitch]
../src/GSIOTClient.cpp:1000:11: warning: enumeration value ‘IOT_Module_talk’ not handled in switch [-Wswitch]
../src/GSIOTClient.cpp:1000:11: warning: enumeration value ‘IOT_Module_reboot’ not handled in switch [-Wswitch]
../src/GSIOTClient.cpp:1000:11: warning: enumeration value ‘IOT_Module_acctl’ not handled in switch [-Wswitch]
../src/GSIOTClient.cpp:1000:11: warning: enumeration value ‘IOT_Module_all’ not handled in switch [-Wswitch]
../src/GSIOTClient.cpp:915:8: warning: enumeration value ‘Unknown_Event’ not handled in switch [-Wswitch]
  switch(ctlevt->GetType()){
        ^
../src/GSIOTClient.cpp:915:8: warning: enumeration value ‘CALL_Event’ not handled in switch [-Wswitch]
../src/GSIOTClient.cpp: In member function ‘virtual bool GSIOTClient::handleIq(const gloox::IQ&)’:
../src/GSIOTClient.cpp:1768:70: warning: comparison between signed and unsigned integer expressions [-Wsign-compare]
        && (*it)->GetDeviceID() == pExXmppGSEvent->GetDevice()->getId()
                                                                      ^
../src/GSIOTClient.cpp:1774:14: warning: enumeration value ‘Unknown_Event’ not handled in switch [-Wswitch]
        switch( pClone->GetType() )
              ^
../src/GSIOTClient.cpp:1774:14: warning: enumeration value ‘SMS_Event’ not handled in switch [-Wswitch]
../src/GSIOTClient.cpp:1774:14: warning: enumeration value ‘EMAIL_Event’ not handled in switch [-Wswitch]
../src/GSIOTClient.cpp:1774:14: warning: enumeration value ‘NOTICE_Event’ not handled in switch [-Wswitch]
../src/GSIOTClient.cpp:1774:14: warning: enumeration value ‘CALL_Event’ not handled in switch [-Wswitch]
../src/GSIOTClient.cpp:1760:38: warning: unused variable ‘EventsSrc’ [-Wunused-variable]
      const std::list<ControlEvent*> &EventsSrc = pExXmppGSEvent->GetEventList();
                                      ^
../src/GSIOTClient.cpp:2003:12: warning: enumeration value ‘defStateCmd_Unknown’ not handled in switch [-Wswitch]
      switch( pExXmppGSState->get_cmd() )
            ^
../src/GSIOTClient.cpp:2397:17: warning: enumeration value ‘GSPTZ_Null’ not handled in switch [-Wswitch]
           switch( cam_ctl->get_trackCtl() )
                 ^
../src/GSIOTClient.cpp:2397:17: warning: enumeration value ‘GSPTZ_STOPAll’ not handled in switch [-Wswitch]
../src/GSIOTClient.cpp:2397:17: warning: enumeration value ‘GSPTZ_UP’ not handled in switch [-Wswitch]
../src/GSIOTClient.cpp:2397:17: warning: enumeration value ‘GSPTZ_DOWN’ not handled in switch [-Wswitch]
../src/GSIOTClient.cpp:2397:17: warning: enumeration value ‘GSPTZ_RIGHT’ not handled in switch [-Wswitch]
../src/GSIOTClient.cpp:2397:17: warning: enumeration value ‘GSPTZ_RIGHT_UP’ not handled in switch [-Wswitch]
../src/GSIOTClient.cpp:2397:17: warning: enumeration value ‘GSPTZ_RIGHT_DOWN’ not handled in switch [-Wswitch]
../src/GSIOTClient.cpp:2397:17: warning: enumeration value ‘GSPTZ_LEFT’ not handled in switch [-Wswitch]
../src/GSIOTClient.cpp:2397:17: warning: enumeration value ‘GSPTZ_LEFT_UP’ not handled in switch [-Wswitch]
../src/GSIOTClient.cpp:2397:17: warning: enumeration value ‘GSPTZ_LEFT_DOWN’ not handled in switch [-Wswitch]
../src/GSIOTClient.cpp:2397:17: warning: enumeration value ‘GSPTZ_AUTO’ not handled in switch [-Wswitch]
../src/GSIOTClient.cpp:2397:17: warning: enumeration value ‘GSPTZ_ZOOM_IN’ not handled in switch [-Wswitch]
../src/GSIOTClient.cpp:2397:17: warning: enumeration value ‘GSPTZ_ZOOM_OUT’ not handled in switch [-Wswitch]
../src/GSIOTClient.cpp:2397:17: warning: enumeration value ‘GSPTZ_FOCUS_NEAR’ not handled in switch [-Wswitch]
../src/GSIOTClient.cpp:2397:17: warning: enumeration value ‘GSPTZ_FOCUS_FAR’ not handled in switch [-Wswitch]
../src/GSIOTClient.cpp:2397:17: warning: enumeration value ‘GSPTZ_IRIS_OPEN’ not handled in switch [-Wswitch]
../src/GSIOTClient.cpp:2397:17: warning: enumeration value ‘GSPTZ_IRIS_CLOSE’ not handled in switch [-Wswitch]
../src/GSIOTClient.cpp:2397:17: warning: enumeration value ‘GSPTZ_STOP_UP’ not handled in switch [-Wswitch]
../src/GSIOTClient.cpp:2397:17: warning: enumeration value ‘GSPTZ_STOP_DOWN’ not handled in switch [-Wswitch]
../src/GSIOTClient.cpp:2397:17: warning: enumeration value ‘GSPTZ_STOP_RIGHT’ not handled in switch [-Wswitch]
../src/GSIOTClient.cpp:2397:17: warning: enumeration value ‘GSPTZ_STOP_RIGHT_UP’ not handled in switch [-Wswitch]
../src/GSIOTClient.cpp:2397:17: warning: enumeration value ‘GSPTZ_STOP_RIGHT_DOWN’ not handled in switch [-Wswitch]
../src/GSIOTClient.cpp:2397:17: warning: enumeration value ‘GSPTZ_STOP_LEFT’ not handled in switch [-Wswitch]
../src/GSIOTClient.cpp:2397:17: warning: enumeration value ‘GSPTZ_STOP_LEFT_UP’ not handled in switch [-Wswitch]
../src/GSIOTClient.cpp:2397:17: warning: enumeration value ‘GSPTZ_STOP_LEFT_DOWN’ not handled in switch [-Wswitch]
../src/GSIOTClient.cpp:2397:17: warning: enumeration value ‘GSPTZ_STOP_AUTO’ not handled in switch [-Wswitch]
../src/GSIOTClient.cpp:2397:17: warning: enumeration value ‘GSPTZ_STOP_ZOOM_IN’ not handled in switch [-Wswitch]
../src/GSIOTClient.cpp:2397:17: warning: enumeration value ‘GSPTZ_STOP_ZOOM_OUT’ not handled in switch [-Wswitch]
../src/GSIOTClient.cpp:2397:17: warning: enumeration value ‘GSPTZ_STOP_FOCUS_NEAR’ not handled in switch [-Wswitch]
../src/GSIOTClient.cpp:2397:17: warning: enumeration value ‘GSPTZ_STOP_FOCUS_FAR’ not handled in switch [-Wswitch]
../src/GSIOTClient.cpp:2397:17: warning: enumeration value ‘GSPTZ_STOP_IRIS_OPEN’ not handled in switch [-Wswitch]
../src/GSIOTClient.cpp:2397:17: warning: enumeration value ‘GSPTZ_STOP_IRIS_CLOSE’ not handled in switch [-Wswitch]
../src/GSIOTClient.cpp:2397:17: warning: enumeration value ‘GSPTZ_Add_Preset’ not handled in switch [-Wswitch]
../src/GSIOTClient.cpp:2397:17: warning: enumeration value ‘GSPTZ_Del_Preset’ not handled in switch [-Wswitch]
../src/GSIOTClient.cpp:2397:17: warning: enumeration value ‘GSPTZ_Goto_Preset’ not handled in switch [-Wswitch]
../src/GSIOTClient.cpp:2397:17: warning: enumeration value ‘GSPTZ_Rename_Preset’ not handled in switch [-Wswitch]
../src/GSIOTClient.cpp:2397:17: warning: enumeration value ‘GSPTZ_SetNew_Preset’ not handled in switch [-Wswitch]
../src/GSIOTClient.cpp:2397:17: warning: enumeration value ‘GSPTZ_CameraReboot’ not handled in switch [-Wswitch]
In file included from ../src/common.h:11:0,
                 from ../src/GSIOTConfig.h:4,
                 from ../src/GSIOTClient.h:4,
                 from ../src/GSIOTClient.cpp:4:
../src/memmacro.h:5:58: warning: deleting object of polymorphic class type ‘GSIOTDevice’ which has non-virtual destructor might cause undefined behaviour [-Wdelete-non-virtual-dtor]
 #define macCheckAndDel_Obj(a) if ((a) != NULL) { delete(a); (a) = NULL;}
                                                          ^
../src/GSIOTClient.cpp:2717:10: note: in expansion of macro ‘macCheckAndDel_Obj’
          macCheckAndDel_Obj(sendDev);
          ^
../src/GSIOTClient.cpp:2771:23: warning: unused variable ‘testid’ [-Wunused-variable]
             const int testid = atoi(pLocalDevice->getVer().c_str());
                       ^
../src/GSIOTClient.cpp:2357:14: warning: enumeration value ‘IOT_DEVICE_Unknown’ not handled in switch [-Wswitch]
        switch(device->getType())
              ^
../src/GSIOTClient.cpp:2357:14: warning: enumeration value ‘IOT_DEVICE_Video’ not handled in switch [-Wswitch]
../src/GSIOTClient.cpp:2357:14: warning: enumeration value ‘IOT_DEVICE_Audio’ not handled in switch [-Wswitch]
../src/GSIOTClient.cpp:2357:14: warning: enumeration value ‘IOT_DEVICE_Switch’ not handled in switch [-Wswitch]
../src/GSIOTClient.cpp:2357:14: warning: enumeration value ‘IOT_DEVICE_Temperature’ not handled in switch [-Wswitch]
../src/GSIOTClient.cpp:2357:14: warning: enumeration value ‘IOT_DEVICE_Humidity’ not handled in switch [-Wswitch]
../src/GSIOTClient.cpp:2357:14: warning: enumeration value ‘IOT_DEVICE_Trigger’ not handled in switch [-Wswitch]
../src/GSIOTClient.cpp:2357:14: warning: enumeration value ‘IOT_DEVICE_Event’ not handled in switch [-Wswitch]
../src/GSIOTClient.cpp:2357:14: warning: enumeration value ‘IOT_DEVICE_Wind’ not handled in switch [-Wswitch]
../src/GSIOTClient.cpp:2357:14: warning: enumeration value ‘IOT_DEVICE_CO2’ not handled in switch [-Wswitch]
../src/GSIOTClient.cpp:2357:14: warning: enumeration value ‘IOT_DEVICE_HCHO’ not handled in switch [-Wswitch]
../src/GSIOTClient.cpp:2357:14: warning: enumeration value ‘IOT_DEVICE_PM25’ not handled in switch [-Wswitch]
../src/GSIOTClient.cpp:2357:14: warning: enumeration value ‘IOT_DEVICE_Custom’ not handled in switch [-Wswitch]
../src/GSIOTClient.cpp:2357:14: warning: enumeration value ‘IOTDevice_ExSpec_Begin_’ not handled in switch [-Wswitch]
../src/GSIOTClient.cpp:2357:14: warning: enumeration value ‘IOTDevice_AC_Ctl’ not handled in switch [-Wswitch]
../src/GSIOTClient.cpp:2357:14: warning: enumeration value ‘IOTDevice_AC_Door’ not handled in switch [-Wswitch]
../src/GSIOTClient.cpp:2357:14: warning: enumeration value ‘IOTDevice_Combo_Ctl’ not handled in switch [-Wswitch]
../src/GSIOTClient.cpp:2357:14: warning: enumeration value ‘IOTDevice_ExSpec_End_’ not handled in switch [-Wswitch]
../src/GSIOTClient.cpp:2357:14: warning: enumeration value ‘IOT_DEVICE_All’ not handled in switch [-Wswitch]
../src/GSIOTClient.cpp:2357:14: warning: enumeration value ‘IOT_Obj_SYS’ not handled in switch [-Wswitch]
../src/GSIOTClient.cpp:2357:14: warning: enumeration value ‘IOT_Obj_User’ not handled in switch [-Wswitch]
../src/GSIOTClient.cpp:2357:14: warning: enumeration value ‘IOT_Obj_CommLink’ not handled in switch [-Wswitch]
../src/GSIOTClient.cpp:2357:14: warning: enumeration value ‘IOT_VObj_scene’ not handled in switch [-Wswitch]
../src/GSIOTClient.cpp:2357:14: warning: enumeration value ‘IOT_VObj_union’ not handled in switch [-Wswitch]
../src/GSIOTClient.cpp:2357:14: warning: enumeration value ‘IOT_Module_Unknown’ not handled in switch [-Wswitch]
../src/GSIOTClient.cpp:2357:14: warning: enumeration value ‘IOT_Module_authority’ not handled in switch [-Wswitch]
../src/GSIOTClient.cpp:2357:14: warning: enumeration value ‘IOT_Module_record’ not handled in switch [-Wswitch]
../src/GSIOTClient.cpp:2357:14: warning: enumeration value ‘IOT_Module_system’ not handled in switch [-Wswitch]
../src/GSIOTClient.cpp:2357:14: warning: enumeration value ‘IOT_Module_manager’ not handled in switch [-Wswitch]
../src/GSIOTClient.cpp:2357:14: warning: enumeration value ‘IOT_Module_event’ not handled in switch [-Wswitch]
../src/GSIOTClient.cpp:2357:14: warning: enumeration value ‘IOT_Module_talk’ not handled in switch [-Wswitch]
../src/GSIOTClient.cpp:2357:14: warning: enumeration value ‘IOT_Module_reboot’ not handled in switch [-Wswitch]
../src/GSIOTClient.cpp:2357:14: warning: enumeration value ‘IOT_Module_acctl’ not handled in switch [-Wswitch]
../src/GSIOTClient.cpp:2357:14: warning: enumeration value ‘IOT_Module_all’ not handled in switch [-Wswitch]
../src/GSIOTClient.cpp:1633:8: warning: enumeration value ‘Error’ not handled in switch [-Wswitch]
  switch( iq.subtype() ){
        ^
../src/GSIOTClient.cpp:1633:8: warning: enumeration value ‘Invalid’ not handled in switch [-Wswitch]
../src/GSIOTClient.cpp: In member function ‘void GSIOTClient::handleIq_Get_XmppGSAuth(const XmppGSAuth*, const gloox::IQ&, const GSIOTUser*)’:
../src/GSIOTClient.cpp:2994:25: warning: unused variable ‘needGetUser’ [-Wunused-variable]
  const defmapGSIOTUser& needGetUser = pExXmppGSAuth->GetList_User();
                         ^
../src/GSIOTClient.cpp: In member function ‘void GSIOTClient::handleIq_Set_XmppGSManager(const GSMessage*)’:
../src/GSIOTClient.cpp:3109:9: warning: enumeration value ‘defCfgOprt_Unknown’ not handled in switch [-Wswitch]
   switch(method)
         ^
../src/GSIOTClient.cpp:3109:9: warning: enumeration value ‘defCfgOprt_BatchModify’ not handled in switch [-Wswitch]
../src/GSIOTClient.cpp:3109:9: warning: enumeration value ‘defCfgOprt_GetSelf’ not handled in switch [-Wswitch]
../src/GSIOTClient.cpp:3109:9: warning: enumeration value ‘defCfgOprt_GetSimple’ not handled in switch [-Wswitch]
../src/GSIOTClient.cpp: In member function ‘bool GSIOTClient::add_GSIOTDevice(GSIOTDevice*)’:
../src/GSIOTClient.cpp:3176:9: warning: enumeration value ‘IOT_DEVICE_Unknown’ not handled in switch [-Wswitch]
   switch(pLocalDevice->getControl()->GetType())
         ^
../src/GSIOTClient.cpp:3176:9: warning: enumeration value ‘IOT_DEVICE_Video’ not handled in switch [-Wswitch]
../src/GSIOTClient.cpp:3176:9: warning: enumeration value ‘IOT_DEVICE_Audio’ not handled in switch [-Wswitch]
../src/GSIOTClient.cpp:3176:9: warning: enumeration value ‘IOT_DEVICE_Switch’ not handled in switch [-Wswitch]
../src/GSIOTClient.cpp:3176:9: warning: enumeration value ‘IOT_DEVICE_Temperature’ not handled in switch [-Wswitch]
../src/GSIOTClient.cpp:3176:9: warning: enumeration value ‘IOT_DEVICE_Humidity’ not handled in switch [-Wswitch]
../src/GSIOTClient.cpp:3176:9: warning: enumeration value ‘IOT_DEVICE_Trigger’ not handled in switch [-Wswitch]
../src/GSIOTClient.cpp:3176:9: warning: enumeration value ‘IOT_DEVICE_Camera’ not handled in switch [-Wswitch]
../src/GSIOTClient.cpp:3176:9: warning: enumeration value ‘IOT_DEVICE_RFDevice’ not handled in switch [-Wswitch]
../src/GSIOTClient.cpp:3176:9: warning: enumeration value ‘IOT_DEVICE_CANDevice’ not handled in switch [-Wswitch]
../src/GSIOTClient.cpp:3176:9: warning: enumeration value ‘IOT_DEVICE_Event’ not handled in switch [-Wswitch]
../src/GSIOTClient.cpp:3176:9: warning: enumeration value ‘IOT_DEVICE_Wind’ not handled in switch [-Wswitch]
../src/GSIOTClient.cpp:3176:9: warning: enumeration value ‘IOT_DEVICE_CO2’ not handled in switch [-Wswitch]
../src/GSIOTClient.cpp:3176:9: warning: enumeration value ‘IOT_DEVICE_HCHO’ not handled in switch [-Wswitch]
../src/GSIOTClient.cpp:3176:9: warning: enumeration value ‘IOT_DEVICE_PM25’ not handled in switch [-Wswitch]
../src/GSIOTClient.cpp:3176:9: warning: enumeration value ‘IOT_DEVICE_Custom’ not handled in switch [-Wswitch]
../src/GSIOTClient.cpp:3176:9: warning: enumeration value ‘IOTDevice_ExSpec_Begin_’ not handled in switch [-Wswitch]
../src/GSIOTClient.cpp:3176:9: warning: enumeration value ‘IOTDevice_AC_Ctl’ not handled in switch [-Wswitch]
../src/GSIOTClient.cpp:3176:9: warning: enumeration value ‘IOTDevice_AC_Door’ not handled in switch [-Wswitch]
../src/GSIOTClient.cpp:3176:9: warning: enumeration value ‘IOTDevice_Combo_Ctl’ not handled in switch [-Wswitch]
../src/GSIOTClient.cpp:3176:9: warning: enumeration value ‘IOTDevice_ExSpec_End_’ not handled in switch [-Wswitch]
../src/GSIOTClient.cpp:3176:9: warning: enumeration value ‘IOT_DEVICE_All’ not handled in switch [-Wswitch]
../src/GSIOTClient.cpp:3176:9: warning: enumeration value ‘IOT_Obj_SYS’ not handled in switch [-Wswitch]
../src/GSIOTClient.cpp:3176:9: warning: enumeration value ‘IOT_Obj_User’ not handled in switch [-Wswitch]
../src/GSIOTClient.cpp:3176:9: warning: enumeration value ‘IOT_Obj_CommLink’ not handled in switch [-Wswitch]
../src/GSIOTClient.cpp:3176:9: warning: enumeration value ‘IOT_VObj_scene’ not handled in switch [-Wswitch]
../src/GSIOTClient.cpp:3176:9: warning: enumeration value ‘IOT_VObj_union’ not handled in switch [-Wswitch]
../src/GSIOTClient.cpp:3176:9: warning: enumeration value ‘IOT_Module_Unknown’ not handled in switch [-Wswitch]
../src/GSIOTClient.cpp:3176:9: warning: enumeration value ‘IOT_Module_authority’ not handled in switch [-Wswitch]
../src/GSIOTClient.cpp:3176:9: warning: enumeration value ‘IOT_Module_record’ not handled in switch [-Wswitch]
../src/GSIOTClient.cpp:3176:9: warning: enumeration value ‘IOT_Module_system’ not handled in switch [-Wswitch]
../src/GSIOTClient.cpp:3176:9: warning: enumeration value ‘IOT_Module_manager’ not handled in switch [-Wswitch]
../src/GSIOTClient.cpp:3176:9: warning: enumeration value ‘IOT_Module_event’ not handled in switch [-Wswitch]
../src/GSIOTClient.cpp:3176:9: warning: enumeration value ‘IOT_Module_talk’ not handled in switch [-Wswitch]
../src/GSIOTClient.cpp:3176:9: warning: enumeration value ‘IOT_Module_reboot’ not handled in switch [-Wswitch]
../src/GSIOTClient.cpp:3176:9: warning: enumeration value ‘IOT_Module_acctl’ not handled in switch [-Wswitch]
../src/GSIOTClient.cpp:3176:9: warning: enumeration value ‘IOT_Module_all’ not handled in switch [-Wswitch]
../src/GSIOTClient.cpp: In member function ‘bool GSIOTClient::delete_GSIOTDevice(GSIOTDevice*)’:
../src/GSIOTClient.cpp:3446:8: warning: enumeration value ‘IOT_DEVICE_Unknown’ not handled in switch [-Wswitch]
  switch(pLocalDevice->getControl()->GetType())
        ^
../src/GSIOTClient.cpp:3446:8: warning: enumeration value ‘IOT_DEVICE_Video’ not handled in switch [-Wswitch]
../src/GSIOTClient.cpp:3446:8: warning: enumeration value ‘IOT_DEVICE_Audio’ not handled in switch [-Wswitch]
../src/GSIOTClient.cpp:3446:8: warning: enumeration value ‘IOT_DEVICE_Switch’ not handled in switch [-Wswitch]
../src/GSIOTClient.cpp:3446:8: warning: enumeration value ‘IOT_DEVICE_Temperature’ not handled in switch [-Wswitch]
../src/GSIOTClient.cpp:3446:8: warning: enumeration value ‘IOT_DEVICE_Humidity’ not handled in switch [-Wswitch]
../src/GSIOTClient.cpp:3446:8: warning: enumeration value ‘IOT_DEVICE_Trigger’ not handled in switch [-Wswitch]
../src/GSIOTClient.cpp:3446:8: warning: enumeration value ‘IOT_DEVICE_Camera’ not handled in switch [-Wswitch]
../src/GSIOTClient.cpp:3446:8: warning: enumeration value ‘IOT_DEVICE_RFDevice’ not handled in switch [-Wswitch]
../src/GSIOTClient.cpp:3446:8: warning: enumeration value ‘IOT_DEVICE_CANDevice’ not handled in switch [-Wswitch]
../src/GSIOTClient.cpp:3446:8: warning: enumeration value ‘IOT_DEVICE_Event’ not handled in switch [-Wswitch]
../src/GSIOTClient.cpp:3446:8: warning: enumeration value ‘IOT_DEVICE_Wind’ not handled in switch [-Wswitch]
../src/GSIOTClient.cpp:3446:8: warning: enumeration value ‘IOT_DEVICE_CO2’ not handled in switch [-Wswitch]
../src/GSIOTClient.cpp:3446:8: warning: enumeration value ‘IOT_DEVICE_HCHO’ not handled in switch [-Wswitch]
../src/GSIOTClient.cpp:3446:8: warning: enumeration value ‘IOT_DEVICE_PM25’ not handled in switch [-Wswitch]
../src/GSIOTClient.cpp:3446:8: warning: enumeration value ‘IOT_DEVICE_Custom’ not handled in switch [-Wswitch]
../src/GSIOTClient.cpp:3446:8: warning: enumeration value ‘IOTDevice_ExSpec_Begin_’ not handled in switch [-Wswitch]
../src/GSIOTClient.cpp:3446:8: warning: enumeration value ‘IOTDevice_AC_Ctl’ not handled in switch [-Wswitch]
../src/GSIOTClient.cpp:3446:8: warning: enumeration value ‘IOTDevice_AC_Door’ not handled in switch [-Wswitch]
../src/GSIOTClient.cpp:3446:8: warning: enumeration value ‘IOTDevice_Combo_Ctl’ not handled in switch [-Wswitch]
../src/GSIOTClient.cpp:3446:8: warning: enumeration value ‘IOTDevice_ExSpec_End_’ not handled in switch [-Wswitch]
../src/GSIOTClient.cpp:3446:8: warning: enumeration value ‘IOT_DEVICE_All’ not handled in switch [-Wswitch]
../src/GSIOTClient.cpp:3446:8: warning: enumeration value ‘IOT_Obj_SYS’ not handled in switch [-Wswitch]
../src/GSIOTClient.cpp:3446:8: warning: enumeration value ‘IOT_Obj_User’ not handled in switch [-Wswitch]
../src/GSIOTClient.cpp:3446:8: warning: enumeration value ‘IOT_Obj_CommLink’ not handled in switch [-Wswitch]
../src/GSIOTClient.cpp:3446:8: warning: enumeration value ‘IOT_VObj_scene’ not handled in switch [-Wswitch]
../src/GSIOTClient.cpp:3446:8: warning: enumeration value ‘IOT_VObj_union’ not handled in switch [-Wswitch]
../src/GSIOTClient.cpp:3446:8: warning: enumeration value ‘IOT_Module_Unknown’ not handled in switch [-Wswitch]
../src/GSIOTClient.cpp:3446:8: warning: enumeration value ‘IOT_Module_authority’ not handled in switch [-Wswitch]
../src/GSIOTClient.cpp:3446:8: warning: enumeration value ‘IOT_Module_record’ not handled in switch [-Wswitch]
../src/GSIOTClient.cpp:3446:8: warning: enumeration value ‘IOT_Module_system’ not handled in switch [-Wswitch]
../src/GSIOTClient.cpp:3446:8: warning: enumeration value ‘IOT_Module_manager’ not handled in switch [-Wswitch]
../src/GSIOTClient.cpp:3446:8: warning: enumeration value ‘IOT_Module_event’ not handled in switch [-Wswitch]
../src/GSIOTClient.cpp:3446:8: warning: enumeration value ‘IOT_Module_talk’ not handled in switch [-Wswitch]
../src/GSIOTClient.cpp:3446:8: warning: enumeration value ‘IOT_Module_reboot’ not handled in switch [-Wswitch]
../src/GSIOTClient.cpp:3446:8: warning: enumeration value ‘IOT_Module_acctl’ not handled in switch [-Wswitch]
../src/GSIOTClient.cpp:3446:8: warning: enumeration value ‘IOT_Module_all’ not handled in switch [-Wswitch]
../src/GSIOTClient.cpp: In member function ‘void GSIOTClient::handleIq_Set_XmppGSEvent(const GSMessage*)’:
../src/GSIOTClient.cpp:3554:9: warning: enumeration value ‘defCfgOprt_Unknown’ not handled in switch [-Wswitch]
   switch(method)
         ^
../src/GSIOTClient.cpp:3554:9: warning: enumeration value ‘defCfgOprt_BatchModify’ not handled in switch [-Wswitch]
../src/GSIOTClient.cpp:3554:9: warning: enumeration value ‘defCfgOprt_GetSelf’ not handled in switch [-Wswitch]
../src/GSIOTClient.cpp:3554:9: warning: enumeration value ‘defCfgOprt_GetSimple’ not handled in switch [-Wswitch]
../src/GSIOTClient.cpp: In member function ‘void GSIOTClient::PlaybackCmd_ProcOneCmd(const struPlaybackCmd*)’:
../src/GSIOTClient.cpp:4154:103: warning: comparison between signed and unsigned integer expressions [-Wsign-compare]
     while( camctl->GetStreamObj()->GetRTMPSendObj()->getPeerID().empty() && ::timeGetTime()-dwStart < waittime )
                                                                                                       ^
../src/GSIOTClient.cpp:4161:138: warning: format ‘%d’ expects argument of type ‘int’, but argument 3 has type ‘long unsigned int’ [-Wformat=]
      LOGMSG( "CameraBase(%s)::SendToRTMPServer wait rtmfp connect timeout! %dms\r\n", camctl->GetName().c_str(), ::timeGetTime()-dwStart );
                                                                                                                                          ^
../src/GSIOTClient.cpp:4168:138: warning: format ‘%d’ expects argument of type ‘int’, but argument 3 has type ‘long unsigned int’ [-Wformat=]
      LOGMSG( "CameraBase(%s)::SendToRTMPServer wait rtmfp connect success. %dms\r\n", camctl->GetName().c_str(), ::timeGetTime()-dwStart );
                                                                                                                                          ^
../src/GSIOTClient.cpp: In member function ‘void GSIOTClient::handleIq_Set_XmppGSVObj(const GSMessage*)’:
../src/GSIOTClient.cpp:4890:9: warning: enumeration value ‘defCfgOprt_Unknown’ not handled in switch [-Wswitch]
   switch( pXmpp->GetMethod() )
         ^
../src/GSIOTClient.cpp:4890:9: warning: enumeration value ‘defCfgOprt_AddModify’ not handled in switch [-Wswitch]
../src/GSIOTClient.cpp:4890:9: warning: enumeration value ‘defCfgOprt_BatchModify’ not handled in switch [-Wswitch]
../src/GSIOTClient.cpp:4890:9: warning: enumeration value ‘defCfgOprt_GetSelf’ not handled in switch [-Wswitch]
../src/GSIOTClient.cpp:4890:9: warning: enumeration value ‘defCfgOprt_GetSimple’ not handled in switch [-Wswitch]
../src/GSIOTClient.cpp: In member function ‘void GSIOTClient::handleIq_Get_XmppGSReport(const XmppGSReport*, const gloox::IQ&, const GSIOTUser*)’:
../src/GSIOTClient.cpp:4957:9: warning: enumeration value ‘defRPMethod_Unknown’ not handled in switch [-Wswitch]
   switch(pXmpp->m_method)
         ^
../src/GSIOTClient.cpp:4957:9: warning: enumeration value ‘defRPMethod_SepcTimeVal’ not handled in switch [-Wswitch]
../src/GSIOTClient.cpp: In static member function ‘static GSIOTDevice* GSIOTClient::CloneCamDev(const GSIOTDevice*, IPCameraType)’:
../src/GSIOTClient.cpp:5438:8: warning: enumeration value ‘defFactory_Unknown’ not handled in switch [-Wswitch]
  switch( copyType )
        ^
../src/GSIOTClient.cpp:5438:8: warning: enumeration value ‘CameraType_Unkown’ not handled in switch [-Wswitch]
../src/GSIOTClient.cpp:5438:8: warning: enumeration value ‘SSD1935’ not handled in switch [-Wswitch]
../src/GSIOTClient.cpp:5438:8: warning: enumeration value ‘TI368’ not handled in switch [-Wswitch]
../src/GSIOTClient.cpp:5438:8: warning: enumeration value ‘CameraType_dh’ not handled in switch [-Wswitch]
../src/GSIOTClient.cpp:5438:8: warning: enumeration value ‘defFactory_ZK’ not handled in switch [-Wswitch]
../src/GSIOTClient.cpp:5438:8: warning: enumeration value ‘defFactory_DH’ not handled in switch [-Wswitch]
../src/GSIOTClient.cpp: In static member function ‘static ControlBase* GSIOTClient::CloneControl(const ControlBase*, bool)’:
../src/GSIOTClient.cpp:5493:8: warning: enumeration value ‘IOT_DEVICE_Unknown’ not handled in switch [-Wswitch]
  switch( src->GetType() )
        ^
../src/GSIOTClient.cpp:5493:8: warning: enumeration value ‘IOT_DEVICE_Video’ not handled in switch [-Wswitch]
../src/GSIOTClient.cpp:5493:8: warning: enumeration value ‘IOT_DEVICE_Audio’ not handled in switch [-Wswitch]
../src/GSIOTClient.cpp:5493:8: warning: enumeration value ‘IOT_DEVICE_Switch’ not handled in switch [-Wswitch]
../src/GSIOTClient.cpp:5493:8: warning: enumeration value ‘IOT_DEVICE_Temperature’ not handled in switch [-Wswitch]
../src/GSIOTClient.cpp:5493:8: warning: enumeration value ‘IOT_DEVICE_Humidity’ not handled in switch [-Wswitch]
../src/GSIOTClient.cpp:5493:8: warning: enumeration value ‘IOT_DEVICE_Trigger’ not handled in switch [-Wswitch]
../src/GSIOTClient.cpp:5493:8: warning: enumeration value ‘IOT_DEVICE_Camera’ not handled in switch [-Wswitch]
../src/GSIOTClient.cpp:5493:8: warning: enumeration value ‘IOT_DEVICE_RFDevice’ not handled in switch [-Wswitch]
../src/GSIOTClient.cpp:5493:8: warning: enumeration value ‘IOT_DEVICE_CANDevice’ not handled in switch [-Wswitch]
../src/GSIOTClient.cpp:5493:8: warning: enumeration value ‘IOT_DEVICE_Event’ not handled in switch [-Wswitch]
../src/GSIOTClient.cpp:5493:8: warning: enumeration value ‘IOT_DEVICE_Wind’ not handled in switch [-Wswitch]
../src/GSIOTClient.cpp:5493:8: warning: enumeration value ‘IOT_DEVICE_CO2’ not handled in switch [-Wswitch]
../src/GSIOTClient.cpp:5493:8: warning: enumeration value ‘IOT_DEVICE_HCHO’ not handled in switch [-Wswitch]
../src/GSIOTClient.cpp:5493:8: warning: enumeration value ‘IOT_DEVICE_PM25’ not handled in switch [-Wswitch]
../src/GSIOTClient.cpp:5493:8: warning: enumeration value ‘IOT_DEVICE_Custom’ not handled in switch [-Wswitch]
../src/GSIOTClient.cpp:5493:8: warning: enumeration value ‘IOTDevice_ExSpec_Begin_’ not handled in switch [-Wswitch]
../src/GSIOTClient.cpp:5493:8: warning: enumeration value ‘IOTDevice_AC_Ctl’ not handled in switch [-Wswitch]
../src/GSIOTClient.cpp:5493:8: warning: enumeration value ‘IOTDevice_AC_Door’ not handled in switch [-Wswitch]
../src/GSIOTClient.cpp:5493:8: warning: enumeration value ‘IOTDevice_Combo_Ctl’ not handled in switch [-Wswitch]
../src/GSIOTClient.cpp:5493:8: warning: enumeration value ‘IOTDevice_ExSpec_End_’ not handled in switch [-Wswitch]
../src/GSIOTClient.cpp:5493:8: warning: enumeration value ‘IOT_DEVICE_All’ not handled in switch [-Wswitch]
../src/GSIOTClient.cpp:5493:8: warning: enumeration value ‘IOT_Obj_SYS’ not handled in switch [-Wswitch]
../src/GSIOTClient.cpp:5493:8: warning: enumeration value ‘IOT_Obj_User’ not handled in switch [-Wswitch]
../src/GSIOTClient.cpp:5493:8: warning: enumeration value ‘IOT_Obj_CommLink’ not handled in switch [-Wswitch]
../src/GSIOTClient.cpp:5493:8: warning: enumeration value ‘IOT_VObj_scene’ not handled in switch [-Wswitch]
../src/GSIOTClient.cpp:5493:8: warning: enumeration value ‘IOT_VObj_union’ not handled in switch [-Wswitch]
../src/GSIOTClient.cpp:5493:8: warning: enumeration value ‘IOT_Module_Unknown’ not handled in switch [-Wswitch]
../src/GSIOTClient.cpp:5493:8: warning: enumeration value ‘IOT_Module_authority’ not handled in switch [-Wswitch]
../src/GSIOTClient.cpp:5493:8: warning: enumeration value ‘IOT_Module_record’ not handled in switch [-Wswitch]
../src/GSIOTClient.cpp:5493:8: warning: enumeration value ‘IOT_Module_system’ not handled in switch [-Wswitch]
../src/GSIOTClient.cpp:5493:8: warning: enumeration value ‘IOT_Module_manager’ not handled in switch [-Wswitch]
../src/GSIOTClient.cpp:5493:8: warning: enumeration value ‘IOT_Module_event’ not handled in switch [-Wswitch]
../src/GSIOTClient.cpp:5493:8: warning: enumeration value ‘IOT_Module_talk’ not handled in switch [-Wswitch]
../src/GSIOTClient.cpp:5493:8: warning: enumeration value ‘IOT_Module_reboot’ not handled in switch [-Wswitch]
../src/GSIOTClient.cpp:5493:8: warning: enumeration value ‘IOT_Module_acctl’ not handled in switch [-Wswitch]
../src/GSIOTClient.cpp:5493:8: warning: enumeration value ‘IOT_Module_all’ not handled in switch [-Wswitch]
../src/GSIOTClient.cpp: In static member function ‘static bool GSIOTClient::Compare_Control(const ControlBase*, const ControlBase*)’:
../src/GSIOTClient.cpp:5547:10: warning: enumeration value ‘IOT_DEVICE_Unknown’ not handled in switch [-Wswitch]
    switch( ctlA->GetExType() )
          ^
../src/GSIOTClient.cpp:5547:10: warning: enumeration value ‘IOT_DEVICE_Video’ not handled in switch [-Wswitch]
../src/GSIOTClient.cpp:5547:10: warning: enumeration value ‘IOT_DEVICE_Audio’ not handled in switch [-Wswitch]
../src/GSIOTClient.cpp:5547:10: warning: enumeration value ‘IOT_DEVICE_Switch’ not handled in switch [-Wswitch]
../src/GSIOTClient.cpp:5547:10: warning: enumeration value ‘IOT_DEVICE_Temperature’ not handled in switch [-Wswitch]
../src/GSIOTClient.cpp:5547:10: warning: enumeration value ‘IOT_DEVICE_Humidity’ not handled in switch [-Wswitch]
../src/GSIOTClient.cpp:5547:10: warning: enumeration value ‘IOT_DEVICE_Trigger’ not handled in switch [-Wswitch]
../src/GSIOTClient.cpp:5547:10: warning: enumeration value ‘IOT_DEVICE_Camera’ not handled in switch [-Wswitch]
../src/GSIOTClient.cpp:5547:10: warning: enumeration value ‘IOT_DEVICE_Remote’ not handled in switch [-Wswitch]
../src/GSIOTClient.cpp:5547:10: warning: enumeration value ‘IOT_DEVICE_Event’ not handled in switch [-Wswitch]
../src/GSIOTClient.cpp:5547:10: warning: enumeration value ‘IOT_DEVICE_Wind’ not handled in switch [-Wswitch]
../src/GSIOTClient.cpp:5547:10: warning: enumeration value ‘IOT_DEVICE_CO2’ not handled in switch [-Wswitch]
../src/GSIOTClient.cpp:5547:10: warning: enumeration value ‘IOT_DEVICE_HCHO’ not handled in switch [-Wswitch]
../src/GSIOTClient.cpp:5547:10: warning: enumeration value ‘IOT_DEVICE_PM25’ not handled in switch [-Wswitch]
../src/GSIOTClient.cpp:5547:10: warning: enumeration value ‘IOT_DEVICE_Custom’ not handled in switch [-Wswitch]
../src/GSIOTClient.cpp:5547:10: warning: enumeration value ‘IOTDevice_ExSpec_Begin_’ not handled in switch [-Wswitch]
../src/GSIOTClient.cpp:5547:10: warning: enumeration value ‘IOTDevice_AC_Door’ not handled in switch [-Wswitch]
../src/GSIOTClient.cpp:5547:10: warning: enumeration value ‘IOTDevice_Combo_Ctl’ not handled in switch [-Wswitch]
../src/GSIOTClient.cpp:5547:10: warning: enumeration value ‘IOTDevice_ExSpec_End_’ not handled in switch [-Wswitch]
../src/GSIOTClient.cpp:5547:10: warning: enumeration value ‘IOT_DEVICE_All’ not handled in switch [-Wswitch]
../src/GSIOTClient.cpp:5547:10: warning: enumeration value ‘IOT_Obj_SYS’ not handled in switch [-Wswitch]
../src/GSIOTClient.cpp:5547:10: warning: enumeration value ‘IOT_Obj_User’ not handled in switch [-Wswitch]
../src/GSIOTClient.cpp:5547:10: warning: enumeration value ‘IOT_Obj_CommLink’ not handled in switch [-Wswitch]
../src/GSIOTClient.cpp:5547:10: warning: enumeration value ‘IOT_VObj_scene’ not handled in switch [-Wswitch]
../src/GSIOTClient.cpp:5547:10: warning: enumeration value ‘IOT_VObj_union’ not handled in switch [-Wswitch]
../src/GSIOTClient.cpp:5547:10: warning: enumeration value ‘IOT_Module_Unknown’ not handled in switch [-Wswitch]
../src/GSIOTClient.cpp:5547:10: warning: enumeration value ‘IOT_Module_authority’ not handled in switch [-Wswitch]
../src/GSIOTClient.cpp:5547:10: warning: enumeration value ‘IOT_Module_record’ not handled in switch [-Wswitch]
../src/GSIOTClient.cpp:5547:10: warning: enumeration value ‘IOT_Module_system’ not handled in switch [-Wswitch]
../src/GSIOTClient.cpp:5547:10: warning: enumeration value ‘IOT_Module_manager’ not handled in switch [-Wswitch]
../src/GSIOTClient.cpp:5547:10: warning: enumeration value ‘IOT_Module_event’ not handled in switch [-Wswitch]
../src/GSIOTClient.cpp:5547:10: warning: enumeration value ‘IOT_Module_talk’ not handled in switch [-Wswitch]
../src/GSIOTClient.cpp:5547:10: warning: enumeration value ‘IOT_Module_reboot’ not handled in switch [-Wswitch]
../src/GSIOTClient.cpp:5547:10: warning: enumeration value ‘IOT_Module_acctl’ not handled in switch [-Wswitch]
../src/GSIOTClient.cpp:5547:10: warning: enumeration value ‘IOT_Module_all’ not handled in switch [-Wswitch]
../src/GSIOTClient.cpp: In member function ‘std::string GSIOTClient::GetDeviceAddressName(const GSIOTDevice*, uint32_t) const’:
../src/GSIOTClient.cpp:5723:8: warning: enumeration value ‘IOT_DEVICE_Unknown’ not handled in switch [-Wswitch]
  switch( device->getType() )
        ^
../src/GSIOTClient.cpp:5723:8: warning: enumeration value ‘IOT_DEVICE_Video’ not handled in switch [-Wswitch]
../src/GSIOTClient.cpp:5723:8: warning: enumeration value ‘IOT_DEVICE_Audio’ not handled in switch [-Wswitch]
../src/GSIOTClient.cpp:5723:8: warning: enumeration value ‘IOT_DEVICE_Switch’ not handled in switch [-Wswitch]
../src/GSIOTClient.cpp:5723:8: warning: enumeration value ‘IOT_DEVICE_Temperature’ not handled in switch [-Wswitch]
../src/GSIOTClient.cpp:5723:8: warning: enumeration value ‘IOT_DEVICE_Humidity’ not handled in switch [-Wswitch]
../src/GSIOTClient.cpp:5723:8: warning: enumeration value ‘IOT_DEVICE_Trigger’ not handled in switch [-Wswitch]
../src/GSIOTClient.cpp:5723:8: warning: enumeration value ‘IOT_DEVICE_RFDevice’ not handled in switch [-Wswitch]
../src/GSIOTClient.cpp:5723:8: warning: enumeration value ‘IOT_DEVICE_CANDevice’ not handled in switch [-Wswitch]
../src/GSIOTClient.cpp:5723:8: warning: enumeration value ‘IOT_DEVICE_Event’ not handled in switch [-Wswitch]
../src/GSIOTClient.cpp:5723:8: warning: enumeration value ‘IOT_DEVICE_Wind’ not handled in switch [-Wswitch]
../src/GSIOTClient.cpp:5723:8: warning: enumeration value ‘IOT_DEVICE_CO2’ not handled in switch [-Wswitch]
../src/GSIOTClient.cpp:5723:8: warning: enumeration value ‘IOT_DEVICE_HCHO’ not handled in switch [-Wswitch]
../src/GSIOTClient.cpp:5723:8: warning: enumeration value ‘IOT_DEVICE_PM25’ not handled in switch [-Wswitch]
../src/GSIOTClient.cpp:5723:8: warning: enumeration value ‘IOT_DEVICE_Custom’ not handled in switch [-Wswitch]
../src/GSIOTClient.cpp:5723:8: warning: enumeration value ‘IOTDevice_ExSpec_Begin_’ not handled in switch [-Wswitch]
../src/GSIOTClient.cpp:5723:8: warning: enumeration value ‘IOTDevice_AC_Ctl’ not handled in switch [-Wswitch]
../src/GSIOTClient.cpp:5723:8: warning: enumeration value ‘IOTDevice_AC_Door’ not handled in switch [-Wswitch]
../src/GSIOTClient.cpp:5723:8: warning: enumeration value ‘IOTDevice_Combo_Ctl’ not handled in switch [-Wswitch]
../src/GSIOTClient.cpp:5723:8: warning: enumeration value ‘IOTDevice_ExSpec_End_’ not handled in switch [-Wswitch]
../src/GSIOTClient.cpp:5723:8: warning: enumeration value ‘IOT_DEVICE_All’ not handled in switch [-Wswitch]
../src/GSIOTClient.cpp:5723:8: warning: enumeration value ‘IOT_Obj_SYS’ not handled in switch [-Wswitch]
../src/GSIOTClient.cpp:5723:8: warning: enumeration value ‘IOT_Obj_User’ not handled in switch [-Wswitch]
../src/GSIOTClient.cpp:5723:8: warning: enumeration value ‘IOT_Obj_CommLink’ not handled in switch [-Wswitch]
../src/GSIOTClient.cpp:5723:8: warning: enumeration value ‘IOT_VObj_scene’ not handled in switch [-Wswitch]
../src/GSIOTClient.cpp:5723:8: warning: enumeration value ‘IOT_VObj_union’ not handled in switch [-Wswitch]
../src/GSIOTClient.cpp:5723:8: warning: enumeration value ‘IOT_Module_Unknown’ not handled in switch [-Wswitch]
../src/GSIOTClient.cpp:5723:8: warning: enumeration value ‘IOT_Module_authority’ not handled in switch [-Wswitch]
../src/GSIOTClient.cpp:5723:8: warning: enumeration value ‘IOT_Module_record’ not handled in switch [-Wswitch]
../src/GSIOTClient.cpp:5723:8: warning: enumeration value ‘IOT_Module_system’ not handled in switch [-Wswitch]
../src/GSIOTClient.cpp:5723:8: warning: enumeration value ‘IOT_Module_manager’ not handled in switch [-Wswitch]
../src/GSIOTClient.cpp:5723:8: warning: enumeration value ‘IOT_Module_event’ not handled in switch [-Wswitch]
../src/GSIOTClient.cpp:5723:8: warning: enumeration value ‘IOT_Module_talk’ not handled in switch [-Wswitch]
../src/GSIOTClient.cpp:5723:8: warning: enumeration value ‘IOT_Module_reboot’ not handled in switch [-Wswitch]
../src/GSIOTClient.cpp:5723:8: warning: enumeration value ‘IOT_Module_acctl’ not handled in switch [-Wswitch]
../src/GSIOTClient.cpp:5723:8: warning: enumeration value ‘IOT_Module_all’ not handled in switch [-Wswitch]
../src/GSIOTClient.cpp: In member function ‘bool GSIOTClient::ModifyDevice_Ver(GSIOTDevice*, std::string)’:
../src/GSIOTClient.cpp:5784:8: warning: enumeration value ‘IOT_DEVICE_Unknown’ not handled in switch [-Wswitch]
  switch( iotdevice->getControl()->GetType() )
        ^
../src/GSIOTClient.cpp:5784:8: warning: enumeration value ‘IOT_DEVICE_Video’ not handled in switch [-Wswitch]
../src/GSIOTClient.cpp:5784:8: warning: enumeration value ‘IOT_DEVICE_Audio’ not handled in switch [-Wswitch]
../src/GSIOTClient.cpp:5784:8: warning: enumeration value ‘IOT_DEVICE_Switch’ not handled in switch [-Wswitch]
../src/GSIOTClient.cpp:5784:8: warning: enumeration value ‘IOT_DEVICE_Temperature’ not handled in switch [-Wswitch]
../src/GSIOTClient.cpp:5784:8: warning: enumeration value ‘IOT_DEVICE_Humidity’ not handled in switch [-Wswitch]
../src/GSIOTClient.cpp:5784:8: warning: enumeration value ‘IOT_DEVICE_Trigger’ not handled in switch [-Wswitch]
../src/GSIOTClient.cpp:5784:8: warning: enumeration value ‘IOT_DEVICE_Camera’ not handled in switch [-Wswitch]
../src/GSIOTClient.cpp:5784:8: warning: enumeration value ‘IOT_DEVICE_Remote’ not handled in switch [-Wswitch]
../src/GSIOTClient.cpp:5784:8: warning: enumeration value ‘IOT_DEVICE_RFDevice’ not handled in switch [-Wswitch]
../src/GSIOTClient.cpp:5784:8: warning: enumeration value ‘IOT_DEVICE_CANDevice’ not handled in switch [-Wswitch]
../src/GSIOTClient.cpp:5784:8: warning: enumeration value ‘IOT_DEVICE_Event’ not handled in switch [-Wswitch]
../src/GSIOTClient.cpp:5784:8: warning: enumeration value ‘IOT_DEVICE_Wind’ not handled in switch [-Wswitch]
../src/GSIOTClient.cpp:5784:8: warning: enumeration value ‘IOT_DEVICE_CO2’ not handled in switch [-Wswitch]
../src/GSIOTClient.cpp:5784:8: warning: enumeration value ‘IOT_DEVICE_HCHO’ not handled in switch [-Wswitch]
../src/GSIOTClient.cpp:5784:8: warning: enumeration value ‘IOT_DEVICE_PM25’ not handled in switch [-Wswitch]
../src/GSIOTClient.cpp:5784:8: warning: enumeration value ‘IOT_DEVICE_Custom’ not handled in switch [-Wswitch]
../src/GSIOTClient.cpp:5784:8: warning: enumeration value ‘IOTDevice_ExSpec_Begin_’ not handled in switch [-Wswitch]
../src/GSIOTClient.cpp:5784:8: warning: enumeration value ‘IOTDevice_AC_Ctl’ not handled in switch [-Wswitch]
../src/GSIOTClient.cpp:5784:8: warning: enumeration value ‘IOTDevice_AC_Door’ not handled in switch [-Wswitch]
../src/GSIOTClient.cpp:5784:8: warning: enumeration value ‘IOTDevice_Combo_Ctl’ not handled in switch [-Wswitch]
../src/GSIOTClient.cpp:5784:8: warning: enumeration value ‘IOTDevice_ExSpec_End_’ not handled in switch [-Wswitch]
../src/GSIOTClient.cpp:5784:8: warning: enumeration value ‘IOT_DEVICE_All’ not handled in switch [-Wswitch]
../src/GSIOTClient.cpp:5784:8: warning: enumeration value ‘IOT_Obj_SYS’ not handled in switch [-Wswitch]
../src/GSIOTClient.cpp:5784:8: warning: enumeration value ‘IOT_Obj_User’ not handled in switch [-Wswitch]
../src/GSIOTClient.cpp:5784:8: warning: enumeration value ‘IOT_Obj_CommLink’ not handled in switch [-Wswitch]
../src/GSIOTClient.cpp:5784:8: warning: enumeration value ‘IOT_VObj_scene’ not handled in switch [-Wswitch]
../src/GSIOTClient.cpp:5784:8: warning: enumeration value ‘IOT_VObj_union’ not handled in switch [-Wswitch]
../src/GSIOTClient.cpp:5784:8: warning: enumeration value ‘IOT_Module_Unknown’ not handled in switch [-Wswitch]
../src/GSIOTClient.cpp:5784:8: warning: enumeration value ‘IOT_Module_authority’ not handled in switch [-Wswitch]
../src/GSIOTClient.cpp:5784:8: warning: enumeration value ‘IOT_Module_record’ not handled in switch [-Wswitch]
../src/GSIOTClient.cpp:5784:8: warning: enumeration value ‘IOT_Module_system’ not handled in switch [-Wswitch]
../src/GSIOTClient.cpp:5784:8: warning: enumeration value ‘IOT_Module_manager’ not handled in switch [-Wswitch]
../src/GSIOTClient.cpp:5784:8: warning: enumeration value ‘IOT_Module_event’ not handled in switch [-Wswitch]
../src/GSIOTClient.cpp:5784:8: warning: enumeration value ‘IOT_Module_talk’ not handled in switch [-Wswitch]
../src/GSIOTClient.cpp:5784:8: warning: enumeration value ‘IOT_Module_reboot’ not handled in switch [-Wswitch]
../src/GSIOTClient.cpp:5784:8: warning: enumeration value ‘IOT_Module_acctl’ not handled in switch [-Wswitch]
../src/GSIOTClient.cpp:5784:8: warning: enumeration value ‘IOT_Module_all’ not handled in switch [-Wswitch]
../src/GSIOTClient.cpp: In static member function ‘static void GSIOTClient::Playback_DeleteDevOne(GSIOTDevice*)’:
../src/GSIOTClient.cpp:5930:9: warning: deleting object of polymorphic class type ‘GSIOTDevice’ which has non-virtual destructor might cause undefined behaviour [-Wdelete-non-virtual-dtor]
  delete device;
         ^
../src/GSIOTClient.cpp: In member function ‘bool GSIOTClient::Playback_IsLimit()’:
../src/GSIOTClient.cpp:5939:34: warning: comparison between signed and unsigned integer expressions [-Wsign-compare]
  if( m_lstPlaybackList.size() >= PlaybackChannelLimit )
                                  ^
../src/GSIOTClient.cpp: In function ‘int _System(const char*, char*, int)’:
../src/GSIOTClient.cpp:6428:12: warning: unused variable ‘p’ [-Wunused-variable]
     char * p = NULL;  
            ^
../src/GSIOTClient.cpp: In member function ‘bool GSIOTClient::Update_Check(std::string&, std::string&)’:
../src/GSIOTClient.cpp:6477:14: warning: deprecated conversion from string constant to ‘char*’ [-Wwrite-strings]
  char *cmd = "pwd";  
              ^
../src/GSIOTClient.cpp: In member function ‘bool GSIOTClient::DataProc()’:
../src/GSIOTClient.cpp:6802:13: warning: enumeration value ‘IOT_DEVICE_Unknown’ not handled in switch [-Wswitch]
       switch( address->GetType() )
             ^
../src/GSIOTClient.cpp:6802:13: warning: enumeration value ‘IOT_DEVICE_Video’ not handled in switch [-Wswitch]
../src/GSIOTClient.cpp:6802:13: warning: enumeration value ‘IOT_DEVICE_Audio’ not handled in switch [-Wswitch]
../src/GSIOTClient.cpp:6802:13: warning: enumeration value ‘IOT_DEVICE_Switch’ not handled in switch [-Wswitch]
../src/GSIOTClient.cpp:6802:13: warning: enumeration value ‘IOT_DEVICE_Trigger’ not handled in switch [-Wswitch]
../src/GSIOTClient.cpp:6802:13: warning: enumeration value ‘IOT_DEVICE_Camera’ not handled in switch [-Wswitch]
../src/GSIOTClient.cpp:6802:13: warning: enumeration value ‘IOT_DEVICE_Remote’ not handled in switch [-Wswitch]
../src/GSIOTClient.cpp:6802:13: warning: enumeration value ‘IOT_DEVICE_RFDevice’ not handled in switch [-Wswitch]
../src/GSIOTClient.cpp:6802:13: warning: enumeration value ‘IOT_DEVICE_CANDevice’ not handled in switch [-Wswitch]
../src/GSIOTClient.cpp:6802:13: warning: enumeration value ‘IOT_DEVICE_Event’ not handled in switch [-Wswitch]
../src/GSIOTClient.cpp:6802:13: warning: enumeration value ‘IOT_DEVICE_RS485’ not handled in switch [-Wswitch]
../src/GSIOTClient.cpp:6802:13: warning: enumeration value ‘IOT_DEVICE_PM25’ not handled in switch [-Wswitch]
../src/GSIOTClient.cpp:6802:13: warning: enumeration value ‘IOT_DEVICE_Custom’ not handled in switch [-Wswitch]
../src/GSIOTClient.cpp:6802:13: warning: enumeration value ‘IOTDevice_ExSpec_Begin_’ not handled in switch [-Wswitch]
../src/GSIOTClient.cpp:6802:13: warning: enumeration value ‘IOTDevice_AC_Ctl’ not handled in switch [-Wswitch]
../src/GSIOTClient.cpp:6802:13: warning: enumeration value ‘IOTDevice_AC_Door’ not handled in switch [-Wswitch]
../src/GSIOTClient.cpp:6802:13: warning: enumeration value ‘IOTDevice_Combo_Ctl’ not handled in switch [-Wswitch]
../src/GSIOTClient.cpp:6802:13: warning: enumeration value ‘IOTDevice_ExSpec_End_’ not handled in switch [-Wswitch]
../src/GSIOTClient.cpp:6802:13: warning: enumeration value ‘IOT_DEVICE_All’ not handled in switch [-Wswitch]
../src/GSIOTClient.cpp:6802:13: warning: enumeration value ‘IOT_Obj_SYS’ not handled in switch [-Wswitch]
../src/GSIOTClient.cpp:6802:13: warning: enumeration value ‘IOT_Obj_User’ not handled in switch [-Wswitch]
../src/GSIOTClient.cpp:6802:13: warning: enumeration value ‘IOT_Obj_CommLink’ not handled in switch [-Wswitch]
../src/GSIOTClient.cpp:6802:13: warning: enumeration value ‘IOT_VObj_scene’ not handled in switch [-Wswitch]
../src/GSIOTClient.cpp:6802:13: warning: enumeration value ‘IOT_VObj_union’ not handled in switch [-Wswitch]
../src/GSIOTClient.cpp:6802:13: warning: enumeration value ‘IOT_Module_Unknown’ not handled in switch [-Wswitch]
../src/GSIOTClient.cpp:6802:13: warning: enumeration value ‘IOT_Module_authority’ not handled in switch [-Wswitch]
../src/GSIOTClient.cpp:6802:13: warning: enumeration value ‘IOT_Module_record’ not handled in switch [-Wswitch]
../src/GSIOTClient.cpp:6802:13: warning: enumeration value ‘IOT_Module_system’ not handled in switch [-Wswitch]
../src/GSIOTClient.cpp:6802:13: warning: enumeration value ‘IOT_Module_manager’ not handled in switch [-Wswitch]
../src/GSIOTClient.cpp:6802:13: warning: enumeration value ‘IOT_Module_event’ not handled in switch [-Wswitch]
../src/GSIOTClient.cpp:6802:13: warning: enumeration value ‘IOT_Module_talk’ not handled in switch [-Wswitch]
../src/GSIOTClient.cpp:6802:13: warning: enumeration value ‘IOT_Module_reboot’ not handled in switch [-Wswitch]
../src/GSIOTClient.cpp:6802:13: warning: enumeration value ‘IOT_Module_acctl’ not handled in switch [-Wswitch]
../src/GSIOTClient.cpp:6802:13: warning: enumeration value ‘IOT_Module_all’ not handled in switch [-Wswitch]
../src/GSIOTClient.cpp:6728:9: warning: enumeration value ‘IOT_DEVICE_Unknown’ not handled in switch [-Wswitch]
   switch( control->GetType() )
         ^
../src/GSIOTClient.cpp:6728:9: warning: enumeration value ‘IOT_DEVICE_Video’ not handled in switch [-Wswitch]
../src/GSIOTClient.cpp:6728:9: warning: enumeration value ‘IOT_DEVICE_Audio’ not handled in switch [-Wswitch]
../src/GSIOTClient.cpp:6728:9: warning: enumeration value ‘IOT_DEVICE_Switch’ not handled in switch [-Wswitch]
../src/GSIOTClient.cpp:6728:9: warning: enumeration value ‘IOT_DEVICE_Temperature’ not handled in switch [-Wswitch]
../src/GSIOTClient.cpp:6728:9: warning: enumeration value ‘IOT_DEVICE_Humidity’ not handled in switch [-Wswitch]
../src/GSIOTClient.cpp:6728:9: warning: enumeration value ‘IOT_DEVICE_Trigger’ not handled in switch [-Wswitch]
../src/GSIOTClient.cpp:6728:9: warning: enumeration value ‘IOT_DEVICE_Camera’ not handled in switch [-Wswitch]
../src/GSIOTClient.cpp:6728:9: warning: enumeration value ‘IOT_DEVICE_Remote’ not handled in switch [-Wswitch]
../src/GSIOTClient.cpp:6728:9: warning: enumeration value ‘IOT_DEVICE_RFDevice’ not handled in switch [-Wswitch]
../src/GSIOTClient.cpp:6728:9: warning: enumeration value ‘IOT_DEVICE_CANDevice’ not handled in switch [-Wswitch]
../src/GSIOTClient.cpp:6728:9: warning: enumeration value ‘IOT_DEVICE_Event’ not handled in switch [-Wswitch]
../src/GSIOTClient.cpp:6728:9: warning: enumeration value ‘IOT_DEVICE_Wind’ not handled in switch [-Wswitch]
../src/GSIOTClient.cpp:6728:9: warning: enumeration value ‘IOT_DEVICE_CO2’ not handled in switch [-Wswitch]
../src/GSIOTClient.cpp:6728:9: warning: enumeration value ‘IOT_DEVICE_HCHO’ not handled in switch [-Wswitch]
../src/GSIOTClient.cpp:6728:9: warning: enumeration value ‘IOT_DEVICE_PM25’ not handled in switch [-Wswitch]
../src/GSIOTClient.cpp:6728:9: warning: enumeration value ‘IOT_DEVICE_Custom’ not handled in switch [-Wswitch]
../src/GSIOTClient.cpp:6728:9: warning: enumeration value ‘IOTDevice_ExSpec_Begin_’ not handled in switch [-Wswitch]
../src/GSIOTClient.cpp:6728:9: warning: enumeration value ‘IOTDevice_AC_Ctl’ not handled in switch [-Wswitch]
../src/GSIOTClient.cpp:6728:9: warning: enumeration value ‘IOTDevice_AC_Door’ not handled in switch [-Wswitch]
../src/GSIOTClient.cpp:6728:9: warning: enumeration value ‘IOTDevice_Combo_Ctl’ not handled in switch [-Wswitch]
../src/GSIOTClient.cpp:6728:9: warning: enumeration value ‘IOTDevice_ExSpec_End_’ not handled in switch [-Wswitch]
../src/GSIOTClient.cpp:6728:9: warning: enumeration value ‘IOT_DEVICE_All’ not handled in switch [-Wswitch]
../src/GSIOTClient.cpp:6728:9: warning: enumeration value ‘IOT_Obj_SYS’ not handled in switch [-Wswitch]
../src/GSIOTClient.cpp:6728:9: warning: enumeration value ‘IOT_Obj_User’ not handled in switch [-Wswitch]
../src/GSIOTClient.cpp:6728:9: warning: enumeration value ‘IOT_Obj_CommLink’ not handled in switch [-Wswitch]
../src/GSIOTClient.cpp:6728:9: warning: enumeration value ‘IOT_VObj_scene’ not handled in switch [-Wswitch]
../src/GSIOTClient.cpp:6728:9: warning: enumeration value ‘IOT_VObj_union’ not handled in switch [-Wswitch]
../src/GSIOTClient.cpp:6728:9: warning: enumeration value ‘IOT_Module_Unknown’ not handled in switch [-Wswitch]
../src/GSIOTClient.cpp:6728:9: warning: enumeration value ‘IOT_Module_authority’ not handled in switch [-Wswitch]
../src/GSIOTClient.cpp:6728:9: warning: enumeration value ‘IOT_Module_record’ not handled in switch [-Wswitch]
../src/GSIOTClient.cpp:6728:9: warning: enumeration value ‘IOT_Module_system’ not handled in switch [-Wswitch]
../src/GSIOTClient.cpp:6728:9: warning: enumeration value ‘IOT_Module_manager’ not handled in switch [-Wswitch]
../src/GSIOTClient.cpp:6728:9: warning: enumeration value ‘IOT_Module_event’ not handled in switch [-Wswitch]
../src/GSIOTClient.cpp:6728:9: warning: enumeration value ‘IOT_Module_talk’ not handled in switch [-Wswitch]
../src/GSIOTClient.cpp:6728:9: warning: enumeration value ‘IOT_Module_reboot’ not handled in switch [-Wswitch]
../src/GSIOTClient.cpp:6728:9: warning: enumeration value ‘IOT_Module_acctl’ not handled in switch [-Wswitch]
../src/GSIOTClient.cpp:6728:9: warning: enumeration value ‘IOT_Module_all’ not handled in switch [-Wswitch]
../src/GSIOTClient.cpp:6705:12: warning: unused variable ‘LED_Mod’ [-Wunused-variable]
  const int LED_Mod = RUNCODE_Get( defCodeIndex_LED_Config, defRunCodeValIndex_2 );
            ^
../src/GSIOTClient.cpp:6706:17: warning: unused variable ‘LED_ValueOvertime’ [-Wunused-variable]
  const uint32_t LED_ValueOvertime = RUNCODE_Get( defCodeIndex_LED_ValueOvertime );
                 ^
../src/GSIOTClient.cpp:6707:13: warning: unused variable ‘LED_ValueOvertime_Show’ [-Wunused-variable]
  const bool LED_ValueOvertime_Show = RUNCODE_Get( defCodeIndex_LED_ValueOvertime, defRunCodeValIndex_2 );
             ^
../src/GSIOTClient.cpp:6708:7: warning: unused variable ‘hasUpdateLedShow’ [-Wunused-variable]
  bool hasUpdateLedShow = false;
       ^
../src/GSIOTClient.cpp:6709:6: warning: unused variable ‘LedShowMaxCount’ [-Wunused-variable]
  int LedShowMaxCount = 0;
      ^
../src/GSIOTClient.cpp: In member function ‘bool GSIOTClient::AlarmProc()’:
../src/GSIOTClient.cpp:6965:14: warning: unused variable ‘dwStart’ [-Wunused-variable]
  const DWORD dwStart = ::timeGetTime();
              ^
../src/GSIOTClient.cpp: In member function ‘std::string GSIOTClient::GetSimpleInfo_ForSupportAlarm(const GSIOTDevice*)’:
../src/GSIOTClient.cpp:7491:100: warning: comparison between signed and unsigned integer expressions [-Wsign-compare]
     if( (*it)->GetDeviceType() == iotdevice->getType() && (*it)->GetDeviceID() == iotdevice->getId() )
                                                                                                    ^
../src/GSIOTClient.cpp:7498:12: warning: enumeration value ‘Unknown_Event’ not handled in switch [-Wswitch]
      switch( (*it)->GetType() )
            ^
In file included from ../src/IPCamConnection.h:7:0,
                 from ../src/GSIOTClient.h:8,
                 from ../src/GSIOTClient.cpp:4:
../src/IPCameraBase.h: At global scope:
../src/IPCameraBase.h:114:20: warning: ‘s_name_defFixTSMod’ defined but not used [-Wunused-variable]
 static const char* s_name_defFixTSMod[] =
                    ^
Finished building: ../src/GSIOTClient.cpp
 
Building target: gsarm
Invoking: GCC C++ Linker
g++ -L/usr/local/lib -L/usr/lib -o "gsarm"  ./src/APlayer.o ./src/AddressManager.o ./src/AudioCap.o ./src/AudioCapBase.o ./src/AudioCap_AAC.o ./src/AudioCap_File.o ./src/AudioCap_G711.o ./src/AudioCfg.o ./src/Audio_WAV2AAC.o ./src/AutoCallEvent.o ./src/AutoControlEvent.o ./src/AutoEventthing.o ./src/AutoNoticeEvent.o ./src/AutoSendSMSEvent.o ./src/CANDeviceControl.o ./src/CameraControl.o ./src/CameraFocal.o ./src/CameraPTZ.o ./src/Column.o ./src/CommLink.o ./src/CommLinkManager.o ./src/ControlEvent.o ./src/ControlMessage.o ./src/DBUpdate.o ./src/DataStoreMgr.o ./src/Database.o ./src/DeviceAddress.o ./src/DeviceConnection.o ./src/DeviceManager.o ./src/EditAttrMgr.o ./src/GSIOTClient.o ./src/GSIOTConfig.o ./src/GSIOTControl.o ./src/GSIOTDevice.o ./src/GSIOTDeviceInfo.o ./src/GSIOTEvent.o ./src/GSIOTHeartbeat.o ./src/GSIOTInfo.o ./src/GSIOTUser.o ./src/GSIOTUserMgr.o ./src/GSRemoteTalkMgr.o ./src/GsCamera.o ./src/H264MediaFile.o ./src/H264NalReader.o ./src/HeartbeatMon.o ./src/HttpRequest.o ./src/IGSMessageHandler.o ./src/IPCamConnection.o ./src/IPCameraBase.o ./src/IPCameraManager.o ./src/MediaControl.o ./src/MediaStream.o ./src/ModbusProc.o ./src/NetBaseClient.o ./src/NetMan.o ./src/NetModule.o ./src/NetTcpClient.o ./src/NetUdpClient.o ./src/PresetManager.o ./src/RFDevice.o ./src/RFDeviceControl.o ./src/RFRemoteControl.o ./src/RFSignalDefine.o ./src/RS485DevControl.o ./src/RTMPSend.o ./src/RTMPSession.o ./src/RTSPConnection.o ./src/RTSPManager.o ./src/RemoteButtonClass.o ./src/RemoteButtonManager.o ./src/RunCode.o ./src/SQLiteHelper.o ./src/SerialDataBuffer.o ./src/SerialMessage.o ./src/Statement.o ./src/TimerManager.o ./src/Transaction.o ./src/TriggerControl.o ./src/VObjClass.o ./src/XmppGSAuth.o ./src/XmppGSChange.o ./src/XmppGSEvent.o ./src/XmppGSManager.o ./src/XmppGSMessage.o ./src/XmppGSPlayback.o ./src/XmppGSPreset.o ./src/XmppGSRelation.o ./src/XmppGSReport.o ./src/XmppGSResult.o ./src/XmppGSState.o ./src/XmppGSTalk.o ./src/XmppGSUpdate.o ./src/XmppGSVObj.o ./src/XmppRegister.o ./src/common.o ./src/gsarm.o ./src/rs232.o   -lavformat -lrtmp -lavcodec -lavutil -lswresample -lsqlite3 -lpthread -lgloox -lz
Finished building target: gsarm
 

16:24:07 Build Finished (took 9s.880ms)

